

2024-08-24 21:17:07.759039
21:17:072024-08-24 21:17:07,804 - __main__ - DEBUG - [envy.py:57] - choosing role
2024-08-24 21:17:07,814 - __main__ - DEBUG - [client.py:39] - health checking server
2024-08-24 21:17:07,817 - __main__ - DEBUG - [envy.py:65] - server health check status: True
2024-08-24 21:17:07,818 - __main__ - DEBUG - [envy.py:68] - I am a Client
2024-08-24 21:17:07,818 - __main__ - INFO - [envy.py:127] - Started Envy
2024-08-24 21:17:07,818 - __main__ - DEBUG - [envy.py:148] - envy.connect: Purpose is client
2024-08-24 21:17:07,818 - __main__ - DEBUG - [envy_utils.py:94] - getting server IP
2024-08-24 21:17:07,818 - __main__ - DEBUG - [envy_utils.py:106] - server file found
2024-08-24 21:17:07,820 - __main__ - DEBUG - [envy_utils.py:110] - server ip address is: 10.1.16.36
2024-08-24 21:17:07,820 - __main__ - DEBUG - [client.py:53] - attempting to connect with server at ws://10.1.16.36:37020/client
2024-08-24 21:17:07,821 - __main__ - DEBUG - [client.py:134] - networkUtils.client started
2024-08-24 21:17:07,821 - __main__ - INFO - [client.py:146] - Client: Connected
2024-08-24 21:17:07,821 - __main__ - DEBUG - [client.py:158] - connected to: 10.1.16.36
2024-08-24 21:17:07,876 - __main__ - DEBUG - [client.py:116] - sending message to server: (send_status_to_server())
2024-08-24 21:17:07,901 - __main__ - INFO - [client.py:163] - received message from: server -> (fill_buffer(self, 'server_name', 'lab5-15', ))
2024-08-24 21:17:08,325 - __main__ - DEBUG - [envy.py:256] - executing: await NV.fill_buffer(self, 'server_name', 'lab5-15', )
2024-08-24 21:17:09,748 - __main__ - INFO - [client.py:163] - received message from: server -> (Job: volumes_007_001 Allocation: (8, 3145199041, '[1583, 1584, 1585, 1586, 1587, 1588, 1589, 1590, 1591, 1592, 1593, 1594, 1595, 1596, 1597, 1598, 1599, 1600, 1601, 1602, 1603, 1604, 1605, 1606, 1607, 1608, 1609, 1610, 1611, 1612, 1613, 1614, 1615, 1616, 1617, 1618, 1619, 1620, 1621, 1622, 1623, 1624, 1625, 1626, 1627, 1628, 1629, 1630, 1631, 1632, 1633, 1634, 1635, 1636, 1637, 1638, 1639, 1640, 1641, 1642, 1643, 1644, 1645, 1646, 1647, 1648, 1649, 1650, 1651, 1652, 1653, 1654, 1655, 1656, 1657, 1658, 1659, 1660, 1661, 1662, 1663, 1664, 1665, 1666, 1667, 1668, 1669, 1670, 1671, 1672, 1673, 1674, 1675, 1676, 1677, 1678, 1679, 1680, 1681, 1682, 1683, 1684, 1685, 1686, 1687, 1688, 1689, 1690, 1691, 1692, 1693, 1694, 1695, 1696, 1697, 1698, 1699, 1700, 1701, 1702, 1703, 1704, 1705, 1706, 1707, 1708, 1709, 1710, 1711, 1712, 1713, 1714, 1715, 1716, 1717, 1718, 1719, 1720, 1721, 1722, 1723, 1724, 1725, 1726, 1727, 1728, 1729, 1730, 1731, 1732, 1733, 1734, 1735, 1736, 1737, 1738, 1739, 1740, 1741, 1742, 1743, 1744, 1745, 1746, 1747, 1748, 1749, 1750, 1751, 1752, 1753, 1754, 1755, 1756, 1757, 1758, 1759, 1760, 1761, 1762, 1763, 1764, 1765, 1766, 1767, 1768, 1769, 1770, 1771, 1772, 1773, 1774, 1775, 1776, 1777, 1778, 1779, 1780, 1781, 1782, 1783, 1784, 1785, 1786, 1787, 1788, 1789, 1790, 1791, 1792, 1793, 1794, 1795, 1796, 1797, 1798, 1799, 1800, 1801, 1802, 1803, 1804, 1805, 1806, 1807, 1808]', 'lab3-08', 'inprogress'))
2024-08-24 21:17:09,853 - __main__ - DEBUG - [envy.py:256] - executing: await NV.PLUGIN_eHoudini(self, '{"Allocation_Id": 8, "Purpose": "simulation", "Tasks": {"1583": 1075, "1584": 1076, "1585": 1077, "1586": 1078, "1587": 1079, "1588": 1080, "1589": 1081, "1590": 1082, "1591": 1083, "1592": 1084, "1593": 1085, "1594": 1086, "1595": 1087, "1596": 1088, "1597": 1089, "1598": 1090, "1599": 1091, "1600": 1092, "1601": 1093, "1602": 1094, "1603": 1095, "1604": 1096, "1605": 1097, "1606": 1098, "1607": 1099, "1608": 1100, "1609": 1101, "1610": 1102, "1611": 1103, "1612": 1104, "1613": 1105, "1614": 1106, "1615": 1107, "1616": 1108, "1617": 1109, "1618": 1110, "1619": 1111, "1620": 1112, "1621": 1113, "1622": 1114, "1623": 1115, "1624": 1116, "1625": 1117, "1626": 1118, "1627": 1119, "1628": 1120, "1629": 1121, "1630": 1122, "1631": 1123, "1632": 1124, "1633": 1125, "1634": 1126, "1635": 1127, "1636": 1128, "1637": 1129, "1638": 1130, "1639": 1131, "1640": 1132, "1641": 1133, "1642": 1134, "1643": 1135, "1644": 1136, "1645": 1137, "1646": 1138, "1647": 1139, "1648": 1140, "1649": 1141, "1650": 1142, "1651": 1143, "1652": 1144, "1653": 1145, "1654": 1146, "1655": 1147, "1656": 1148, "1657": 1149, "1658": 1150, "1659": 1151, "1660": 1152, "1661": 1153, "1662": 1154, "1663": 1155, "1664": 1156, "1665": 1157, "1666": 1158, "1667": 1159, "1668": 1160, "1669": 1161, "1670": 1162, "1671": 1163, "1672": 1164, "1673": 1165, "1674": 1166, "1675": 1167, "1676": 1168, "1677": 1169, "1678": 1170, "1679": 1171, "1680": 1172, "1681": 1173, "1682": 1174, "1683": 1175, "1684": 1176, "1685": 1177, "1686": 1178, "1687": 1179, "1688": 1180, "1689": 1181, "1690": 1182, "1691": 1183, "1692": 1184, "1693": 1185, "1694": 1186, "1695": 1187, "1696": 1188, "1697": 1189, "1698": 1190, "1699": 1191, "1700": 1192, "1701": 1193, "1702": 1194, "1703": 1195, "1704": 1196, "1705": 1197, "1706": 1198, "1707": 1199, "1708": 1200, "1709": 1201, "1710": 1202, "1711": 1203, "1712": 1204, "1713": 1205, "1714": 1206, "1715": 1207, "1716": 1208, "1717": 1209, "1718": 1210, "1719": 1211, "1720": 1212, "1721": 1213, "1722": 1214, "1723": 1215, "1724": 1216, "1725": 1217, "1726": 1218, "1727": 1219, "1728": 1220, "1729": 1221, "1730": 1222, "1731": 1223, "1732": 1224, "1733": 1225, "1734": 1226, "1735": 1227, "1736": 1228, "1737": 1229, "1738": 1230, "1739": 1231, "1740": 1232, "1741": 1233, "1742": 1234, "1743": 1235, "1744": 1236, "1745": 1237, "1746": 1238, "1747": 1239, "1748": 1240, "1749": 1241, "1750": 1242, "1751": 1243, "1752": 1244, "1753": 1245, "1754": 1246, "1755": 1247, "1756": 1248, "1757": 1249, "1758": 1250, "1759": 1251, "1760": 1252, "1761": 1253, "1762": 1254, "1763": 1255, "1764": 1256, "1765": 1257, "1766": 1258, "1767": 1259, "1768": 1260, "1769": 1261, "1770": 1262, "1771": 1263, "1772": 1264, "1773": 1265, "1774": 1266, "1775": 1267, "1776": 1268, "1777": 1269, "1778": 1270, "1779": 1271, "1780": 1272, "1781": 1273, "1782": 1274, "1783": 1275, "1784": 1276, "1785": 1277, "1786": 1278, "1787": 1279, "1788": 1280, "1789": 1281, "1790": 1282, "1791": 1283, "1792": 1284, "1793": 1285, "1794": 1286, "1795": 1287, "1796": 1288, "1797": 1289, "1798": 1290, "1799": 1291, "1800": 1292, "1801": 1293, "1802": 1294, "1803": 1295, "1804": 1296, "1805": 1297, "1806": 1298, "1807": 1299, "1808": 1300}, "Environment": {"Start_Frame": {"/obj/heroBuildingFractured/volumes_007/f1": 1075}, "End_Frame": {"/obj/heroBuildingFractured/volumes_007/f2": 1300}, "Substeps": {"/obj/heroBuildingFractured/volumes_007/substeps": 1.0}, "Version": {"/obj/heroBuildingFractured/volumes_007/NVversion": 1.0}, "Target_Button": "/obj/heroBuildingFractured/volumes_007/execute", "HIP": "//veloxsrv/studentExtend/nathanV/__BuildingSlice__/buildingSlice_V16.hipnc", "JOB": "//veloxsrv/studentExtend/nathanV/__BuildingSlice__", "Job_Type": "resumable_simulation", "Dopnet_Initial_State_Parm": "/obj/heroBuildingFractured/pyrosolver1/dopnet1/initialstate", "Dopnet_Start_Frame_Parm": "/obj/heroBuildingFractured/pyrosolver1/dopnet1/startframe", "Checkpoint_File_Path": ["/obj/heroBuildingFractured/pyrosolver1/dopnet1/explicitcachename", "//veloxsrv/studentExtend/nathanV/__BuildingSlice__/checkpoint/dopnet1/$HIPNAME.$OS.$JOBID.$STARTFRAMETOKEN.$SF4.sim"], "Checkpoint_Trail_Length": ["/obj/heroBuildingFractured/pyrosolver1/dopnet1/explicitcachensteps", 1], "Checkpoint_Interval": ["/obj/heroBuildingFractured/pyrosolver1/dopnet1/explicitcachecheckpointspacing", 20], "$OS": "dopnet1", "Job_Id": 3145199041}, "Parameters": {"/obj/heroBuildingFractured/pointwrangle28/selection": 7.0, "/obj/heroBuildingFractured/pyrosolver1/timescale": 0.5}}', )
2024-08-24 21:17:09,878 - __main__ - INFO - [Envy_Functions.py:172] - eHoudini: Started
2024-08-24 21:17:09,878 - __main__ - DEBUG - [plugin.py:33] - Allocation Data String: {"Allocation_Id": 8, "Purpose": "simulation", "Tasks": {"1583": 1075, "1584": 1076, "1585": 1077, "1586": 1078, "1587": 1079, "1588": 1080, "1589": 1081, "1590": 1082, "1591": 1083, "1592": 1084, "1593": 1085, "1594": 1086, "1595": 1087, "1596": 1088, "1597": 1089, "1598": 1090, "1599": 1091, "1600": 1092, "1601": 1093, "1602": 1094, "1603": 1095, "1604": 1096, "1605": 1097, "1606": 1098, "1607": 1099, "1608": 1100, "1609": 1101, "1610": 1102, "1611": 1103, "1612": 1104, "1613": 1105, "1614": 1106, "1615": 1107, "1616": 1108, "1617": 1109, "1618": 1110, "1619": 1111, "1620": 1112, "1621": 1113, "1622": 1114, "1623": 1115, "1624": 1116, "1625": 1117, "1626": 1118, "1627": 1119, "1628": 1120, "1629": 1121, "1630": 1122, "1631": 1123, "1632": 1124, "1633": 1125, "1634": 1126, "1635": 1127, "1636": 1128, "1637": 1129, "1638": 1130, "1639": 1131, "1640": 1132, "1641": 1133, "1642": 1134, "1643": 1135, "1644": 1136, "1645": 1137, "1646": 1138, "1647": 1139, "1648": 1140, "1649": 1141, "1650": 1142, "1651": 1143, "1652": 1144, "1653": 1145, "1654": 1146, "1655": 1147, "1656": 1148, "1657": 1149, "1658": 1150, "1659": 1151, "1660": 1152, "1661": 1153, "1662": 1154, "1663": 1155, "1664": 1156, "1665": 1157, "1666": 1158, "1667": 1159, "1668": 1160, "1669": 1161, "1670": 1162, "1671": 1163, "1672": 1164, "1673": 1165, "1674": 1166, "1675": 1167, "1676": 1168, "1677": 1169, "1678": 1170, "1679": 1171, "1680": 1172, "1681": 1173, "1682": 1174, "1683": 1175, "1684": 1176, "1685": 1177, "1686": 1178, "1687": 1179, "1688": 1180, "1689": 1181, "1690": 1182, "1691": 1183, "1692": 1184, "1693": 1185, "1694": 1186, "1695": 1187, "1696": 1188, "1697": 1189, "1698": 1190, "1699": 1191, "1700": 1192, "1701": 1193, "1702": 1194, "1703": 1195, "1704": 1196, "1705": 1197, "1706": 1198, "1707": 1199, "1708": 1200, "1709": 1201, "1710": 1202, "1711": 1203, "1712": 1204, "1713": 1205, "1714": 1206, "1715": 1207, "1716": 1208, "1717": 1209, "1718": 1210, "1719": 1211, "1720": 1212, "1721": 1213, "1722": 1214, "1723": 1215, "1724": 1216, "1725": 1217, "1726": 1218, "1727": 1219, "1728": 1220, "1729": 1221, "1730": 1222, "1731": 1223, "1732": 1224, "1733": 1225, "1734": 1226, "1735": 1227, "1736": 1228, "1737": 1229, "1738": 1230, "1739": 1231, "1740": 1232, "1741": 1233, "1742": 1234, "1743": 1235, "1744": 1236, "1745": 1237, "1746": 1238, "1747": 1239, "1748": 1240, "1749": 1241, "1750": 1242, "1751": 1243, "1752": 1244, "1753": 1245, "1754": 1246, "1755": 1247, "1756": 1248, "1757": 1249, "1758": 1250, "1759": 1251, "1760": 1252, "1761": 1253, "1762": 1254, "1763": 1255, "1764": 1256, "1765": 1257, "1766": 1258, "1767": 1259, "1768": 1260, "1769": 1261, "1770": 1262, "1771": 1263, "1772": 1264, "1773": 1265, "1774": 1266, "1775": 1267, "1776": 1268, "1777": 1269, "1778": 1270, "1779": 1271, "1780": 1272, "1781": 1273, "1782": 1274, "1783": 1275, "1784": 1276, "1785": 1277, "1786": 1278, "1787": 1279, "1788": 1280, "1789": 1281, "1790": 1282, "1791": 1283, "1792": 1284, "1793": 1285, "1794": 1286, "1795": 1287, "1796": 1288, "1797": 1289, "1798": 1290, "1799": 1291, "1800": 1292, "1801": 1293, "1802": 1294, "1803": 1295, "1804": 1296, "1805": 1297, "1806": 1298, "1807": 1299, "1808": 1300}, "Environment": {"Start_Frame": {"/obj/heroBuildingFractured/volumes_007/f1": 1075}, "End_Frame": {"/obj/heroBuildingFractured/volumes_007/f2": 1300}, "Substeps": {"/obj/heroBuildingFractured/volumes_007/substeps": 1.0}, "Version": {"/obj/heroBuildingFractured/volumes_007/NVversion": 1.0}, "Target_Button": "/obj/heroBuildingFractured/volumes_007/execute", "HIP": "//veloxsrv/studentExtend/nathanV/__BuildingSlice__/buildingSlice_V16.hipnc", "JOB": "//veloxsrv/studentExtend/nathanV/__BuildingSlice__", "Job_Type": "resumable_simulation", "Dopnet_Initial_State_Parm": "/obj/heroBuildingFractured/pyrosolver1/dopnet1/initialstate", "Dopnet_Start_Frame_Parm": "/obj/heroBuildingFractured/pyrosolver1/dopnet1/startframe", "Checkpoint_File_Path": ["/obj/heroBuildingFractured/pyrosolver1/dopnet1/explicitcachename", "//veloxsrv/studentExtend/nathanV/__BuildingSlice__/checkpoint/dopnet1/$HIPNAME.$OS.$JOBID.$STARTFRAMETOKEN.$SF4.sim"], "Checkpoint_Trail_Length": ["/obj/heroBuildingFractured/pyrosolver1/dopnet1/explicitcachensteps", 1], "Checkpoint_Interval": ["/obj/heroBuildingFractured/pyrosolver1/dopnet1/explicitcachecheckpointspacing", 20], "$OS": "dopnet1", "Job_Id": 3145199041}, "Parameters": {"/obj/heroBuildingFractured/pointwrangle28/selection": 7.0, "/obj/heroBuildingFractured/pyrosolver1/timescale": 0.5}}
2024-08-24 21:17:09,879 - __main__ - DEBUG - [plugin.py:107] - eHoudini: starting resumable simulation process
2024-08-24 21:17:09,892 - __main__ - INFO - [plugin.py:76] - eHoudini: Started hython_process
2024-08-24 21:17:09,892 - __main__ - INFO - [plugin.py:145] - eHoudini: Monitoring output
2024-08-24 21:17:09,893 - __main__ - INFO - [plugin.py:151] - eHoudini: Monitoring error
2024-08-24 21:17:09,964 - __main__ - DEBUG - [client.py:116] - sending message to server: (send_status_to_server())
2024-08-24 21:17:14,765 - __main__ - DEBUG - [plugin.py:159] - eHoudini: 00:00:00   246MB         | log started Sat Aug 24 21:17:14 2024
2024-08-24 21:17:14,766 - __main__ - DEBUG - [plugin.py:159] - eHoudini: 00:00:00   246MB         | Arnold 7.3.1.1 [25d993ed] windows x86_64 clang-15.0.7 oiio-2.4.1 osl-1.13.0 vdb-7.1.1 adlsdk-8.0.7.50 clmhub-3.1.1.43 rlm-14.2.5 optix-8.0.0 2024/04/22 19:04:10
2024-08-24 21:17:14,766 - __main__ - DEBUG - [plugin.py:159] - eHoudini: 00:00:00   246MB         | running on lab3-08, pid=14244
2024-08-24 21:17:14,766 - __main__ - DEBUG - [plugin.py:159] - eHoudini: 00:00:00   246MB         |  1 x AMD Ryzen Threadripper PRO 5945WX 12-Cores  (12 cores, 24 logical) with 130924MB
2024-08-24 21:17:14,767 - __main__ - DEBUG - [plugin.py:159] - eHoudini: 00:00:00   246MB         |  NVIDIA driver version 552.22
2024-08-24 21:17:14,767 - __main__ - DEBUG - [plugin.py:159] - eHoudini: 00:00:00   246MB         |  GPU 0: NVIDIA RTX A4000 @ 1560MHz (compute 8.6) with 16375MB (15901MB available) (NVLink:0)
2024-08-24 21:17:14,767 - __main__ - DEBUG - [plugin.py:159] - eHoudini: 00:00:00   246MB         |  Windows 10 (version 10.0, build 19045)
2024-08-24 21:17:14,767 - __main__ - DEBUG - [plugin.py:159] - eHoudini: 00:00:00   246MB         |  soft limit for open files changed from 8192 to 2048
2024-08-24 21:17:14,768 - __main__ - DEBUG - [plugin.py:159] - eHoudini: 00:00:00   246MB         |
2024-08-24 21:17:14,784 - __main__ - DEBUG - [plugin.py:159] - eHoudini: 00:00:00   261MB         | loading plugins from C:\solidangle\htoa\htoa-6.3.1.1_r6f505f8_houdini-20.0.653\htoa-6.3.1.1_r6f505f8_houdini-20.0.653\scripts\bin\..\plugins ...
2024-08-24 21:17:14,798 - __main__ - DEBUG - [plugin.py:159] - eHoudini: 00:00:00   261MB         |  alembic_proc.dll: alembic uses Arnold 7.3.1.1
2024-08-24 21:17:14,810 - __main__ - DEBUG - [plugin.py:159] - eHoudini: 00:00:00   261MB         |  cryptomatte.dll: cryptomatte uses Arnold 7.3.1.1
2024-08-24 21:17:14,810 - __main__ - DEBUG - [plugin.py:159] - eHoudini: 00:00:00   262MB         |  cryptomatte.dll: cryptomatte_filter uses Arnold 7.3.1.1
2024-08-24 21:17:14,810 - __main__ - DEBUG - [plugin.py:159] - eHoudini: 00:00:00   262MB         |  cryptomatte.dll: cryptomatte_manifest_driver uses Arnold 7.3.1.1
2024-08-24 21:17:14,820 - __main__ - DEBUG - [plugin.py:159] - eHoudini: 00:00:00   262MB         |  htoa_mandelbulb_proc.dll: mandelbulb uses Arnold 7.3.1.1
2024-08-24 21:17:15,106 - __main__ - DEBUG - [plugin.py:159] - eHoudini: 00:00:00   279MB         |  usd_proc.dll: usd uses Arnold 7.3.1.1
2024-08-24 21:17:15,115 - __main__ - DEBUG - [plugin.py:159] - eHoudini: 00:00:00   279MB         | loaded 6 plugins from 4 lib(s) in 0:00.33
2024-08-24 21:17:15,117 - __main__ - DEBUG - [plugin.py:159] - eHoudini: 00:00:00   288MB         | [htoa_op] Begin registration ...
2024-08-24 21:17:15,119 - __main__ - DEBUG - [plugin.py:159] - eHoudini: 00:00:00   290MB         | [obj_procedurals] Registering procedurals ...
2024-08-24 21:17:15,120 - __main__ - DEBUG - [plugin.py:159] - eHoudini: 00:00:00   282MB         | [obj_procedurals] procedural registration done.
2024-08-24 21:17:16,458 - __main__ - DEBUG - [plugin.py:159] - eHoudini: 00:00:01   312MB         | [rop_operators] Registering operators ...
2024-08-24 21:17:16,459 - __main__ - DEBUG - [plugin.py:159] - eHoudini: 00:00:01   312MB         | [rop_operators] operator registration done.
2024-08-24 21:17:17,897 - __main__ - DEBUG - [plugin.py:159] - eHoudini: 00:00:03   361MB         | [vop_shaders] Registering shaders ...
2024-08-24 21:17:17,908 - __main__ - DEBUG - [plugin.py:159] - eHoudini: 00:00:03   365MB         | [vop_shaders] shader registration done.
2024-08-24 21:17:17,908 - __main__ - DEBUG - [plugin.py:159] - eHoudini: 00:00:03   365MB         | [vop_imagers] Registering imagers ...
2024-08-24 21:17:17,909 - __main__ - DEBUG - [plugin.py:159] - eHoudini: 00:00:03   365MB         | [vop_imagers] imager registration done.
2024-08-24 21:17:17,909 - __main__ - DEBUG - [plugin.py:159] - eHoudini: 00:00:03   366MB         | [htoa_op] USD shader translation registration
2024-08-24 21:17:18,495 - __main__ - DEBUG - [plugin.py:159] - eHoudini: 00:00:03   381MB         | [htoa_op] End registration.
2024-08-24 21:17:18,495 - __main__ - DEBUG - [plugin.py:159] - eHoudini: 00:00:03   381MB         |
2024-08-24 21:17:18,496 - __main__ - DEBUG - [plugin.py:159] - eHoudini: 00:00:03   381MB         | releasing resources
2024-08-24 21:17:18,498 - __main__ - DEBUG - [plugin.py:159] - eHoudini: 00:00:03   366MB         | Arnold shutdown
2024-08-24 21:17:29,755 - __main__ - DEBUG - [plugin.py:159] - eHoudini: 1075
2024-08-24 21:17:29,755 - __main__ - DEBUG - [plugin.py:159] - eHoudini: Set parameter: /obj/heroBuildingFractured/volumes_007/f1 -> 1075
2024-08-24 21:17:29,756 - __main__ - DEBUG - [plugin.py:159] - eHoudini: 1300
2024-08-24 21:17:29,756 - __main__ - DEBUG - [plugin.py:159] - eHoudini: Set parameter: /obj/heroBuildingFractured/volumes_007/f2 -> 1300
2024-08-24 21:17:29,756 - __main__ - DEBUG - [plugin.py:159] - eHoudini: 1300
2024-08-24 21:17:29,757 - __main__ - DEBUG - [plugin.py:159] - eHoudini: Set parameter: /obj/heroBuildingFractured/volumes_007/f2 -> 1300
2024-08-24 21:17:29,757 - __main__ - DEBUG - [plugin.py:159] - eHoudini: 1.0
2024-08-24 21:17:29,775 - __main__ - DEBUG - [plugin.py:159] - eHoudini: Set parameter: /obj/heroBuildingFractured/volumes_007/NVversion -> 1.0
2024-08-24 21:17:29,775 - __main__ - DEBUG - [plugin.py:159] - eHoudini: 1.0
2024-08-24 21:17:29,775 - __main__ - DEBUG - [plugin.py:159] - eHoudini: Set parameter: /obj/heroBuildingFractured/volumes_007/substeps -> 1.0
2024-08-24 21:17:29,776 - __main__ - DEBUG - [plugin.py:159] - eHoudini: 7.0
2024-08-24 21:17:29,777 - __main__ - DEBUG - [plugin.py:159] - eHoudini: Set parameter: /obj/heroBuildingFractured/pointwrangle28/selection -> 7.0
2024-08-24 21:17:29,777 - __main__ - DEBUG - [plugin.py:159] - eHoudini: 0.5
2024-08-24 21:17:29,933 - __main__ - DEBUG - [plugin.py:159] - eHoudini: Set parameter: /obj/heroBuildingFractured/pyrosolver1/timescale -> 0.5
2024-08-24 21:18:01,543 - __main__ - DEBUG - [plugin.py:159] - eHoudini: ALF_PROGRESS 0%
2024-08-24 21:18:01,543 - __main__ - DEBUG - [plugin.py:159] - eHoudini: FINISHED
2024-08-24 21:18:01,594 - __main__ - DEBUG - [client.py:116] - sending message to server: (finish_task(): 1583)
2024-08-24 21:18:01,658 - __main__ - DEBUG - [client.py:116] - sending message to server: (start_task(): 1584)
2024-08-24 21:18:06,007 - __main__ - DEBUG - [plugin.py:159] - eHoudini: ALF_PROGRESS 0%
2024-08-24 21:18:06,008 - __main__ - DEBUG - [plugin.py:159] - eHoudini: FINISHED
2024-08-24 21:18:06,122 - __main__ - DEBUG - [client.py:116] - sending message to server: (finish_task(): 1584)
2024-08-24 21:18:06,185 - __main__ - DEBUG - [client.py:116] - sending message to server: (start_task(): 1585)
2024-08-24 21:18:09,976 - __main__ - DEBUG - [plugin.py:159] - eHoudini: ALF_PROGRESS 1%
2024-08-24 21:18:09,976 - __main__ - DEBUG - [plugin.py:159] - eHoudini: FINISHED
2024-08-24 21:18:09,995 - __main__ - DEBUG - [client.py:116] - sending message to server: (finish_task(): 1585)
2024-08-24 21:18:10,059 - __main__ - DEBUG - [client.py:116] - sending message to server: (start_task(): 1586)
2024-08-24 21:18:13,727 - __main__ - DEBUG - [plugin.py:159] - eHoudini: ALF_PROGRESS 1%
2024-08-24 21:18:13,727 - __main__ - DEBUG - [plugin.py:159] - eHoudini: FINISHED
2024-08-24 21:18:13,778 - __main__ - DEBUG - [client.py:116] - sending message to server: (finish_task(): 1586)
2024-08-24 21:18:13,841 - __main__ - DEBUG - [client.py:116] - sending message to server: (start_task(): 1587)
2024-08-24 21:18:17,420 - __main__ - DEBUG - [plugin.py:159] - eHoudini: ALF_PROGRESS 2%
2024-08-24 21:18:17,421 - __main__ - DEBUG - [plugin.py:159] - eHoudini: FINISHED
2024-08-24 21:18:17,538 - __main__ - DEBUG - [client.py:116] - sending message to server: (finish_task(): 1587)
2024-08-24 21:18:17,602 - __main__ - DEBUG - [client.py:116] - sending message to server: (start_task(): 1588)
2024-08-24 21:18:21,004 - __main__ - DEBUG - [plugin.py:159] - eHoudini: ALF_PROGRESS 2%
2024-08-24 21:18:21,004 - __main__ - DEBUG - [plugin.py:159] - eHoudini: FINISHED
2024-08-24 21:18:21,090 - __main__ - DEBUG - [client.py:116] - sending message to server: (finish_task(): 1588)
2024-08-24 21:18:21,152 - __main__ - DEBUG - [client.py:116] - sending message to server: (start_task(): 1589)
2024-08-24 21:18:24,590 - __main__ - DEBUG - [plugin.py:159] - eHoudini: ALF_PROGRESS 3%
2024-08-24 21:18:24,590 - __main__ - DEBUG - [plugin.py:159] - eHoudini: FINISHED
2024-08-24 21:18:24,647 - __main__ - DEBUG - [client.py:116] - sending message to server: (finish_task(): 1589)
2024-08-24 21:18:24,711 - __main__ - DEBUG - [client.py:116] - sending message to server: (start_task(): 1590)
2024-08-24 21:18:28,202 - __main__ - DEBUG - [plugin.py:159] - eHoudini: ALF_PROGRESS 3%
2024-08-24 21:18:28,203 - __main__ - DEBUG - [plugin.py:159] - eHoudini: FINISHED
2024-08-24 21:18:28,297 - __main__ - DEBUG - [client.py:116] - sending message to server: (finish_task(): 1590)
2024-08-24 21:18:28,361 - __main__ - DEBUG - [client.py:116] - sending message to server: (start_task(): 1591)
2024-08-24 21:18:31,848 - __main__ - DEBUG - [plugin.py:159] - eHoudini: ALF_PROGRESS 4%
2024-08-24 21:18:31,848 - __main__ - DEBUG - [plugin.py:159] - eHoudini: FINISHED
2024-08-24 21:18:31,875 - __main__ - DEBUG - [client.py:116] - sending message to server: (finish_task(): 1591)
2024-08-24 21:18:31,937 - __main__ - DEBUG - [client.py:116] - sending message to server: (start_task(): 1592)
2024-08-24 21:18:35,738 - __main__ - DEBUG - [plugin.py:159] - eHoudini: ALF_PROGRESS 4%
2024-08-24 21:18:35,739 - __main__ - DEBUG - [plugin.py:159] - eHoudini: FINISHED
2024-08-24 21:18:35,784 - __main__ - DEBUG - [client.py:116] - sending message to server: (finish_task(): 1592)
2024-08-24 21:18:35,848 - __main__ - DEBUG - [client.py:116] - sending message to server: (start_task(): 1593)
2024-08-24 21:18:39,278 - __main__ - DEBUG - [plugin.py:159] - eHoudini: ALF_PROGRESS 4%
2024-08-24 21:18:39,278 - __main__ - DEBUG - [plugin.py:159] - eHoudini: FINISHED
2024-08-24 21:18:39,318 - __main__ - DEBUG - [client.py:116] - sending message to server: (finish_task(): 1593)
2024-08-24 21:18:39,380 - __main__ - DEBUG - [client.py:116] - sending message to server: (start_task(): 1594)
2024-08-24 21:18:43,424 - __main__ - DEBUG - [plugin.py:159] - eHoudini: ALF_PROGRESS 5%
2024-08-24 21:18:43,424 - __main__ - DEBUG - [plugin.py:159] - eHoudini: FINISHED
2024-08-24 21:18:43,464 - __main__ - DEBUG - [client.py:116] - sending message to server: (finish_task(): 1594)
2024-08-24 21:18:43,528 - __main__ - DEBUG - [client.py:116] - sending message to server: (start_task(): 1595)
2024-08-24 21:18:47,421 - __main__ - DEBUG - [plugin.py:159] - eHoudini: ALF_PROGRESS 5%
2024-08-24 21:18:47,421 - __main__ - DEBUG - [plugin.py:159] - eHoudini: FINISHED
2024-08-24 21:18:47,505 - __main__ - DEBUG - [client.py:116] - sending message to server: (finish_task(): 1595)
2024-08-24 21:18:47,569 - __main__ - DEBUG - [client.py:116] - sending message to server: (start_task(): 1596)
2024-08-24 21:18:51,484 - __main__ - DEBUG - [plugin.py:159] - eHoudini: ALF_PROGRESS 6%
2024-08-24 21:18:51,485 - __main__ - DEBUG - [plugin.py:159] - eHoudini: FINISHED
2024-08-24 21:18:51,512 - __main__ - DEBUG - [client.py:116] - sending message to server: (finish_task(): 1596)
2024-08-24 21:18:51,576 - __main__ - DEBUG - [client.py:116] - sending message to server: (start_task(): 1597)
2024-08-24 21:18:55,554 - __main__ - DEBUG - [plugin.py:159] - eHoudini: ALF_PROGRESS 6%
2024-08-24 21:18:55,554 - __main__ - DEBUG - [plugin.py:159] - eHoudini: FINISHED
2024-08-24 21:18:55,647 - __main__ - DEBUG - [client.py:116] - sending message to server: (finish_task(): 1597)
2024-08-24 21:18:55,711 - __main__ - DEBUG - [client.py:116] - sending message to server: (start_task(): 1598)
2024-08-24 21:18:59,868 - __main__ - DEBUG - [plugin.py:159] - eHoudini: ALF_PROGRESS 7%
2024-08-24 21:18:59,868 - __main__ - DEBUG - [plugin.py:159] - eHoudini: FINISHED
2024-08-24 21:18:59,955 - __main__ - DEBUG - [client.py:116] - sending message to server: (finish_task(): 1598)
2024-08-24 21:19:00,018 - __main__ - DEBUG - [client.py:116] - sending message to server: (start_task(): 1599)
2024-08-24 21:19:04,181 - __main__ - DEBUG - [plugin.py:159] - eHoudini: ALF_PROGRESS 7%
2024-08-24 21:19:04,181 - __main__ - DEBUG - [plugin.py:159] - eHoudini: FINISHED
2024-08-24 21:19:04,182 - __main__ - DEBUG - [client.py:116] - sending message to server: (finish_task(): 1599)
2024-08-24 21:19:04,248 - __main__ - DEBUG - [client.py:116] - sending message to server: (start_task(): 1600)
2024-08-24 21:19:08,929 - __main__ - DEBUG - [plugin.py:159] - eHoudini: ALF_PROGRESS 8%
2024-08-24 21:19:08,929 - __main__ - DEBUG - [plugin.py:159] - eHoudini: FINISHED
2024-08-24 21:19:09,042 - __main__ - DEBUG - [client.py:116] - sending message to server: (finish_task(): 1600)
2024-08-24 21:19:09,104 - __main__ - DEBUG - [client.py:116] - sending message to server: (start_task(): 1601)
2024-08-24 21:19:14,079 - __main__ - DEBUG - [plugin.py:159] - eHoudini: ALF_PROGRESS 8%
2024-08-24 21:19:14,079 - __main__ - DEBUG - [plugin.py:159] - eHoudini: FINISHED
2024-08-24 21:19:14,196 - __main__ - DEBUG - [client.py:116] - sending message to server: (finish_task(): 1601)
2024-08-24 21:19:14,260 - __main__ - DEBUG - [client.py:116] - sending message to server: (start_task(): 1602)
2024-08-24 21:19:43,153 - __main__ - DEBUG - [plugin.py:159] - eHoudini: ALF_PROGRESS 8%
2024-08-24 21:19:43,153 - __main__ - DEBUG - [plugin.py:159] - eHoudini: FINISHED
2024-08-24 21:19:43,241 - __main__ - DEBUG - [client.py:116] - sending message to server: (finish_task(): 1602)
2024-08-24 21:19:43,305 - __main__ - DEBUG - [client.py:116] - sending message to server: (start_task(): 1603)
2024-08-24 21:19:49,736 - __main__ - DEBUG - [plugin.py:159] - eHoudini: ALF_PROGRESS 9%
2024-08-24 21:19:49,737 - __main__ - DEBUG - [plugin.py:159] - eHoudini: FINISHED
2024-08-24 21:19:49,824 - __main__ - DEBUG - [client.py:116] - sending message to server: (finish_task(): 1603)
2024-08-24 21:19:49,888 - __main__ - DEBUG - [client.py:116] - sending message to server: (start_task(): 1604)
2024-08-24 21:19:56,562 - __main__ - DEBUG - [plugin.py:159] - eHoudini: ALF_PROGRESS 9%
2024-08-24 21:19:56,562 - __main__ - DEBUG - [plugin.py:159] - eHoudini: FINISHED
2024-08-24 21:19:56,678 - __main__ - DEBUG - [client.py:116] - sending message to server: (finish_task(): 1604)
2024-08-24 21:19:56,742 - __main__ - DEBUG - [client.py:116] - sending message to server: (start_task(): 1605)
2024-08-24 21:20:04,331 - __main__ - DEBUG - [plugin.py:159] - eHoudini: ALF_PROGRESS 10%
2024-08-24 21:20:04,332 - __main__ - DEBUG - [plugin.py:159] - eHoudini: FINISHED
2024-08-24 21:20:04,392 - __main__ - DEBUG - [client.py:116] - sending message to server: (finish_task(): 1605)
2024-08-24 21:20:04,455 - __main__ - DEBUG - [client.py:116] - sending message to server: (start_task(): 1606)
2024-08-24 21:20:12,945 - __main__ - DEBUG - [plugin.py:159] - eHoudini: ALF_PROGRESS 10%
2024-08-24 21:20:12,945 - __main__ - DEBUG - [plugin.py:159] - eHoudini: FINISHED
2024-08-24 21:20:12,998 - __main__ - DEBUG - [client.py:116] - sending message to server: (finish_task(): 1606)
2024-08-24 21:20:13,062 - __main__ - DEBUG - [client.py:116] - sending message to server: (start_task(): 1607)
2024-08-24 21:20:22,391 - __main__ - DEBUG - [plugin.py:159] - eHoudini: ALF_PROGRESS 11%
2024-08-24 21:20:22,391 - __main__ - DEBUG - [plugin.py:159] - eHoudini: FINISHED
2024-08-24 21:20:22,431 - __main__ - DEBUG - [client.py:116] - sending message to server: (finish_task(): 1607)
2024-08-24 21:20:22,495 - __main__ - DEBUG - [client.py:116] - sending message to server: (start_task(): 1608)
2024-08-24 21:20:32,603 - __main__ - DEBUG - [plugin.py:159] - eHoudini: ALF_PROGRESS 11%
2024-08-24 21:20:32,604 - __main__ - DEBUG - [plugin.py:159] - eHoudini: FINISHED
2024-08-24 21:20:32,673 - __main__ - DEBUG - [client.py:116] - sending message to server: (finish_task(): 1608)
2024-08-24 21:20:32,737 - __main__ - DEBUG - [client.py:116] - sending message to server: (start_task(): 1609)
2024-08-24 21:20:43,438 - __main__ - DEBUG - [plugin.py:159] - eHoudini: ALF_PROGRESS 12%
2024-08-24 21:20:43,438 - __main__ - DEBUG - [plugin.py:159] - eHoudini: FINISHED
2024-08-24 21:20:43,487 - __main__ - DEBUG - [client.py:116] - sending message to server: (finish_task(): 1609)
2024-08-24 21:20:43,551 - __main__ - DEBUG - [client.py:116] - sending message to server: (start_task(): 1610)
2024-08-24 21:20:55,251 - __main__ - DEBUG - [plugin.py:159] - eHoudini: ALF_PROGRESS 12%
2024-08-24 21:20:55,251 - __main__ - DEBUG - [plugin.py:159] - eHoudini: FINISHED
2024-08-24 21:20:55,368 - __main__ - DEBUG - [client.py:116] - sending message to server: (finish_task(): 1610)
2024-08-24 21:20:55,429 - __main__ - DEBUG - [client.py:116] - sending message to server: (start_task(): 1611)
2024-08-24 21:21:07,749 - __main__ - DEBUG - [plugin.py:159] - eHoudini: ALF_PROGRESS 12%
2024-08-24 21:21:07,749 - __main__ - DEBUG - [plugin.py:159] - eHoudini: FINISHED
2024-08-24 21:21:07,788 - __main__ - DEBUG - [client.py:116] - sending message to server: (finish_task(): 1611)
2024-08-24 21:21:07,850 - __main__ - DEBUG - [client.py:116] - sending message to server: (start_task(): 1612)
2024-08-24 21:21:21,605 - __main__ - DEBUG - [plugin.py:159] - eHoudini: ALF_PROGRESS 13%
2024-08-24 21:21:21,606 - __main__ - DEBUG - [plugin.py:159] - eHoudini: FINISHED
2024-08-24 21:21:21,648 - __main__ - DEBUG - [client.py:116] - sending message to server: (finish_task(): 1612)
2024-08-24 21:21:21,712 - __main__ - DEBUG - [client.py:116] - sending message to server: (start_task(): 1613)
2024-08-24 21:21:36,342 - __main__ - DEBUG - [plugin.py:159] - eHoudini: ALF_PROGRESS 13%
2024-08-24 21:21:36,342 - __main__ - DEBUG - [plugin.py:159] - eHoudini: FINISHED
2024-08-24 21:21:36,390 - __main__ - DEBUG - [client.py:116] - sending message to server: (finish_task(): 1613)
2024-08-24 21:21:36,454 - __main__ - DEBUG - [client.py:116] - sending message to server: (start_task(): 1614)
2024-08-24 21:21:51,044 - __main__ - DEBUG - [plugin.py:159] - eHoudini: ALF_PROGRESS 14%
2024-08-24 21:21:51,044 - __main__ - DEBUG - [plugin.py:159] - eHoudini: FINISHED
2024-08-24 21:21:51,154 - __main__ - DEBUG - [client.py:116] - sending message to server: (finish_task(): 1614)
2024-08-24 21:21:51,218 - __main__ - DEBUG - [client.py:116] - sending message to server: (start_task(): 1615)
2024-08-24 21:22:07,385 - __main__ - DEBUG - [plugin.py:159] - eHoudini: ALF_PROGRESS 14%
2024-08-24 21:22:07,385 - __main__ - DEBUG - [plugin.py:159] - eHoudini: FINISHED
2024-08-24 21:22:07,491 - __main__ - DEBUG - [client.py:116] - sending message to server: (finish_task(): 1615)
2024-08-24 21:22:07,555 - __main__ - DEBUG - [client.py:116] - sending message to server: (start_task(): 1616)
2024-08-24 21:22:24,662 - __main__ - DEBUG - [plugin.py:159] - eHoudini: ALF_PROGRESS 15%
2024-08-24 21:22:24,663 - __main__ - DEBUG - [plugin.py:159] - eHoudini: FINISHED
2024-08-24 21:22:24,763 - __main__ - DEBUG - [client.py:116] - sending message to server: (finish_task(): 1616)
2024-08-24 21:22:24,827 - __main__ - DEBUG - [client.py:116] - sending message to server: (start_task(): 1617)
2024-08-24 21:22:43,096 - __main__ - DEBUG - [plugin.py:159] - eHoudini: ALF_PROGRESS 15%
2024-08-24 21:22:43,096 - __main__ - DEBUG - [plugin.py:159] - eHoudini: FINISHED
2024-08-24 21:22:43,180 - __main__ - DEBUG - [client.py:116] - sending message to server: (finish_task(): 1617)
2024-08-24 21:22:43,242 - __main__ - DEBUG - [client.py:116] - sending message to server: (start_task(): 1618)
2024-08-24 21:23:02,609 - __main__ - DEBUG - [plugin.py:159] - eHoudini: ALF_PROGRESS 16%
2024-08-24 21:23:02,609 - __main__ - DEBUG - [plugin.py:159] - eHoudini: FINISHED
2024-08-24 21:23:02,724 - __main__ - DEBUG - [client.py:116] - sending message to server: (finish_task(): 1618)
2024-08-24 21:23:02,788 - __main__ - DEBUG - [client.py:116] - sending message to server: (start_task(): 1619)
2024-08-24 21:23:22,864 - __main__ - DEBUG - [plugin.py:159] - eHoudini: ALF_PROGRESS 16%
2024-08-24 21:23:22,865 - __main__ - DEBUG - [plugin.py:159] - eHoudini: FINISHED
2024-08-24 21:23:22,945 - __main__ - DEBUG - [client.py:116] - sending message to server: (finish_task(): 1619)
2024-08-24 21:23:23,009 - __main__ - DEBUG - [client.py:116] - sending message to server: (start_task(): 1620)
2024-08-24 21:23:42,026 - __main__ - DEBUG - [plugin.py:159] - eHoudini: ALF_PROGRESS 16%
2024-08-24 21:23:42,027 - __main__ - DEBUG - [plugin.py:159] - eHoudini: FINISHED
2024-08-24 21:23:42,102 - __main__ - DEBUG - [client.py:116] - sending message to server: (finish_task(): 1620)
2024-08-24 21:23:42,166 - __main__ - DEBUG - [client.py:116] - sending message to server: (start_task(): 1621)
2024-08-24 21:24:04,265 - __main__ - DEBUG - [plugin.py:159] - eHoudini: ALF_PROGRESS 17%
2024-08-24 21:24:04,265 - __main__ - DEBUG - [plugin.py:159] - eHoudini: FINISHED
2024-08-24 21:24:04,306 - __main__ - DEBUG - [client.py:116] - sending message to server: (finish_task(): 1621)
2024-08-24 21:24:04,368 - __main__ - DEBUG - [client.py:116] - sending message to server: (start_task(): 1622)
2024-08-24 21:25:01,446 - __main__ - DEBUG - [plugin.py:159] - eHoudini: ALF_PROGRESS 17%
2024-08-24 21:25:01,446 - __main__ - DEBUG - [plugin.py:159] - eHoudini: FINISHED
2024-08-24 21:25:01,481 - __main__ - DEBUG - [client.py:116] - sending message to server: (finish_task(): 1622)
2024-08-24 21:25:01,545 - __main__ - DEBUG - [client.py:116] - sending message to server: (start_task(): 1623)
2024-08-24 21:25:25,917 - __main__ - DEBUG - [plugin.py:159] - eHoudini: ALF_PROGRESS 18%
2024-08-24 21:25:25,918 - __main__ - DEBUG - [plugin.py:159] - eHoudini: FINISHED
2024-08-24 21:25:25,951 - __main__ - DEBUG - [client.py:116] - sending message to server: (finish_task(): 1623)
2024-08-24 21:25:26,015 - __main__ - DEBUG - [client.py:116] - sending message to server: (start_task(): 1624)
2024-08-24 21:25:52,395 - __main__ - DEBUG - [plugin.py:159] - eHoudini: ALF_PROGRESS 18%
2024-08-24 21:25:52,395 - __main__ - DEBUG - [plugin.py:159] - eHoudini: FINISHED
2024-08-24 21:25:52,437 - __main__ - DEBUG - [client.py:116] - sending message to server: (finish_task(): 1624)
2024-08-24 21:25:52,501 - __main__ - DEBUG - [client.py:116] - sending message to server: (start_task(): 1625)
2024-08-24 21:26:19,762 - __main__ - DEBUG - [plugin.py:159] - eHoudini: ALF_PROGRESS 19%
2024-08-24 21:26:19,763 - __main__ - DEBUG - [plugin.py:159] - eHoudini: FINISHED
2024-08-24 21:26:19,800 - __main__ - DEBUG - [client.py:116] - sending message to server: (finish_task(): 1625)
2024-08-24 21:26:19,863 - __main__ - DEBUG - [client.py:116] - sending message to server: (start_task(): 1626)
2024-08-24 21:26:47,839 - __main__ - DEBUG - [plugin.py:159] - eHoudini: ALF_PROGRESS 19%
2024-08-24 21:26:47,840 - __main__ - DEBUG - [plugin.py:159] - eHoudini: FINISHED
2024-08-24 21:26:47,888 - __main__ - DEBUG - [client.py:116] - sending message to server: (finish_task(): 1626)
2024-08-24 21:26:47,952 - __main__ - DEBUG - [client.py:116] - sending message to server: (start_task(): 1627)
2024-08-24 21:27:17,227 - __main__ - DEBUG - [plugin.py:159] - eHoudini: ALF_PROGRESS 20%
2024-08-24 21:27:17,227 - __main__ - DEBUG - [plugin.py:159] - eHoudini: FINISHED
2024-08-24 21:27:17,327 - __main__ - DEBUG - [client.py:116] - sending message to server: (finish_task(): 1627)
2024-08-24 21:27:17,391 - __main__ - DEBUG - [client.py:116] - sending message to server: (start_task(): 1628)
2024-08-24 21:27:47,677 - __main__ - DEBUG - [plugin.py:159] - eHoudini: ALF_PROGRESS 20%
2024-08-24 21:27:47,678 - __main__ - DEBUG - [plugin.py:159] - eHoudini: FINISHED
2024-08-24 21:27:47,789 - __main__ - DEBUG - [client.py:116] - sending message to server: (finish_task(): 1628)
2024-08-24 21:27:47,852 - __main__ - DEBUG - [client.py:116] - sending message to server: (start_task(): 1629)
2024-08-24 21:28:19,336 - __main__ - DEBUG - [plugin.py:159] - eHoudini: ALF_PROGRESS 20%
2024-08-24 21:28:19,336 - __main__ - DEBUG - [plugin.py:159] - eHoudini: FINISHED
2024-08-24 21:28:19,370 - __main__ - DEBUG - [client.py:116] - sending message to server: (finish_task(): 1629)
2024-08-24 21:28:19,432 - __main__ - DEBUG - [client.py:116] - sending message to server: (start_task(): 1630)
2024-08-24 21:28:52,168 - __main__ - DEBUG - [plugin.py:159] - eHoudini: ALF_PROGRESS 21%
2024-08-24 21:28:52,168 - __main__ - DEBUG - [plugin.py:159] - eHoudini: FINISHED
2024-08-24 21:28:52,217 - __main__ - DEBUG - [client.py:116] - sending message to server: (finish_task(): 1630)
2024-08-24 21:28:52,280 - __main__ - DEBUG - [client.py:116] - sending message to server: (start_task(): 1631)
2024-08-24 21:29:26,410 - __main__ - DEBUG - [plugin.py:159] - eHoudini: ALF_PROGRESS 21%
2024-08-24 21:29:26,410 - __main__ - DEBUG - [plugin.py:159] - eHoudini: FINISHED
2024-08-24 21:29:26,479 - __main__ - DEBUG - [client.py:116] - sending message to server: (finish_task(): 1631)
2024-08-24 21:29:26,543 - __main__ - DEBUG - [client.py:116] - sending message to server: (start_task(): 1632)
2024-08-24 21:30:01,500 - __main__ - DEBUG - [plugin.py:159] - eHoudini: ALF_PROGRESS 22%
2024-08-24 21:30:01,500 - __main__ - DEBUG - [plugin.py:159] - eHoudini: FINISHED
2024-08-24 21:30:01,537 - __main__ - DEBUG - [client.py:116] - sending message to server: (finish_task(): 1632)
2024-08-24 21:30:01,601 - __main__ - DEBUG - [client.py:116] - sending message to server: (start_task(): 1633)
2024-08-24 21:30:33,423 - __main__ - DEBUG - [plugin.py:159] - eHoudini: ALF_PROGRESS 22%
2024-08-24 21:30:33,423 - __main__ - DEBUG - [plugin.py:159] - eHoudini: FINISHED
2024-08-24 21:30:33,470 - __main__ - DEBUG - [client.py:116] - sending message to server: (finish_task(): 1633)
2024-08-24 21:30:33,532 - __main__ - DEBUG - [client.py:116] - sending message to server: (start_task(): 1634)
2024-08-24 21:31:05,959 - __main__ - DEBUG - [plugin.py:159] - eHoudini: ALF_PROGRESS 23%
2024-08-24 21:31:05,959 - __main__ - DEBUG - [plugin.py:159] - eHoudini: FINISHED
2024-08-24 21:31:05,984 - __main__ - DEBUG - [client.py:116] - sending message to server: (finish_task(): 1634)
2024-08-24 21:31:06,031 - __main__ - DEBUG - [client.py:116] - sending message to server: (start_task(): 1635)
2024-08-24 21:31:43,972 - __main__ - DEBUG - [plugin.py:159] - eHoudini: ALF_PROGRESS 23%
2024-08-24 21:31:43,972 - __main__ - DEBUG - [plugin.py:159] - eHoudini: FINISHED
2024-08-24 21:31:44,075 - __main__ - DEBUG - [client.py:116] - sending message to server: (finish_task(): 1635)
2024-08-24 21:31:44,137 - __main__ - DEBUG - [client.py:116] - sending message to server: (start_task(): 1636)
2024-08-24 21:32:18,343 - __main__ - DEBUG - [plugin.py:159] - eHoudini: ALF_PROGRESS 24%
2024-08-24 21:32:18,344 - __main__ - DEBUG - [plugin.py:159] - eHoudini: FINISHED
2024-08-24 21:32:18,370 - __main__ - DEBUG - [client.py:116] - sending message to server: (finish_task(): 1636)
2024-08-24 21:32:18,434 - __main__ - DEBUG - [client.py:116] - sending message to server: (start_task(): 1637)
2024-08-24 21:32:58,457 - __main__ - DEBUG - [plugin.py:159] - eHoudini: ALF_PROGRESS 24%
2024-08-24 21:32:58,457 - __main__ - DEBUG - [plugin.py:159] - eHoudini: FINISHED
2024-08-24 21:32:58,560 - __main__ - DEBUG - [client.py:116] - sending message to server: (finish_task(): 1637)
2024-08-24 21:32:58,624 - __main__ - DEBUG - [client.py:116] - sending message to server: (start_task(): 1638)
2024-08-24 21:33:39,703 - __main__ - DEBUG - [plugin.py:159] - eHoudini: ALF_PROGRESS 24%
2024-08-24 21:33:39,703 - __main__ - DEBUG - [plugin.py:159] - eHoudini: FINISHED
2024-08-24 21:33:39,815 - __main__ - DEBUG - [client.py:116] - sending message to server: (finish_task(): 1638)
2024-08-24 21:33:39,878 - __main__ - DEBUG - [client.py:116] - sending message to server: (start_task(): 1639)
2024-08-24 21:34:21,490 - __main__ - DEBUG - [plugin.py:159] - eHoudini: ALF_PROGRESS 25%
2024-08-24 21:34:21,490 - __main__ - DEBUG - [plugin.py:159] - eHoudini: FINISHED
2024-08-24 21:34:21,602 - __main__ - DEBUG - [client.py:116] - sending message to server: (finish_task(): 1639)
2024-08-24 21:34:21,666 - __main__ - DEBUG - [client.py:116] - sending message to server: (start_task(): 1640)
2024-08-24 21:35:04,188 - __main__ - DEBUG - [plugin.py:159] - eHoudini: ALF_PROGRESS 25%
2024-08-24 21:35:04,188 - __main__ - DEBUG - [plugin.py:159] - eHoudini: FINISHED
2024-08-24 21:35:04,254 - __main__ - DEBUG - [client.py:116] - sending message to server: (finish_task(): 1640)
2024-08-24 21:35:04,318 - __main__ - DEBUG - [client.py:116] - sending message to server: (start_task(): 1641)
2024-08-24 21:35:49,723 - __main__ - DEBUG - [plugin.py:159] - eHoudini: ALF_PROGRESS 26%
2024-08-24 21:35:49,724 - __main__ - DEBUG - [plugin.py:159] - eHoudini: FINISHED
2024-08-24 21:35:49,768 - __main__ - DEBUG - [client.py:116] - sending message to server: (finish_task(): 1641)
2024-08-24 21:35:49,832 - __main__ - DEBUG - [client.py:116] - sending message to server: (start_task(): 1642)
2024-08-24 21:37:15,457 - __main__ - DEBUG - [plugin.py:159] - eHoudini: ALF_PROGRESS 26%
2024-08-24 21:37:15,457 - __main__ - DEBUG - [plugin.py:159] - eHoudini: FINISHED
2024-08-24 21:37:15,563 - __main__ - DEBUG - [client.py:116] - sending message to server: (finish_task(): 1642)
2024-08-24 21:37:15,627 - __main__ - DEBUG - [client.py:116] - sending message to server: (start_task(): 1643)
2024-08-24 21:38:01,108 - __main__ - DEBUG - [plugin.py:159] - eHoudini: ALF_PROGRESS 27%
2024-08-24 21:38:01,108 - __main__ - DEBUG - [plugin.py:159] - eHoudini: FINISHED
2024-08-24 21:38:01,145 - __main__ - DEBUG - [client.py:116] - sending message to server: (finish_task(): 1643)
2024-08-24 21:38:01,209 - __main__ - DEBUG - [client.py:116] - sending message to server: (start_task(): 1644)
2024-08-24 21:38:40,894 - __main__ - DEBUG - [plugin.py:159] - eHoudini: ALF_PROGRESS 27%
2024-08-24 21:38:40,894 - __main__ - DEBUG - [plugin.py:159] - eHoudini: FINISHED
2024-08-24 21:38:41,010 - __main__ - DEBUG - [client.py:116] - sending message to server: (finish_task(): 1644)
2024-08-24 21:38:41,071 - __main__ - DEBUG - [client.py:116] - sending message to server: (start_task(): 1645)
2024-08-24 21:39:28,509 - __main__ - DEBUG - [plugin.py:159] - eHoudini: ALF_PROGRESS 28%
2024-08-24 21:39:28,509 - __main__ - DEBUG - [plugin.py:159] - eHoudini: FINISHED
2024-08-24 21:39:28,619 - __main__ - DEBUG - [client.py:116] - sending message to server: (finish_task(): 1645)
2024-08-24 21:39:28,683 - __main__ - DEBUG - [client.py:116] - sending message to server: (start_task(): 1646)
2024-08-24 21:40:17,052 - __main__ - DEBUG - [plugin.py:159] - eHoudini: ALF_PROGRESS 28%
2024-08-24 21:40:17,052 - __main__ - DEBUG - [plugin.py:159] - eHoudini: FINISHED
2024-08-24 21:40:17,164 - __main__ - DEBUG - [client.py:116] - sending message to server: (finish_task(): 1646)
2024-08-24 21:40:17,227 - __main__ - DEBUG - [client.py:116] - sending message to server: (start_task(): 1647)
2024-08-24 21:40:29,431 - __main__ - DEBUG - [plugin.py:159] - eHoudini: Save failure: IoError: could not open volumes_00/volumes_007/v1/volumes_007_v1.1138.vdb for writing
2024-08-24 21:41:05,990 - __main__ - DEBUG - [plugin.py:159] - eHoudini: ALF_PROGRESS 28%
2024-08-24 21:41:05,991 - __main__ - DEBUG - [plugin.py:159] - eHoudini: Save failure: IoError: could not open volumes_00/volumes_007/v1/volumes_007_v1.1139.vdb for writing
2024-08-24 21:41:05,992 - __main__ - DEBUG - [plugin.py:159] - eHoudini: Error:       Failed to save output to file "volumes_00/volumes_007/v1/volumes_007_v1.1138.vdb".
2024-08-24 21:41:05,992 - __main__ - DEBUG - [plugin.py:159] - eHoudini: Failed to save output to file "volumes_00/volumes_007/v1/volumes_007_v1.1139.vdb".
2024-08-24 21:41:05,992 - __main__ - DEBUG - [plugin.py:159] - eHoudini: Render failed.
2024-08-24 21:41:05,993 - __main__ - DEBUG - [plugin.py:159] - eHoudini: Pressed target button /obj/heroBuildingFractured/volumes_007/execute
2024-08-24 21:41:14,035 - __main__ - INFO - [Envy_Functions.py:179] - eHoudini: Exited
2024-08-24 21:41:14,064 - __main__ - DEBUG - [client.py:116] - sending message to server: (finish_task_allocation(): 8)
2024-08-24 21:41:14,128 - __main__ - DEBUG - [client.py:116] - sending message to server: (send_status_to_server())
2024-08-24 21:41:16,315 - __main__ - INFO - [client.py:163] - received message from: server -> (Job: volumes_007_001 Allocation: (8, 3145199041, '[1583, 1584, 1585, 1586, 1587, 1588, 1589, 1590, 1591, 1592, 1593, 1594, 1595, 1596, 1597, 1598, 1599, 1600, 1601, 1602, 1603, 1604, 1605, 1606, 1607, 1608, 1609, 1610, 1611, 1612, 1613, 1614, 1615, 1616, 1617, 1618, 1619, 1620, 1621, 1622, 1623, 1624, 1625, 1626, 1627, 1628, 1629, 1630, 1631, 1632, 1633, 1634, 1635, 1636, 1637, 1638, 1639, 1640, 1641, 1642, 1643, 1644, 1645, 1646, 1647, 1648, 1649, 1650, 1651, 1652, 1653, 1654, 1655, 1656, 1657, 1658, 1659, 1660, 1661, 1662, 1663, 1664, 1665, 1666, 1667, 1668, 1669, 1670, 1671, 1672, 1673, 1674, 1675, 1676, 1677, 1678, 1679, 1680, 1681, 1682, 1683, 1684, 1685, 1686, 1687, 1688, 1689, 1690, 1691, 1692, 1693, 1694, 1695, 1696, 1697, 1698, 1699, 1700, 1701, 1702, 1703, 1704, 1705, 1706, 1707, 1708, 1709, 1710, 1711, 1712, 1713, 1714, 1715, 1716, 1717, 1718, 1719, 1720, 1721, 1722, 1723, 1724, 1725, 1726, 1727, 1728, 1729, 1730, 1731, 1732, 1733, 1734, 1735, 1736, 1737, 1738, 1739, 1740, 1741, 1742, 1743, 1744, 1745, 1746, 1747, 1748, 1749, 1750, 1751, 1752, 1753, 1754, 1755, 1756, 1757, 1758, 1759, 1760, 1761, 1762, 1763, 1764, 1765, 1766, 1767, 1768, 1769, 1770, 1771, 1772, 1773, 1774, 1775, 1776, 1777, 1778, 1779, 1780, 1781, 1782, 1783, 1784, 1785, 1786, 1787, 1788, 1789, 1790, 1791, 1792, 1793, 1794, 1795, 1796, 1797, 1798, 1799, 1800, 1801, 1802, 1803, 1804, 1805, 1806, 1807, 1808]', 'lab3-08', 'inprogress'))
2024-08-24 21:41:16,552 - __main__ - DEBUG - [envy.py:256] - executing: await NV.PLUGIN_eHoudini(self, '{"Allocation_Id": 8, "Purpose": "simulation", "Tasks": {"1647": 1139, "1648": 1140, "1649": 1141, "1650": 1142, "1651": 1143, "1652": 1144, "1653": 1145, "1654": 1146, "1655": 1147, "1656": 1148, "1657": 1149, "1658": 1150, "1659": 1151, "1660": 1152, "1661": 1153, "1662": 1154, "1663": 1155, "1664": 1156, "1665": 1157, "1666": 1158, "1667": 1159, "1668": 1160, "1669": 1161, "1670": 1162, "1671": 1163, "1672": 1164, "1673": 1165, "1674": 1166, "1675": 1167, "1676": 1168, "1677": 1169, "1678": 1170, "1679": 1171, "1680": 1172, "1681": 1173, "1682": 1174, "1683": 1175, "1684": 1176, "1685": 1177, "1686": 1178, "1687": 1179, "1688": 1180, "1689": 1181, "1690": 1182, "1691": 1183, "1692": 1184, "1693": 1185, "1694": 1186, "1695": 1187, "1696": 1188, "1697": 1189, "1698": 1190, "1699": 1191, "1700": 1192, "1701": 1193, "1702": 1194, "1703": 1195, "1704": 1196, "1705": 1197, "1706": 1198, "1707": 1199, "1708": 1200, "1709": 1201, "1710": 1202, "1711": 1203, "1712": 1204, "1713": 1205, "1714": 1206, "1715": 1207, "1716": 1208, "1717": 1209, "1718": 1210, "1719": 1211, "1720": 1212, "1721": 1213, "1722": 1214, "1723": 1215, "1724": 1216, "1725": 1217, "1726": 1218, "1727": 1219, "1728": 1220, "1729": 1221, "1730": 1222, "1731": 1223, "1732": 1224, "1733": 1225, "1734": 1226, "1735": 1227, "1736": 1228, "1737": 1229, "1738": 1230, "1739": 1231, "1740": 1232, "1741": 1233, "1742": 1234, "1743": 1235, "1744": 1236, "1745": 1237, "1746": 1238, "1747": 1239, "1748": 1240, "1749": 1241, "1750": 1242, "1751": 1243, "1752": 1244, "1753": 1245, "1754": 1246, "1755": 1247, "1756": 1248, "1757": 1249, "1758": 1250, "1759": 1251, "1760": 1252, "1761": 1253, "1762": 1254, "1763": 1255, "1764": 1256, "1765": 1257, "1766": 1258, "1767": 1259, "1768": 1260, "1769": 1261, "1770": 1262, "1771": 1263, "1772": 1264, "1773": 1265, "1774": 1266, "1775": 1267, "1776": 1268, "1777": 1269, "1778": 1270, "1779": 1271, "1780": 1272, "1781": 1273, "1782": 1274, "1783": 1275, "1784": 1276, "1785": 1277, "1786": 1278, "1787": 1279, "1788": 1280, "1789": 1281, "1790": 1282, "1791": 1283, "1792": 1284, "1793": 1285, "1794": 1286, "1795": 1287, "1796": 1288, "1797": 1289, "1798": 1290, "1799": 1291, "1800": 1292, "1801": 1293, "1802": 1294, "1803": 1295, "1804": 1296, "1805": 1297, "1806": 1298, "1807": 1299, "1808": 1300}, "Environment": {"Start_Frame": {"/obj/heroBuildingFractured/volumes_007/f1": 1075}, "End_Frame": {"/obj/heroBuildingFractured/volumes_007/f2": 1300}, "Substeps": {"/obj/heroBuildingFractured/volumes_007/substeps": 1.0}, "Version": {"/obj/heroBuildingFractured/volumes_007/NVversion": 1.0}, "Target_Button": "/obj/heroBuildingFractured/volumes_007/execute", "HIP": "//veloxsrv/studentExtend/nathanV/__BuildingSlice__/buildingSlice_V16.hipnc", "JOB": "//veloxsrv/studentExtend/nathanV/__BuildingSlice__", "Job_Type": "resumable_simulation", "Dopnet_Initial_State_Parm": "/obj/heroBuildingFractured/pyrosolver1/dopnet1/initialstate", "Dopnet_Start_Frame_Parm": "/obj/heroBuildingFractured/pyrosolver1/dopnet1/startframe", "Checkpoint_File_Path": ["/obj/heroBuildingFractured/pyrosolver1/dopnet1/explicitcachename", "//veloxsrv/studentExtend/nathanV/__BuildingSlice__/checkpoint/dopnet1/$HIPNAME.$OS.$JOBID.$STARTFRAMETOKEN.$SF4.sim"], "Checkpoint_Trail_Length": ["/obj/heroBuildingFractured/pyrosolver1/dopnet1/explicitcachensteps", 1], "Checkpoint_Interval": ["/obj/heroBuildingFractured/pyrosolver1/dopnet1/explicitcachecheckpointspacing", 20], "$OS": "dopnet1", "Job_Id": 3145199041}, "Parameters": {"/obj/heroBuildingFractured/pointwrangle28/selection": 7.0, "/obj/heroBuildingFractured/pyrosolver1/timescale": 0.5}}', )
2024-08-24 21:41:16,553 - __main__ - INFO - [Envy_Functions.py:172] - eHoudini: Started
2024-08-24 21:41:16,554 - __main__ - DEBUG - [plugin.py:33] - Allocation Data String: {"Allocation_Id": 8, "Purpose": "simulation", "Tasks": {"1647": 1139, "1648": 1140, "1649": 1141, "1650": 1142, "1651": 1143, "1652": 1144, "1653": 1145, "1654": 1146, "1655": 1147, "1656": 1148, "1657": 1149, "1658": 1150, "1659": 1151, "1660": 1152, "1661": 1153, "1662": 1154, "1663": 1155, "1664": 1156, "1665": 1157, "1666": 1158, "1667": 1159, "1668": 1160, "1669": 1161, "1670": 1162, "1671": 1163, "1672": 1164, "1673": 1165, "1674": 1166, "1675": 1167, "1676": 1168, "1677": 1169, "1678": 1170, "1679": 1171, "1680": 1172, "1681": 1173, "1682": 1174, "1683": 1175, "1684": 1176, "1685": 1177, "1686": 1178, "1687": 1179, "1688": 1180, "1689": 1181, "1690": 1182, "1691": 1183, "1692": 1184, "1693": 1185, "1694": 1186, "1695": 1187, "1696": 1188, "1697": 1189, "1698": 1190, "1699": 1191, "1700": 1192, "1701": 1193, "1702": 1194, "1703": 1195, "1704": 1196, "1705": 1197, "1706": 1198, "1707": 1199, "1708": 1200, "1709": 1201, "1710": 1202, "1711": 1203, "1712": 1204, "1713": 1205, "1714": 1206, "1715": 1207, "1716": 1208, "1717": 1209, "1718": 1210, "1719": 1211, "1720": 1212, "1721": 1213, "1722": 1214, "1723": 1215, "1724": 1216, "1725": 1217, "1726": 1218, "1727": 1219, "1728": 1220, "1729": 1221, "1730": 1222, "1731": 1223, "1732": 1224, "1733": 1225, "1734": 1226, "1735": 1227, "1736": 1228, "1737": 1229, "1738": 1230, "1739": 1231, "1740": 1232, "1741": 1233, "1742": 1234, "1743": 1235, "1744": 1236, "1745": 1237, "1746": 1238, "1747": 1239, "1748": 1240, "1749": 1241, "1750": 1242, "1751": 1243, "1752": 1244, "1753": 1245, "1754": 1246, "1755": 1247, "1756": 1248, "1757": 1249, "1758": 1250, "1759": 1251, "1760": 1252, "1761": 1253, "1762": 1254, "1763": 1255, "1764": 1256, "1765": 1257, "1766": 1258, "1767": 1259, "1768": 1260, "1769": 1261, "1770": 1262, "1771": 1263, "1772": 1264, "1773": 1265, "1774": 1266, "1775": 1267, "1776": 1268, "1777": 1269, "1778": 1270, "1779": 1271, "1780": 1272, "1781": 1273, "1782": 1274, "1783": 1275, "1784": 1276, "1785": 1277, "1786": 1278, "1787": 1279, "1788": 1280, "1789": 1281, "1790": 1282, "1791": 1283, "1792": 1284, "1793": 1285, "1794": 1286, "1795": 1287, "1796": 1288, "1797": 1289, "1798": 1290, "1799": 1291, "1800": 1292, "1801": 1293, "1802": 1294, "1803": 1295, "1804": 1296, "1805": 1297, "1806": 1298, "1807": 1299, "1808": 1300}, "Environment": {"Start_Frame": {"/obj/heroBuildingFractured/volumes_007/f1": 1075}, "End_Frame": {"/obj/heroBuildingFractured/volumes_007/f2": 1300}, "Substeps": {"/obj/heroBuildingFractured/volumes_007/substeps": 1.0}, "Version": {"/obj/heroBuildingFractured/volumes_007/NVversion": 1.0}, "Target_Button": "/obj/heroBuildingFractured/volumes_007/execute", "HIP": "//veloxsrv/studentExtend/nathanV/__BuildingSlice__/buildingSlice_V16.hipnc", "JOB": "//veloxsrv/studentExtend/nathanV/__BuildingSlice__", "Job_Type": "resumable_simulation", "Dopnet_Initial_State_Parm": "/obj/heroBuildingFractured/pyrosolver1/dopnet1/initialstate", "Dopnet_Start_Frame_Parm": "/obj/heroBuildingFractured/pyrosolver1/dopnet1/startframe", "Checkpoint_File_Path": ["/obj/heroBuildingFractured/pyrosolver1/dopnet1/explicitcachename", "//veloxsrv/studentExtend/nathanV/__BuildingSlice__/checkpoint/dopnet1/$HIPNAME.$OS.$JOBID.$STARTFRAMETOKEN.$SF4.sim"], "Checkpoint_Trail_Length": ["/obj/heroBuildingFractured/pyrosolver1/dopnet1/explicitcachensteps", 1], "Checkpoint_Interval": ["/obj/heroBuildingFractured/pyrosolver1/dopnet1/explicitcachecheckpointspacing", 20], "$OS": "dopnet1", "Job_Id": 3145199041}, "Parameters": {"/obj/heroBuildingFractured/pointwrangle28/selection": 7.0, "/obj/heroBuildingFractured/pyrosolver1/timescale": 0.5}}
2024-08-24 21:41:16,555 - __main__ - DEBUG - [plugin.py:107] - eHoudini: starting resumable simulation process
2024-08-24 21:41:16,566 - __main__ - INFO - [plugin.py:76] - eHoudini: Started hython_process
2024-08-24 21:41:16,566 - __main__ - INFO - [plugin.py:145] - eHoudini: Monitoring output
2024-08-24 21:41:16,567 - __main__ - INFO - [plugin.py:151] - eHoudini: Monitoring error
2024-08-24 21:41:16,616 - __main__ - DEBUG - [client.py:116] - sending message to server: (send_status_to_server())
2024-08-24 21:41:17,475 - __main__ - DEBUG - [plugin.py:159] - eHoudini: 00:00:00   248MB         | log started Sat Aug 24 21:41:17 2024
2024-08-24 21:41:17,475 - __main__ - DEBUG - [plugin.py:159] - eHoudini: 00:00:00   248MB         | Arnold 7.3.1.1 [25d993ed] windows x86_64 clang-15.0.7 oiio-2.4.1 osl-1.13.0 vdb-7.1.1 adlsdk-8.0.7.50 clmhub-3.1.1.43 rlm-14.2.5 optix-8.0.0 2024/04/22 19:04:10
2024-08-24 21:41:17,476 - __main__ - DEBUG - [plugin.py:159] - eHoudini: 00:00:00   248MB         | running on lab3-08, pid=19828
2024-08-24 21:41:17,476 - __main__ - DEBUG - [plugin.py:159] - eHoudini: 00:00:00   248MB         |  1 x AMD Ryzen Threadripper PRO 5945WX 12-Cores  (12 cores, 24 logical) with 130924MB
2024-08-24 21:41:17,477 - __main__ - DEBUG - [plugin.py:159] - eHoudini: 00:00:00   248MB         |  NVIDIA driver version 552.22
2024-08-24 21:41:17,477 - __main__ - DEBUG - [plugin.py:159] - eHoudini: 00:00:00   248MB         |  GPU 0: NVIDIA RTX A4000 @ 1560MHz (compute 8.6) with 16375MB (15884MB available) (NVLink:0)
2024-08-24 21:41:17,477 - __main__ - DEBUG - [plugin.py:159] - eHoudini: 00:00:00   248MB         |  Windows 10 (version 10.0, build 19045)
2024-08-24 21:41:17,477 - __main__ - DEBUG - [plugin.py:159] - eHoudini: 00:00:00   248MB         |  soft limit for open files changed from 8192 to 2048
2024-08-24 21:41:17,477 - __main__ - DEBUG - [plugin.py:159] - eHoudini: 00:00:00   248MB         |
2024-08-24 21:41:17,492 - __main__ - DEBUG - [plugin.py:159] - eHoudini: 00:00:00   263MB         | loading plugins from C:\solidangle\htoa\htoa-6.3.1.1_r6f505f8_houdini-20.0.653\htoa-6.3.1.1_r6f505f8_houdini-20.0.653\scripts\bin\..\plugins ...
2024-08-24 21:41:17,494 - __main__ - DEBUG - [plugin.py:159] - eHoudini: 00:00:00   263MB         |  alembic_proc.dll: alembic uses Arnold 7.3.1.1
2024-08-24 21:41:17,496 - __main__ - DEBUG - [plugin.py:159] - eHoudini: 00:00:00   263MB         |  cryptomatte.dll: cryptomatte uses Arnold 7.3.1.1
2024-08-24 21:41:17,497 - __main__ - DEBUG - [plugin.py:159] - eHoudini: 00:00:00   264MB         |  cryptomatte.dll: cryptomatte_filter uses Arnold 7.3.1.1
2024-08-24 21:41:17,497 - __main__ - DEBUG - [plugin.py:159] - eHoudini: 00:00:00   264MB         |  cryptomatte.dll: cryptomatte_manifest_driver uses Arnold 7.3.1.1
2024-08-24 21:41:17,498 - __main__ - DEBUG - [plugin.py:159] - eHoudini: 00:00:00   264MB         |  htoa_mandelbulb_proc.dll: mandelbulb uses Arnold 7.3.1.1
2024-08-24 21:41:17,575 - __main__ - DEBUG - [plugin.py:159] - eHoudini: 00:00:00   281MB         |  usd_proc.dll: usd uses Arnold 7.3.1.1
2024-08-24 21:41:17,579 - __main__ - DEBUG - [plugin.py:159] - eHoudini: 00:00:00   281MB         | loaded 6 plugins from 4 lib(s) in 0:00.08
2024-08-24 21:41:17,580 - __main__ - DEBUG - [plugin.py:159] - eHoudini: 00:00:00   287MB         | [htoa_op] Begin registration ...
2024-08-24 21:41:17,583 - __main__ - DEBUG - [plugin.py:159] - eHoudini: 00:00:00   294MB         | [obj_procedurals] Registering procedurals ...
2024-08-24 21:41:17,584 - __main__ - DEBUG - [plugin.py:159] - eHoudini: 00:00:00   287MB         | [obj_procedurals] procedural registration done.
2024-08-24 21:41:17,739 - __main__ - DEBUG - [plugin.py:159] - eHoudini: 00:00:00   315MB         | [rop_operators] Registering operators ...
2024-08-24 21:41:17,739 - __main__ - DEBUG - [plugin.py:159] - eHoudini: 00:00:00   315MB         | [rop_operators] operator registration done.
2024-08-24 21:41:18,386 - __main__ - DEBUG - [plugin.py:159] - eHoudini: 00:00:00   361MB         | [vop_shaders] Registering shaders ...
2024-08-24 21:41:18,397 - __main__ - DEBUG - [plugin.py:159] - eHoudini: 00:00:00   365MB         | [vop_shaders] shader registration done.
2024-08-24 21:41:18,397 - __main__ - DEBUG - [plugin.py:159] - eHoudini: 00:00:00   365MB         | [vop_imagers] Registering imagers ...
2024-08-24 21:41:18,399 - __main__ - DEBUG - [plugin.py:159] - eHoudini: 00:00:00   366MB         | [vop_imagers] imager registration done.
2024-08-24 21:41:18,399 - __main__ - DEBUG - [plugin.py:159] - eHoudini: 00:00:00   366MB         | [htoa_op] USD shader translation registration
2024-08-24 21:41:18,693 - __main__ - DEBUG - [plugin.py:159] - eHoudini: 00:00:01   381MB         | [htoa_op] End registration.
2024-08-24 21:41:18,693 - __main__ - DEBUG - [plugin.py:159] - eHoudini: 00:00:01   381MB         |
2024-08-24 21:41:18,694 - __main__ - DEBUG - [plugin.py:159] - eHoudini: 00:00:01   381MB         | releasing resources
2024-08-24 21:41:18,696 - __main__ - DEBUG - [plugin.py:159] - eHoudini: 00:00:01   366MB         | Arnold shutdown
2024-08-24 21:41:27,874 - __main__ - DEBUG - [plugin.py:159] - eHoudini: $ENVY:NEWSTARTFRAME=-4
2024-08-24 21:41:27,874 - __main__ - DEBUG - [plugin.py:159] - eHoudini: 1135
2024-08-24 21:41:27,875 - __main__ - DEBUG - [plugin.py:159] - eHoudini: Set parameter: /obj/heroBuildingFractured/volumes_007/f1 -> 1135
2024-08-24 21:41:27,875 - __main__ - DEBUG - [plugin.py:159] - eHoudini: 1300
2024-08-24 21:41:27,876 - __main__ - DEBUG - [plugin.py:159] - eHoudini: Set parameter: /obj/heroBuildingFractured/volumes_007/f2 -> 1300
2024-08-24 21:41:27,876 - __main__ - DEBUG - [plugin.py:159] - eHoudini: 1300
2024-08-24 21:41:27,876 - __main__ - DEBUG - [plugin.py:159] - eHoudini: Set parameter: /obj/heroBuildingFractured/volumes_007/f2 -> 1300
2024-08-24 21:41:27,876 - __main__ - DEBUG - [plugin.py:159] - eHoudini: 1.0
2024-08-24 21:41:27,948 - __main__ - DEBUG - [plugin.py:159] - eHoudini: Set parameter: /obj/heroBuildingFractured/volumes_007/NVversion -> 1.0
2024-08-24 21:41:27,948 - __main__ - DEBUG - [plugin.py:159] - eHoudini: 1.0
2024-08-24 21:41:27,949 - __main__ - DEBUG - [plugin.py:159] - eHoudini: Set parameter: /obj/heroBuildingFractured/volumes_007/substeps -> 1.0
2024-08-24 21:41:27,949 - __main__ - DEBUG - [plugin.py:159] - eHoudini: 7.0
2024-08-24 21:41:27,950 - __main__ - DEBUG - [plugin.py:159] - eHoudini: Set parameter: /obj/heroBuildingFractured/pointwrangle28/selection -> 7.0
2024-08-24 21:41:27,951 - __main__ - DEBUG - [plugin.py:159] - eHoudini: 0.5
2024-08-24 21:41:28,116 - __main__ - DEBUG - [plugin.py:159] - eHoudini: Set parameter: /obj/heroBuildingFractured/pyrosolver1/timescale -> 0.5
2024-08-24 21:41:59,488 - __main__ - DEBUG - [plugin.py:159] - eHoudini: ALF_PROGRESS 0%
2024-08-24 21:41:59,488 - __main__ - DEBUG - [plugin.py:159] - eHoudini: FINISHED
2024-08-24 21:41:59,592 - __main__ - DEBUG - [client.py:116] - sending message to server: (finish_task(): 1647)
2024-08-24 21:41:59,656 - __main__ - DEBUG - [client.py:116] - sending message to server: (start_task(): 1648)
2024-08-24 21:43:13,307 - __main__ - DEBUG - [plugin.py:159] - eHoudini: ALF_PROGRESS 1%
2024-08-24 21:43:13,307 - __main__ - DEBUG - [plugin.py:159] - eHoudini: FINISHED
2024-08-24 21:43:13,381 - __main__ - DEBUG - [client.py:116] - sending message to server: (finish_task(): 1648)
2024-08-24 21:43:13,445 - __main__ - DEBUG - [client.py:116] - sending message to server: (start_task(): 1649)
2024-08-24 21:43:53,180 - __main__ - DEBUG - [plugin.py:159] - eHoudini: ALF_PROGRESS 1%
2024-08-24 21:43:53,180 - __main__ - DEBUG - [plugin.py:159] - eHoudini: FINISHED
2024-08-24 21:43:53,268 - __main__ - DEBUG - [client.py:116] - sending message to server: (finish_task(): 1649)
2024-08-24 21:43:53,332 - __main__ - DEBUG - [client.py:116] - sending message to server: (start_task(): 1650)
2024-08-24 21:44:40,224 - __main__ - DEBUG - [plugin.py:159] - eHoudini: ALF_PROGRESS 2%
2024-08-24 21:44:40,224 - __main__ - DEBUG - [plugin.py:159] - eHoudini: FINISHED
2024-08-24 21:44:40,310 - __main__ - DEBUG - [client.py:116] - sending message to server: (finish_task(): 1650)
2024-08-24 21:44:40,374 - __main__ - DEBUG - [client.py:116] - sending message to server: (start_task(): 1651)
2024-08-24 21:45:28,445 - __main__ - DEBUG - [plugin.py:159] - eHoudini: ALF_PROGRESS 2%
2024-08-24 21:45:28,446 - __main__ - DEBUG - [plugin.py:159] - eHoudini: FINISHED
2024-08-24 21:45:28,469 - __main__ - DEBUG - [client.py:116] - sending message to server: (finish_task(): 1651)
2024-08-24 21:45:28,533 - __main__ - DEBUG - [client.py:116] - sending message to server: (start_task(): 1652)
2024-08-24 21:46:10,222 - __main__ - DEBUG - [plugin.py:159] - eHoudini: ALF_PROGRESS 3%
2024-08-24 21:46:10,222 - __main__ - DEBUG - [plugin.py:159] - eHoudini: FINISHED
2024-08-24 21:46:10,223 - __main__ - DEBUG - [plugin.py:159] - eHoudini: Save failure: IoError: could not open volumes_00/volumes_007/v1/volumes_007_v1.1140.vdb for writing
2024-08-24 21:46:10,327 - __main__ - DEBUG - [client.py:116] - sending message to server: (finish_task(): 1652)
2024-08-24 21:46:10,391 - __main__ - DEBUG - [client.py:116] - sending message to server: (start_task(): 1653)
2024-08-24 21:46:59,604 - __main__ - DEBUG - [plugin.py:159] - eHoudini: ALF_PROGRESS 4%
2024-08-24 21:47:08,250 - __main__ - DEBUG - [plugin.py:159] - eHoudini: Error:       Failed to save output to file "volumes_00/volumes_007/v1/volumes_007_v1.1140.vdb".
2024-08-24 21:47:08,250 - __main__ - DEBUG - [plugin.py:159] - eHoudini: Render failed.
2024-08-24 21:47:08,251 - __main__ - DEBUG - [plugin.py:159] - eHoudini: Pressed target button /obj/heroBuildingFractured/volumes_007/execute
2024-08-24 21:47:17,101 - __main__ - INFO - [Envy_Functions.py:179] - eHoudini: Exited
2024-08-24 21:47:17,211 - __main__ - DEBUG - [client.py:116] - sending message to server: (finish_task_allocation(): 8)
2024-08-24 21:47:17,276 - __main__ - DEBUG - [client.py:116] - sending message to server: (send_status_to_server())
2024-08-24 21:47:17,740 - __main__ - INFO - [client.py:163] - received message from: server -> (Job: volumes_007_001 Allocation: (8, 3145199041, '[1583, 1584, 1585, 1586, 1587, 1588, 1589, 1590, 1591, 1592, 1593, 1594, 1595, 1596, 1597, 1598, 1599, 1600, 1601, 1602, 1603, 1604, 1605, 1606, 1607, 1608, 1609, 1610, 1611, 1612, 1613, 1614, 1615, 1616, 1617, 1618, 1619, 1620, 1621, 1622, 1623, 1624, 1625, 1626, 1627, 1628, 1629, 1630, 1631, 1632, 1633, 1634, 1635, 1636, 1637, 1638, 1639, 1640, 1641, 1642, 1643, 1644, 1645, 1646, 1647, 1648, 1649, 1650, 1651, 1652, 1653, 1654, 1655, 1656, 1657, 1658, 1659, 1660, 1661, 1662, 1663, 1664, 1665, 1666, 1667, 1668, 1669, 1670, 1671, 1672, 1673, 1674, 1675, 1676, 1677, 1678, 1679, 1680, 1681, 1682, 1683, 1684, 1685, 1686, 1687, 1688, 1689, 1690, 1691, 1692, 1693, 1694, 1695, 1696, 1697, 1698, 1699, 1700, 1701, 1702, 1703, 1704, 1705, 1706, 1707, 1708, 1709, 1710, 1711, 1712, 1713, 1714, 1715, 1716, 1717, 1718, 1719, 1720, 1721, 1722, 1723, 1724, 1725, 1726, 1727, 1728, 1729, 1730, 1731, 1732, 1733, 1734, 1735, 1736, 1737, 1738, 1739, 1740, 1741, 1742, 1743, 1744, 1745, 1746, 1747, 1748, 1749, 1750, 1751, 1752, 1753, 1754, 1755, 1756, 1757, 1758, 1759, 1760, 1761, 1762, 1763, 1764, 1765, 1766, 1767, 1768, 1769, 1770, 1771, 1772, 1773, 1774, 1775, 1776, 1777, 1778, 1779, 1780, 1781, 1782, 1783, 1784, 1785, 1786, 1787, 1788, 1789, 1790, 1791, 1792, 1793, 1794, 1795, 1796, 1797, 1798, 1799, 1800, 1801, 1802, 1803, 1804, 1805, 1806, 1807, 1808]', 'lab3-08', 'inprogress'))
2024-08-24 21:47:18,136 - __main__ - DEBUG - [envy.py:256] - executing: await NV.PLUGIN_eHoudini(self, '{"Allocation_Id": 8, "Purpose": "simulation", "Tasks": {"1652": 1144, "1653": 1145, "1654": 1146, "1655": 1147, "1656": 1148, "1657": 1149, "1658": 1150, "1659": 1151, "1660": 1152, "1661": 1153, "1662": 1154, "1663": 1155, "1664": 1156, "1665": 1157, "1666": 1158, "1667": 1159, "1668": 1160, "1669": 1161, "1670": 1162, "1671": 1163, "1672": 1164, "1673": 1165, "1674": 1166, "1675": 1167, "1676": 1168, "1677": 1169, "1678": 1170, "1679": 1171, "1680": 1172, "1681": 1173, "1682": 1174, "1683": 1175, "1684": 1176, "1685": 1177, "1686": 1178, "1687": 1179, "1688": 1180, "1689": 1181, "1690": 1182, "1691": 1183, "1692": 1184, "1693": 1185, "1694": 1186, "1695": 1187, "1696": 1188, "1697": 1189, "1698": 1190, "1699": 1191, "1700": 1192, "1701": 1193, "1702": 1194, "1703": 1195, "1704": 1196, "1705": 1197, "1706": 1198, "1707": 1199, "1708": 1200, "1709": 1201, "1710": 1202, "1711": 1203, "1712": 1204, "1713": 1205, "1714": 1206, "1715": 1207, "1716": 1208, "1717": 1209, "1718": 1210, "1719": 1211, "1720": 1212, "1721": 1213, "1722": 1214, "1723": 1215, "1724": 1216, "1725": 1217, "1726": 1218, "1727": 1219, "1728": 1220, "1729": 1221, "1730": 1222, "1731": 1223, "1732": 1224, "1733": 1225, "1734": 1226, "1735": 1227, "1736": 1228, "1737": 1229, "1738": 1230, "1739": 1231, "1740": 1232, "1741": 1233, "1742": 1234, "1743": 1235, "1744": 1236, "1745": 1237, "1746": 1238, "1747": 1239, "1748": 1240, "1749": 1241, "1750": 1242, "1751": 1243, "1752": 1244, "1753": 1245, "1754": 1246, "1755": 1247, "1756": 1248, "1757": 1249, "1758": 1250, "1759": 1251, "1760": 1252, "1761": 1253, "1762": 1254, "1763": 1255, "1764": 1256, "1765": 1257, "1766": 1258, "1767": 1259, "1768": 1260, "1769": 1261, "1770": 1262, "1771": 1263, "1772": 1264, "1773": 1265, "1774": 1266, "1775": 1267, "1776": 1268, "1777": 1269, "1778": 1270, "1779": 1271, "1780": 1272, "1781": 1273, "1782": 1274, "1783": 1275, "1784": 1276, "1785": 1277, "1786": 1278, "1787": 1279, "1788": 1280, "1789": 1281, "1790": 1282, "1791": 1283, "1792": 1284, "1793": 1285, "1794": 1286, "1795": 1287, "1796": 1288, "1797": 1289, "1798": 1290, "1799": 1291, "1800": 1292, "1801": 1293, "1802": 1294, "1803": 1295, "1804": 1296, "1805": 1297, "1806": 1298, "1807": 1299, "1808": 1300}, "Environment": {"Start_Frame": {"/obj/heroBuildingFractured/volumes_007/f1": 1075}, "End_Frame": {"/obj/heroBuildingFractured/volumes_007/f2": 1300}, "Substeps": {"/obj/heroBuildingFractured/volumes_007/substeps": 1.0}, "Version": {"/obj/heroBuildingFractured/volumes_007/NVversion": 1.0}, "Target_Button": "/obj/heroBuildingFractured/volumes_007/execute", "HIP": "//veloxsrv/studentExtend/nathanV/__BuildingSlice__/buildingSlice_V16.hipnc", "JOB": "//veloxsrv/studentExtend/nathanV/__BuildingSlice__", "Job_Type": "resumable_simulation", "Dopnet_Initial_State_Parm": "/obj/heroBuildingFractured/pyrosolver1/dopnet1/initialstate", "Dopnet_Start_Frame_Parm": "/obj/heroBuildingFractured/pyrosolver1/dopnet1/startframe", "Checkpoint_File_Path": ["/obj/heroBuildingFractured/pyrosolver1/dopnet1/explicitcachename", "//veloxsrv/studentExtend/nathanV/__BuildingSlice__/checkpoint/dopnet1/$HIPNAME.$OS.$JOBID.$STARTFRAMETOKEN.$SF4.sim"], "Checkpoint_Trail_Length": ["/obj/heroBuildingFractured/pyrosolver1/dopnet1/explicitcachensteps", 1], "Checkpoint_Interval": ["/obj/heroBuildingFractured/pyrosolver1/dopnet1/explicitcachecheckpointspacing", 20], "$OS": "dopnet1", "Job_Id": 3145199041}, "Parameters": {"/obj/heroBuildingFractured/pointwrangle28/selection": 7.0, "/obj/heroBuildingFractured/pyrosolver1/timescale": 0.5}}', )
2024-08-24 21:47:18,137 - __main__ - INFO - [Envy_Functions.py:172] - eHoudini: Started
2024-08-24 21:47:18,138 - __main__ - DEBUG - [plugin.py:33] - Allocation Data String: {"Allocation_Id": 8, "Purpose": "simulation", "Tasks": {"1652": 1144, "1653": 1145, "1654": 1146, "1655": 1147, "1656": 1148, "1657": 1149, "1658": 1150, "1659": 1151, "1660": 1152, "1661": 1153, "1662": 1154, "1663": 1155, "1664": 1156, "1665": 1157, "1666": 1158, "1667": 1159, "1668": 1160, "1669": 1161, "1670": 1162, "1671": 1163, "1672": 1164, "1673": 1165, "1674": 1166, "1675": 1167, "1676": 1168, "1677": 1169, "1678": 1170, "1679": 1171, "1680": 1172, "1681": 1173, "1682": 1174, "1683": 1175, "1684": 1176, "1685": 1177, "1686": 1178, "1687": 1179, "1688": 1180, "1689": 1181, "1690": 1182, "1691": 1183, "1692": 1184, "1693": 1185, "1694": 1186, "1695": 1187, "1696": 1188, "1697": 1189, "1698": 1190, "1699": 1191, "1700": 1192, "1701": 1193, "1702": 1194, "1703": 1195, "1704": 1196, "1705": 1197, "1706": 1198, "1707": 1199, "1708": 1200, "1709": 1201, "1710": 1202, "1711": 1203, "1712": 1204, "1713": 1205, "1714": 1206, "1715": 1207, "1716": 1208, "1717": 1209, "1718": 1210, "1719": 1211, "1720": 1212, "1721": 1213, "1722": 1214, "1723": 1215, "1724": 1216, "1725": 1217, "1726": 1218, "1727": 1219, "1728": 1220, "1729": 1221, "1730": 1222, "1731": 1223, "1732": 1224, "1733": 1225, "1734": 1226, "1735": 1227, "1736": 1228, "1737": 1229, "1738": 1230, "1739": 1231, "1740": 1232, "1741": 1233, "1742": 1234, "1743": 1235, "1744": 1236, "1745": 1237, "1746": 1238, "1747": 1239, "1748": 1240, "1749": 1241, "1750": 1242, "1751": 1243, "1752": 1244, "1753": 1245, "1754": 1246, "1755": 1247, "1756": 1248, "1757": 1249, "1758": 1250, "1759": 1251, "1760": 1252, "1761": 1253, "1762": 1254, "1763": 1255, "1764": 1256, "1765": 1257, "1766": 1258, "1767": 1259, "1768": 1260, "1769": 1261, "1770": 1262, "1771": 1263, "1772": 1264, "1773": 1265, "1774": 1266, "1775": 1267, "1776": 1268, "1777": 1269, "1778": 1270, "1779": 1271, "1780": 1272, "1781": 1273, "1782": 1274, "1783": 1275, "1784": 1276, "1785": 1277, "1786": 1278, "1787": 1279, "1788": 1280, "1789": 1281, "1790": 1282, "1791": 1283, "1792": 1284, "1793": 1285, "1794": 1286, "1795": 1287, "1796": 1288, "1797": 1289, "1798": 1290, "1799": 1291, "1800": 1292, "1801": 1293, "1802": 1294, "1803": 1295, "1804": 1296, "1805": 1297, "1806": 1298, "1807": 1299, "1808": 1300}, "Environment": {"Start_Frame": {"/obj/heroBuildingFractured/volumes_007/f1": 1075}, "End_Frame": {"/obj/heroBuildingFractured/volumes_007/f2": 1300}, "Substeps": {"/obj/heroBuildingFractured/volumes_007/substeps": 1.0}, "Version": {"/obj/heroBuildingFractured/volumes_007/NVversion": 1.0}, "Target_Button": "/obj/heroBuildingFractured/volumes_007/execute", "HIP": "//veloxsrv/studentExtend/nathanV/__BuildingSlice__/buildingSlice_V16.hipnc", "JOB": "//veloxsrv/studentExtend/nathanV/__BuildingSlice__", "Job_Type": "resumable_simulation", "Dopnet_Initial_State_Parm": "/obj/heroBuildingFractured/pyrosolver1/dopnet1/initialstate", "Dopnet_Start_Frame_Parm": "/obj/heroBuildingFractured/pyrosolver1/dopnet1/startframe", "Checkpoint_File_Path": ["/obj/heroBuildingFractured/pyrosolver1/dopnet1/explicitcachename", "//veloxsrv/studentExtend/nathanV/__BuildingSlice__/checkpoint/dopnet1/$HIPNAME.$OS.$JOBID.$STARTFRAMETOKEN.$SF4.sim"], "Checkpoint_Trail_Length": ["/obj/heroBuildingFractured/pyrosolver1/dopnet1/explicitcachensteps", 1], "Checkpoint_Interval": ["/obj/heroBuildingFractured/pyrosolver1/dopnet1/explicitcachecheckpointspacing", 20], "$OS": "dopnet1", "Job_Id": 3145199041}, "Parameters": {"/obj/heroBuildingFractured/pointwrangle28/selection": 7.0, "/obj/heroBuildingFractured/pyrosolver1/timescale": 0.5}}
2024-08-24 21:47:18,139 - __main__ - DEBUG - [plugin.py:107] - eHoudini: starting resumable simulation process
2024-08-24 21:47:18,150 - __main__ - INFO - [plugin.py:76] - eHoudini: Started hython_process
2024-08-24 21:47:18,150 - __main__ - INFO - [plugin.py:145] - eHoudini: Monitoring output
2024-08-24 21:47:18,150 - __main__ - INFO - [plugin.py:151] - eHoudini: Monitoring error
2024-08-24 21:47:18,214 - __main__ - DEBUG - [client.py:116] - sending message to server: (send_status_to_server())
2024-08-24 21:47:19,045 - __main__ - DEBUG - [plugin.py:159] - eHoudini: 00:00:00   248MB         | log started Sat Aug 24 21:47:18 2024
2024-08-24 21:47:19,046 - __main__ - DEBUG - [plugin.py:159] - eHoudini: 00:00:00   248MB         | Arnold 7.3.1.1 [25d993ed] windows x86_64 clang-15.0.7 oiio-2.4.1 osl-1.13.0 vdb-7.1.1 adlsdk-8.0.7.50 clmhub-3.1.1.43 rlm-14.2.5 optix-8.0.0 2024/04/22 19:04:10
2024-08-24 21:47:19,046 - __main__ - DEBUG - [plugin.py:159] - eHoudini: 00:00:00   248MB         | running on lab3-08, pid=1256
2024-08-24 21:47:19,048 - __main__ - DEBUG - [plugin.py:159] - eHoudini: 00:00:00   248MB         |  1 x AMD Ryzen Threadripper PRO 5945WX 12-Cores  (12 cores, 24 logical) with 130924MB
2024-08-24 21:47:19,048 - __main__ - DEBUG - [plugin.py:159] - eHoudini: 00:00:00   248MB         |  NVIDIA driver version 552.22
2024-08-24 21:47:19,048 - __main__ - DEBUG - [plugin.py:159] - eHoudini: 00:00:00   248MB         |  GPU 0: NVIDIA RTX A4000 @ 1560MHz (compute 8.6) with 16375MB (15884MB available) (NVLink:0)
2024-08-24 21:47:19,048 - __main__ - DEBUG - [plugin.py:159] - eHoudini: 00:00:00   248MB         |  Windows 10 (version 10.0, build 19045)
2024-08-24 21:47:19,049 - __main__ - DEBUG - [plugin.py:159] - eHoudini: 00:00:00   248MB         |  soft limit for open files changed from 8192 to 2048
2024-08-24 21:47:19,049 - __main__ - DEBUG - [plugin.py:159] - eHoudini: 00:00:00   248MB         |
2024-08-24 21:47:19,064 - __main__ - DEBUG - [plugin.py:159] - eHoudini: 00:00:00   263MB         | loading plugins from C:\solidangle\htoa\htoa-6.3.1.1_r6f505f8_houdini-20.0.653\htoa-6.3.1.1_r6f505f8_houdini-20.0.653\scripts\bin\..\plugins ...
2024-08-24 21:47:19,066 - __main__ - DEBUG - [plugin.py:159] - eHoudini: 00:00:00   263MB         |  alembic_proc.dll: alembic uses Arnold 7.3.1.1
2024-08-24 21:47:19,068 - __main__ - DEBUG - [plugin.py:159] - eHoudini: 00:00:00   263MB         |  cryptomatte.dll: cryptomatte uses Arnold 7.3.1.1
2024-08-24 21:47:19,069 - __main__ - DEBUG - [plugin.py:159] - eHoudini: 00:00:00   264MB         |  cryptomatte.dll: cryptomatte_filter uses Arnold 7.3.1.1
2024-08-24 21:47:19,069 - __main__ - DEBUG - [plugin.py:159] - eHoudini: 00:00:00   264MB         |  cryptomatte.dll: cryptomatte_manifest_driver uses Arnold 7.3.1.1
2024-08-24 21:47:19,070 - __main__ - DEBUG - [plugin.py:159] - eHoudini: 00:00:00   264MB         |  htoa_mandelbulb_proc.dll: mandelbulb uses Arnold 7.3.1.1
2024-08-24 21:47:19,148 - __main__ - DEBUG - [plugin.py:159] - eHoudini: 00:00:00   281MB         |  usd_proc.dll: usd uses Arnold 7.3.1.1
2024-08-24 21:47:19,153 - __main__ - DEBUG - [plugin.py:159] - eHoudini: 00:00:00   281MB         | loaded 6 plugins from 4 lib(s) in 0:00.08
2024-08-24 21:47:19,154 - __main__ - DEBUG - [plugin.py:159] - eHoudini: 00:00:00   288MB         | [htoa_op] Begin registration ...
2024-08-24 21:47:19,157 - __main__ - DEBUG - [plugin.py:159] - eHoudini: 00:00:00   292MB         | [obj_procedurals] Registering procedurals ...
2024-08-24 21:47:19,158 - __main__ - DEBUG - [plugin.py:159] - eHoudini: 00:00:00   288MB         | [obj_procedurals] procedural registration done.
2024-08-24 21:47:19,329 - __main__ - DEBUG - [plugin.py:159] - eHoudini: 00:00:00   315MB         | [rop_operators] Registering operators ...
2024-08-24 21:47:19,334 - __main__ - DEBUG - [plugin.py:159] - eHoudini: 00:00:00   315MB         | [rop_operators] operator registration done.
2024-08-24 21:47:19,971 - __main__ - DEBUG - [plugin.py:159] - eHoudini: 00:00:00   361MB         | [vop_shaders] Registering shaders ...
2024-08-24 21:47:19,982 - __main__ - DEBUG - [plugin.py:159] - eHoudini: 00:00:00   365MB         | [vop_shaders] shader registration done.
2024-08-24 21:47:19,986 - __main__ - DEBUG - [plugin.py:159] - eHoudini: 00:00:00   365MB         | [vop_imagers] Registering imagers ...
2024-08-24 21:47:19,991 - __main__ - DEBUG - [plugin.py:159] - eHoudini: 00:00:00   365MB         | [vop_imagers] imager registration done.
2024-08-24 21:47:19,995 - __main__ - DEBUG - [plugin.py:159] - eHoudini: 00:00:00   365MB         | [htoa_op] USD shader translation registration
2024-08-24 21:47:20,286 - __main__ - DEBUG - [plugin.py:159] - eHoudini: 00:00:01   381MB         | [htoa_op] End registration.
2024-08-24 21:47:20,290 - __main__ - DEBUG - [plugin.py:159] - eHoudini: 00:00:01   381MB         |
2024-08-24 21:47:20,294 - __main__ - DEBUG - [plugin.py:159] - eHoudini: 00:00:01   381MB         | releasing resources
2024-08-24 21:47:20,298 - __main__ - DEBUG - [plugin.py:159] - eHoudini: 00:00:01   366MB         | Arnold shutdown
2024-08-24 21:47:29,329 - __main__ - DEBUG - [plugin.py:159] - eHoudini: $ENVY:NEWSTARTFRAME=-9
2024-08-24 21:47:29,334 - __main__ - DEBUG - [plugin.py:159] - eHoudini: 1135
2024-08-24 21:47:29,338 - __main__ - DEBUG - [plugin.py:159] - eHoudini: Set parameter: /obj/heroBuildingFractured/volumes_007/f1 -> 1135
2024-08-24 21:47:29,342 - __main__ - DEBUG - [plugin.py:159] - eHoudini: 1300
2024-08-24 21:47:29,346 - __main__ - DEBUG - [plugin.py:159] - eHoudini: Set parameter: /obj/heroBuildingFractured/volumes_007/f2 -> 1300
2024-08-24 21:47:29,351 - __main__ - DEBUG - [plugin.py:159] - eHoudini: 1300
2024-08-24 21:47:29,355 - __main__ - DEBUG - [plugin.py:159] - eHoudini: Set parameter: /obj/heroBuildingFractured/volumes_007/f2 -> 1300
2024-08-24 21:47:29,359 - __main__ - DEBUG - [plugin.py:159] - eHoudini: 1.0
2024-08-24 21:47:29,420 - __main__ - DEBUG - [plugin.py:159] - eHoudini: Set parameter: /obj/heroBuildingFractured/volumes_007/NVversion -> 1.0
2024-08-24 21:47:29,425 - __main__ - DEBUG - [plugin.py:159] - eHoudini: 1.0
2024-08-24 21:47:29,429 - __main__ - DEBUG - [plugin.py:159] - eHoudini: Set parameter: /obj/heroBuildingFractured/volumes_007/substeps -> 1.0
2024-08-24 21:47:29,433 - __main__ - DEBUG - [plugin.py:159] - eHoudini: 7.0
2024-08-24 21:47:29,437 - __main__ - DEBUG - [plugin.py:159] - eHoudini: Set parameter: /obj/heroBuildingFractured/pointwrangle28/selection -> 7.0
2024-08-24 21:47:29,441 - __main__ - DEBUG - [plugin.py:159] - eHoudini: 0.5
2024-08-24 21:47:29,584 - __main__ - DEBUG - [plugin.py:159] - eHoudini: Set parameter: /obj/heroBuildingFractured/pyrosolver1/timescale -> 0.5
2024-08-24 21:47:55,249 - __main__ - DEBUG - [plugin.py:159] - eHoudini: ALF_PROGRESS 0%
2024-08-24 21:47:55,255 - __main__ - DEBUG - [plugin.py:159] - eHoudini: FINISHED
2024-08-24 21:47:55,358 - __main__ - DEBUG - [client.py:116] - sending message to server: (finish_task(): 1652)
2024-08-24 21:47:55,422 - __main__ - DEBUG - [client.py:116] - sending message to server: (start_task(): 1653)
2024-08-24 21:49:08,309 - __main__ - DEBUG - [plugin.py:159] - eHoudini: ALF_PROGRESS 1%
2024-08-24 21:49:08,310 - __main__ - DEBUG - [plugin.py:159] - eHoudini: FINISHED
2024-08-24 21:49:08,395 - __main__ - DEBUG - [client.py:116] - sending message to server: (finish_task(): 1653)
2024-08-24 21:49:08,459 - __main__ - DEBUG - [client.py:116] - sending message to server: (start_task(): 1654)
2024-08-24 21:49:47,981 - __main__ - DEBUG - [plugin.py:159] - eHoudini: ALF_PROGRESS 1%
2024-08-24 21:49:47,982 - __main__ - DEBUG - [plugin.py:159] - eHoudini: FINISHED
2024-08-24 21:49:48,031 - __main__ - DEBUG - [client.py:116] - sending message to server: (finish_task(): 1654)
2024-08-24 21:49:48,095 - __main__ - DEBUG - [client.py:116] - sending message to server: (start_task(): 1655)
2024-08-24 21:50:23,513 - __main__ - INFO - [client.py:163] - received message from: server -> (sign_out())
2024-08-24 21:50:34,632 - __main__ - DEBUG - [plugin.py:159] - eHoudini: ALF_PROGRESS 2%
2024-08-24 21:50:34,632 - __main__ - DEBUG - [plugin.py:159] - eHoudini: FINISHED
2024-08-24 21:50:34,725 - __main__ - DEBUG - [client.py:116] - sending message to server: (finish_task(): 1655)
2024-08-24 21:50:34,789 - __main__ - DEBUG - [client.py:116] - sending message to server: (start_task(): 1656)
2024-08-24 21:50:40,017 - __main__ - INFO - [client.py:163] - received message from: server -> (sign_out())
2024-08-24 21:51:22,478 - __main__ - DEBUG - [plugin.py:159] - eHoudini: ALF_PROGRESS 2%
2024-08-24 21:51:22,478 - __main__ - DEBUG - [plugin.py:159] - eHoudini: FINISHED
2024-08-24 21:51:22,594 - __main__ - DEBUG - [client.py:116] - sending message to server: (finish_task(): 1656)
2024-08-24 21:51:22,657 - __main__ - DEBUG - [client.py:116] - sending message to server: (start_task(): 1657)
2024-08-24 21:52:04,047 - __main__ - DEBUG - [plugin.py:159] - eHoudini: ALF_PROGRESS 3%
2024-08-24 21:52:04,048 - __main__ - DEBUG - [plugin.py:159] - eHoudini: FINISHED
2024-08-24 21:52:04,093 - __main__ - DEBUG - [client.py:116] - sending message to server: (finish_task(): 1657)
2024-08-24 21:52:04,157 - __main__ - DEBUG - [client.py:116] - sending message to server: (start_task(): 1658)
2024-08-24 21:52:53,692 - __main__ - DEBUG - [plugin.py:159] - eHoudini: ALF_PROGRESS 4%
2024-08-24 21:52:53,692 - __main__ - DEBUG - [plugin.py:159] - eHoudini: FINISHED
2024-08-24 21:52:53,793 - __main__ - DEBUG - [client.py:116] - sending message to server: (finish_task(): 1658)
2024-08-24 21:52:53,840 - __main__ - DEBUG - [client.py:116] - sending message to server: (start_task(): 1659)
2024-08-24 21:53:37,160 - __main__ - DEBUG - [plugin.py:159] - eHoudini: ALF_PROGRESS 4%
2024-08-24 21:53:37,161 - __main__ - DEBUG - [plugin.py:159] - eHoudini: FINISHED
2024-08-24 21:53:37,191 - __main__ - DEBUG - [client.py:116] - sending message to server: (finish_task(): 1659)
2024-08-24 21:53:37,253 - __main__ - DEBUG - [client.py:116] - sending message to server: (start_task(): 1660)
2024-08-24 21:54:28,576 - __main__ - DEBUG - [plugin.py:159] - eHoudini: ALF_PROGRESS 5%
2024-08-24 21:54:28,577 - __main__ - DEBUG - [plugin.py:159] - eHoudini: FINISHED
2024-08-24 21:54:28,610 - __main__ - DEBUG - [client.py:116] - sending message to server: (finish_task(): 1660)
2024-08-24 21:54:28,674 - __main__ - DEBUG - [client.py:116] - sending message to server: (start_task(): 1661)
2024-08-24 21:55:21,034 - __main__ - DEBUG - [plugin.py:159] - eHoudini: ALF_PROGRESS 5%
2024-08-24 21:55:21,035 - __main__ - DEBUG - [plugin.py:159] - eHoudini: FINISHED
2024-08-24 21:55:21,126 - __main__ - DEBUG - [client.py:116] - sending message to server: (finish_task(): 1661)
2024-08-24 21:55:21,190 - __main__ - DEBUG - [client.py:116] - sending message to server: (start_task(): 1662)
2024-08-24 21:56:14,230 - __main__ - DEBUG - [plugin.py:159] - eHoudini: ALF_PROGRESS 6%
2024-08-24 21:56:14,231 - __main__ - DEBUG - [plugin.py:159] - eHoudini: FINISHED
2024-08-24 21:56:14,232 - __main__ - DEBUG - [plugin.py:159] - eHoudini: Save failure: IoError: could not open volumes_00/volumes_007/v1/volumes_007_v1.1145.vdb for writing
2024-08-24 21:56:14,312 - __main__ - DEBUG - [client.py:116] - sending message to server: (finish_task(): 1662)
2024-08-24 21:56:14,375 - __main__ - DEBUG - [client.py:116] - sending message to server: (start_task(): 1663)
2024-08-24 21:56:59,946 - __main__ - DEBUG - [plugin.py:159] - eHoudini: ALF_PROGRESS 7%
2024-08-24 21:57:27,040 - __main__ - DEBUG - [plugin.py:159] - eHoudini: Error:       Failed to save output to file "volumes_00/volumes_007/v1/volumes_007_v1.1145.vdb".
2024-08-24 21:57:27,040 - __main__ - DEBUG - [plugin.py:159] - eHoudini: Render failed.
2024-08-24 21:57:27,041 - __main__ - DEBUG - [plugin.py:159] - eHoudini: Pressed target button /obj/heroBuildingFractured/volumes_007/execute
2024-08-24 21:57:36,475 - __main__ - INFO - [Envy_Functions.py:179] - eHoudini: Exited
2024-08-24 21:57:36,538 - __main__ - DEBUG - [client.py:116] - sending message to server: (finish_task_allocation(): 8)
2024-08-24 21:57:36,602 - __main__ - DEBUG - [client.py:116] - sending message to server: (send_status_to_server())
2024-08-24 21:57:36,984 - __main__ - DEBUG - [envy.py:256] - executing: await NV.sign_out(self, )
