

2024-08-23 21:03:22.827718
21:03:222024-08-23 21:03:24,255 - __main__ - DEBUG - [envy.py:57] - choosing role
2024-08-23 21:03:24,263 - __main__ - DEBUG - [client.py:39] - health checking server
2024-08-23 21:03:24,268 - __main__ - DEBUG - [envy.py:65] - server health check status: True
2024-08-23 21:03:24,268 - __main__ - DEBUG - [envy.py:68] - I am a Client
2024-08-23 21:03:24,268 - __main__ - INFO - [envy.py:127] - Started Envy
2024-08-23 21:03:24,268 - __main__ - DEBUG - [envy.py:148] - envy.connect: Purpose is client
2024-08-23 21:03:24,268 - __main__ - DEBUG - [envy_utils.py:94] - getting server IP
2024-08-23 21:03:24,268 - __main__ - DEBUG - [envy_utils.py:106] - server file found
2024-08-23 21:03:24,270 - __main__ - DEBUG - [envy_utils.py:110] - server ip address is: 10.1.16.25
2024-08-23 21:03:24,270 - __main__ - DEBUG - [client.py:53] - attempting to connect with server at ws://10.1.16.25:37020/client
2024-08-23 21:03:24,271 - __main__ - DEBUG - [client.py:134] - networkUtils.client started
2024-08-23 21:03:24,271 - __main__ - INFO - [client.py:146] - Client: Connected
2024-08-23 21:03:24,271 - __main__ - DEBUG - [client.py:158] - connected to: 10.1.16.25
2024-08-23 21:03:24,325 - __main__ - DEBUG - [client.py:116] - sending message to server: (send_status_to_server())
2024-08-23 21:03:24,325 - __main__ - INFO - [client.py:163] - received message from: server -> (fill_buffer(self, 'server_name', 'lab5-04', ))
2024-08-23 21:03:24,776 - __main__ - DEBUG - [envy.py:256] - executing: await NV.fill_buffer(self, 'server_name', 'lab5-04', )
2024-08-23 21:04:59,375 - __main__ - DEBUG - [client.py:172] - consumer_handler: no close frame received or sent
2024-08-23 21:05:00,588 - __main__ - WARNING - [client.py:150] - connection closed with server
2024-08-23 21:05:00,588 - __main__ - DEBUG - [client.py:189] - stopping client
2024-08-23 21:05:00,588 - __main__ - DEBUG - [client.py:98] - disconnecting websocket
2024-08-23 21:05:00,588 - __main__ - DEBUG - [client.py:106] - Connection Closed Successfully
2024-08-23 21:05:00,588 - __main__ - DEBUG - [client.py:200] - cleaning up tasks
2024-08-23 21:05:00,589 - __main__ - DEBUG - [client.py:203] - cancelling task client.consumer_handler
2024-08-23 21:05:00,589 - __main__ - DEBUG - [client.py:213] - client stopped
2024-08-23 21:05:00,589 - __main__ - DEBUG - [envy.py:197] - cleaning up envy.client_dependant_tasks
2024-08-23 21:05:00,589 - __main__ - INFO - [envy.py:213] - electing new server
2024-08-23 21:05:00,589 - __main__ - DEBUG - [envy_utils.py:148] - opening clients file at Z:/school/envy/__envytest__/Connections/clients.json
2024-08-23 21:05:00,601 - __main__ - DEBUG - [envy_utils.py:153] - returning clients: {'lab5-04': {'IP': '10.1.16.25', 'Status': 'idle', 'Job': None, 'Allocation': None}, 'LAB5-05': {'IP': '10.1.16.26', 'Status': 'idle', 'Job': None, 'Allocation': None}}
2024-08-23 21:05:00,602 - __main__ - DEBUG - [envy.py:221] - removing old server from eligible clients
2024-08-23 21:05:00,602 - __main__ - DEBUG - [envy.py:227] - New server: LAB5-05
2024-08-23 21:05:00,602 - __main__ - DEBUG - [envy.py:148] - envy.connect: Purpose is server
2024-08-23 21:05:00,603 - __main__ - DEBUG - [envy.py:105] - writing server file
2024-08-23 21:05:00,667 - __main__ - DEBUG - [client.py:116] - sending message to server: (send_status_to_server())
2024-08-23 21:05:01,603 - __main__ - DEBUG - [envy_utils.py:94] - getting server IP
2024-08-23 21:05:01,604 - __main__ - DEBUG - [envy_utils.py:106] - server file found
2024-08-23 21:05:01,616 - __main__ - DEBUG - [envy_utils.py:110] - server ip address is: 10.1.16.25
2024-08-23 21:05:01,616 - __main__ - DEBUG - [client.py:53] - attempting to connect with server at ws://10.1.16.25:37020/client
2024-08-23 21:05:11,621 - __main__ - INFO - [envy.py:155] - Failed to connect to server
2024-08-23 21:05:11,621 - __main__ - INFO - [envy.py:159] - Failed to connect because of timeout
2024-08-23 21:05:11,622 - __main__ - DEBUG - [envy.py:160] - Info: , exception type: <class 'TimeoutError'>
2024-08-23 21:05:11,622 - __main__ - INFO - [envy.py:213] - electing new server
2024-08-23 21:05:11,623 - __main__ - DEBUG - [envy_utils.py:148] - opening clients file at Z:/school/envy/__envytest__/Connections/clients.json
2024-08-23 21:05:11,624 - __main__ - DEBUG - [envy_utils.py:153] - returning clients: {'lab5-04': {'IP': '10.1.16.25', 'Status': 'idle', 'Job': None, 'Allocation': None}, 'LAB5-05': {'IP': '10.1.16.26', 'Status': 'idle', 'Job': None, 'Allocation': None}}
2024-08-23 21:05:11,624 - __main__ - DEBUG - [envy.py:221] - removing old server from eligible clients
2024-08-23 21:05:11,625 - __main__ - DEBUG - [envy.py:227] - New server: LAB5-05
2024-08-23 21:05:11,625 - __main__ - DEBUG - [envy.py:148] - envy.connect: Purpose is server
2024-08-23 21:05:11,625 - __main__ - DEBUG - [envy.py:105] - writing server file
2024-08-23 21:05:11,626 - __main__ - DEBUG - [envy_utils.py:94] - getting server IP
2024-08-23 21:05:11,626 - __main__ - DEBUG - [envy_utils.py:106] - server file found
2024-08-23 21:05:11,632 - __main__ - DEBUG - [envy_utils.py:110] - server ip address is: 10.1.16.26
2024-08-23 21:05:11,632 - __main__ - DEBUG - [client.py:53] - attempting to connect with server at ws://10.1.16.26:37020/client
2024-08-23 21:05:11,636 - __main__ - DEBUG - [client.py:134] - networkUtils.client started
2024-08-23 21:05:11,636 - __main__ - INFO - [client.py:146] - Client: Connected
2024-08-23 21:05:11,637 - __main__ - DEBUG - [client.py:158] - connected to: 10.1.16.26
2024-08-23 21:05:11,641 - __main__ - INFO - [client.py:163] - received message from: server -> (fill_buffer(self, 'server_name', 'LAB5-05', ))
2024-08-23 21:05:11,683 - __main__ - DEBUG - [client.py:116] - sending message to server: (send_status_to_server())
2024-08-23 21:05:11,714 - __main__ - DEBUG - [envy.py:256] - executing: await NV.fill_buffer(self, 'server_name', 'LAB5-05', )
2024-08-23 21:05:12,103 - __main__ - INFO - [client.py:163] - received message from: server -> (Job: NV_jobProcessor1_001 Allocation: (29, 10, '[901, 902, 903, 904, 905, 906, 907, 908, 909, 910, 911, 912, 913, 914, 915, 916, 917, 918, 919, 920, 921, 922, 923, 924, 925, 926, 927, 928, 929, 930, 931, 932, 933, 934, 935, 936, 937, 938, 939, 940, 941, 942, 943, 944, 945, 946, 947, 948, 949, 950, 951, 952, 953, 954, 955, 956, 957, 958, 959, 960, 961, 962, 963, 964, 965, 966, 967, 968, 969, 970, 971, 972, 973, 974, 975, 976, 977, 978, 979, 980, 981, 982, 983, 984, 985, 986, 987, 988, 989, 990, 991, 992, 993, 994, 995, 996, 997, 998, 999, 1000]', 'LAB5-05', 'inprogress'))
2024-08-23 21:05:12,233 - __main__ - DEBUG - [envy.py:256] - executing: await NV.PLUGIN_eHoudini(self, '{"Allocation_Id": 29, "Purpose": "simulation", "Tasks": {"924": 1024, "925": 1025, "926": 1026, "927": 1027, "928": 1028, "929": 1029, "930": 1030, "931": 1031, "932": 1032, "933": 1033, "934": 1034, "935": 1035, "936": 1036, "937": 1037, "938": 1038, "939": 1039, "940": 1040, "941": 1041, "942": 1042, "943": 1043, "944": 1044, "945": 1045, "946": 1046, "947": 1047, "948": 1048, "949": 1049, "950": 1050, "951": 1051, "952": 1052, "953": 1053, "954": 1054, "955": 1055, "956": 1056, "957": 1057, "958": 1058, "959": 1059, "960": 1060, "961": 1061, "962": 1062, "963": 1063, "964": 1064, "965": 1065, "966": 1066, "967": 1067, "968": 1068, "969": 1069, "970": 1070, "971": 1071, "972": 1072, "973": 1073, "974": 1074, "975": 1075, "976": 1076, "977": 1077, "978": 1078, "979": 1079, "980": 1080, "981": 1081, "982": 1082, "983": 1083, "984": 1084, "985": 1085, "986": 1086, "987": 1087, "988": 1088, "989": 1089, "990": 1090, "991": 1091, "992": 1092, "993": 1093, "994": 1094, "995": 1095, "996": 1096, "997": 1097, "998": 1098, "999": 1099, "1000": 1100}, "Environment": {"Start_Frame": {"/obj/billowy_smoke/smoke_sim/f1": 1001}, "End_Frame": {"/obj/billowy_smoke/smoke_sim/f2": 1100}, "Substeps": {"/obj/billowy_smoke/smoke_sim/substeps": 1.0}, "Version": {"/obj/billowy_smoke/smoke_sim/NVversion": 2.0}, "Target_Button": "/obj/billowy_smoke/smoke_sim/execute", "HIP": "Z:/school/Ehoudini/jobProcessor.hipnc", "JOB": "C:/Users/Nathan.v0602", "Job_Type": "resumable_simulation", "Dopnet_Initial_State_Parm": "/obj/billowysmoke_simulation/initialstate", "Dopnet_Start_Frame_Parm": "/obj/billowysmoke_simulation/startframe", "Checkpoint_File_Path": ["/obj/billowysmoke_simulation/explicitcachename", "Z:/school/Ehoudini/checkpoint/billowysmoke_simulation/$HIPNAME.$OS.$STARTFRAMETOKEN.$SF4.sim"], "Checkpoint_Trail_Length": ["/obj/billowysmoke_simulation/explicitcachensteps", 1], "Checkpoint_Interval": ["/obj/billowysmoke_simulation/explicitcachecheckpointspacing", 5], "$OS": "billowysmoke_simulation"}, "Parameters": {}}', )
2024-08-23 21:05:12,257 - __main__ - INFO - [Envy_Functions.py:172] - eHoudini: Started
2024-08-23 21:05:12,258 - __main__ - DEBUG - [plugin.py:33] - Allocation Data String: {"Allocation_Id": 29, "Purpose": "simulation", "Tasks": {"924": 1024, "925": 1025, "926": 1026, "927": 1027, "928": 1028, "929": 1029, "930": 1030, "931": 1031, "932": 1032, "933": 1033, "934": 1034, "935": 1035, "936": 1036, "937": 1037, "938": 1038, "939": 1039, "940": 1040, "941": 1041, "942": 1042, "943": 1043, "944": 1044, "945": 1045, "946": 1046, "947": 1047, "948": 1048, "949": 1049, "950": 1050, "951": 1051, "952": 1052, "953": 1053, "954": 1054, "955": 1055, "956": 1056, "957": 1057, "958": 1058, "959": 1059, "960": 1060, "961": 1061, "962": 1062, "963": 1063, "964": 1064, "965": 1065, "966": 1066, "967": 1067, "968": 1068, "969": 1069, "970": 1070, "971": 1071, "972": 1072, "973": 1073, "974": 1074, "975": 1075, "976": 1076, "977": 1077, "978": 1078, "979": 1079, "980": 1080, "981": 1081, "982": 1082, "983": 1083, "984": 1084, "985": 1085, "986": 1086, "987": 1087, "988": 1088, "989": 1089, "990": 1090, "991": 1091, "992": 1092, "993": 1093, "994": 1094, "995": 1095, "996": 1096, "997": 1097, "998": 1098, "999": 1099, "1000": 1100}, "Environment": {"Start_Frame": {"/obj/billowy_smoke/smoke_sim/f1": 1001}, "End_Frame": {"/obj/billowy_smoke/smoke_sim/f2": 1100}, "Substeps": {"/obj/billowy_smoke/smoke_sim/substeps": 1.0}, "Version": {"/obj/billowy_smoke/smoke_sim/NVversion": 2.0}, "Target_Button": "/obj/billowy_smoke/smoke_sim/execute", "HIP": "Z:/school/Ehoudini/jobProcessor.hipnc", "JOB": "C:/Users/Nathan.v0602", "Job_Type": "resumable_simulation", "Dopnet_Initial_State_Parm": "/obj/billowysmoke_simulation/initialstate", "Dopnet_Start_Frame_Parm": "/obj/billowysmoke_simulation/startframe", "Checkpoint_File_Path": ["/obj/billowysmoke_simulation/explicitcachename", "Z:/school/Ehoudini/checkpoint/billowysmoke_simulation/$HIPNAME.$OS.$STARTFRAMETOKEN.$SF4.sim"], "Checkpoint_Trail_Length": ["/obj/billowysmoke_simulation/explicitcachensteps", 1], "Checkpoint_Interval": ["/obj/billowysmoke_simulation/explicitcachecheckpointspacing", 5], "$OS": "billowysmoke_simulation"}, "Parameters": {}}
2024-08-23 21:05:12,258 - __main__ - DEBUG - [plugin.py:107] - eHoudini: starting resumable simulation process
2024-08-23 21:05:12,270 - __main__ - DEBUG - [client.py:116] - sending message to server: (send_status_to_server())
2024-08-23 21:05:12,270 - __main__ - INFO - [plugin.py:76] - eHoudini: Started hython_process
2024-08-23 21:05:12,271 - __main__ - INFO - [plugin.py:145] - eHoudini: Monitoring output
2024-08-23 21:05:12,271 - __main__ - INFO - [plugin.py:151] - eHoudini: Monitoring error
2024-08-23 21:05:17,470 - __main__ - DEBUG - [plugin.py:159] - eHoudini: 00:00:00   247MB         | log started Fri Aug 23 21:05:17 2024
2024-08-23 21:05:17,471 - __main__ - DEBUG - [plugin.py:159] - eHoudini: 00:00:00   247MB         | Arnold 7.3.1.1 [25d993ed] windows x86_64 clang-15.0.7 oiio-2.4.1 osl-1.13.0 vdb-7.1.1 adlsdk-8.0.7.50 clmhub-3.1.1.43 rlm-14.2.5 optix-8.0.0 2024/04/22 19:04:10
2024-08-23 21:05:17,471 - __main__ - DEBUG - [plugin.py:159] - eHoudini: 00:00:00   247MB         | running on LAB5-05, pid=35444
2024-08-23 21:05:17,472 - __main__ - DEBUG - [plugin.py:159] - eHoudini: 00:00:00   247MB         |  1 x AMD Ryzen Threadripper PRO 3945WX 12-Cores  (12 cores, 24 logical) with 130925MB
2024-08-23 21:05:17,472 - __main__ - DEBUG - [plugin.py:159] - eHoudini: 00:00:00   247MB         |  NVIDIA driver version 555.85
2024-08-23 21:05:17,472 - __main__ - DEBUG - [plugin.py:159] - eHoudini: 00:00:00   247MB         |  GPU 0: NVIDIA GeForce RTX 3080 @ 1710MHz (compute 8.6) with 10239MB (9744MB available) (NVLink:0)
2024-08-23 21:05:17,473 - __main__ - DEBUG - [plugin.py:159] - eHoudini: 00:00:00   247MB         |  Windows 10 (version 10.0, build 19045)
2024-08-23 21:05:17,473 - __main__ - DEBUG - [plugin.py:159] - eHoudini: 00:00:00   247MB         |  soft limit for open files changed from 8192 to 2048
2024-08-23 21:05:17,473 - __main__ - DEBUG - [plugin.py:159] - eHoudini: 00:00:00   247MB         |
2024-08-23 21:05:17,492 - __main__ - DEBUG - [plugin.py:159] - eHoudini: 00:00:00   261MB         | loading plugins from C:\solidangle\htoa\htoa-6.3.1.1_r6f505f8_houdini-20.0.653\htoa-6.3.1.1_r6f505f8_houdini-20.0.653\scripts\bin\..\plugins ...
2024-08-23 21:05:17,510 - __main__ - DEBUG - [plugin.py:159] - eHoudini: 00:00:00   262MB         |  alembic_proc.dll: alembic uses Arnold 7.3.1.1
2024-08-23 21:05:17,525 - __main__ - DEBUG - [plugin.py:159] - eHoudini: 00:00:00   262MB         |  cryptomatte.dll: cryptomatte uses Arnold 7.3.1.1
2024-08-23 21:05:17,525 - __main__ - DEBUG - [plugin.py:159] - eHoudini: 00:00:00   262MB         |  cryptomatte.dll: cryptomatte_filter uses Arnold 7.3.1.1
2024-08-23 21:05:17,526 - __main__ - DEBUG - [plugin.py:159] - eHoudini: 00:00:00   262MB         |  cryptomatte.dll: cryptomatte_manifest_driver uses Arnold 7.3.1.1
2024-08-23 21:05:17,539 - __main__ - DEBUG - [plugin.py:159] - eHoudini: 00:00:00   262MB         |  htoa_mandelbulb_proc.dll: mandelbulb uses Arnold 7.3.1.1
2024-08-23 21:05:17,876 - __main__ - DEBUG - [plugin.py:159] - eHoudini: 00:00:00   279MB         |  usd_proc.dll: usd uses Arnold 7.3.1.1
2024-08-23 21:05:17,884 - __main__ - DEBUG - [plugin.py:159] - eHoudini: 00:00:00   280MB         | loaded 6 plugins from 4 lib(s) in 0:00.39
2024-08-23 21:05:17,886 - __main__ - DEBUG - [plugin.py:159] - eHoudini: 00:00:00   286MB         | [htoa_op] Begin registration ...
2024-08-23 21:05:17,889 - __main__ - DEBUG - [plugin.py:159] - eHoudini: 00:00:00   293MB         | [obj_procedurals] Registering procedurals ...
2024-08-23 21:05:17,890 - __main__ - DEBUG - [plugin.py:159] - eHoudini: 00:00:00   288MB         | [obj_procedurals] procedural registration done.
2024-08-23 21:05:19,311 - __main__ - DEBUG - [plugin.py:159] - eHoudini: 00:00:01   313MB         | [rop_operators] Registering operators ...
2024-08-23 21:05:19,312 - __main__ - DEBUG - [plugin.py:159] - eHoudini: 00:00:01   313MB         | [rop_operators] operator registration done.
2024-08-23 21:05:21,094 - __main__ - DEBUG - [plugin.py:159] - eHoudini: 00:00:03   359MB         | [vop_shaders] Registering shaders ...
2024-08-23 21:05:21,107 - __main__ - DEBUG - [plugin.py:159] - eHoudini: 00:00:03   363MB         | [vop_shaders] shader registration done.
2024-08-23 21:05:21,107 - __main__ - DEBUG - [plugin.py:159] - eHoudini: 00:00:03   363MB         | [vop_imagers] Registering imagers ...
2024-08-23 21:05:21,109 - __main__ - DEBUG - [plugin.py:159] - eHoudini: 00:00:03   363MB         | [vop_imagers] imager registration done.
2024-08-23 21:05:21,109 - __main__ - DEBUG - [plugin.py:159] - eHoudini: 00:00:03   363MB         | [htoa_op] USD shader translation registration
2024-08-23 21:05:21,799 - __main__ - DEBUG - [plugin.py:159] - eHoudini: 00:00:04   379MB         | [htoa_op] End registration.
2024-08-23 21:05:21,800 - __main__ - DEBUG - [plugin.py:159] - eHoudini: 00:00:04   379MB         |
2024-08-23 21:05:21,800 - __main__ - DEBUG - [plugin.py:159] - eHoudini: 00:00:04   379MB         | releasing resources
2024-08-23 21:05:21,803 - __main__ - DEBUG - [plugin.py:159] - eHoudini: 00:00:04   363MB         | Arnold shutdown
2024-08-23 21:05:32,562 - __main__ - DEBUG - [plugin.py:159] - eHoudini: $ENVY:NEWSTARTFRAME=3
2024-08-23 21:05:32,562 - __main__ - DEBUG - [plugin.py:159] - eHoudini: 1021
2024-08-23 21:05:32,563 - __main__ - DEBUG - [plugin.py:159] - eHoudini: Set parameter: /obj/billowy_smoke/smoke_sim/f1 -> 1021
2024-08-23 21:05:32,563 - __main__ - DEBUG - [plugin.py:159] - eHoudini: 1100
2024-08-23 21:05:32,563 - __main__ - DEBUG - [plugin.py:159] - eHoudini: Set parameter: /obj/billowy_smoke/smoke_sim/f2 -> 1100
2024-08-23 21:05:32,564 - __main__ - DEBUG - [plugin.py:159] - eHoudini: 1100
2024-08-23 21:05:32,564 - __main__ - DEBUG - [plugin.py:159] - eHoudini: Set parameter: /obj/billowy_smoke/smoke_sim/f2 -> 1100
2024-08-23 21:05:32,564 - __main__ - DEBUG - [plugin.py:159] - eHoudini: 2.0
2024-08-23 21:05:32,620 - __main__ - DEBUG - [plugin.py:159] - eHoudini: Set parameter: /obj/billowy_smoke/smoke_sim/NVversion -> 2.0
2024-08-23 21:05:32,620 - __main__ - DEBUG - [plugin.py:159] - eHoudini: 1.0
2024-08-23 21:05:32,621 - __main__ - DEBUG - [plugin.py:159] - eHoudini: Set parameter: /obj/billowy_smoke/smoke_sim/substeps -> 1.0
2024-08-23 21:05:33,071 - __main__ - DEBUG - [plugin.py:159] - eHoudini: ALF_PROGRESS 0%
2024-08-23 21:05:33,072 - __main__ - DEBUG - [plugin.py:159] - eHoudini: FINISHED
2024-08-23 21:05:35,590 - __main__ - DEBUG - [plugin.py:159] - eHoudini: ALF_PROGRESS 1%
2024-08-23 21:05:35,590 - __main__ - DEBUG - [plugin.py:159] - eHoudini: FINISHED
2024-08-23 21:05:36,020 - __main__ - DEBUG - [plugin.py:159] - eHoudini: ALF_PROGRESS 3%
2024-08-23 21:05:36,020 - __main__ - DEBUG - [plugin.py:159] - eHoudini: FINISHED
2024-08-23 21:05:36,319 - __main__ - DEBUG - [plugin.py:159] - eHoudini: ALF_PROGRESS 4%
2024-08-23 21:05:36,320 - __main__ - DEBUG - [plugin.py:159] - eHoudini: FINISHED
2024-08-23 21:05:36,428 - __main__ - DEBUG - [client.py:116] - sending message to server: (finish_task(): 924)
2024-08-23 21:05:36,490 - __main__ - DEBUG - [client.py:116] - sending message to server: (start_task(): 925)
2024-08-23 21:05:37,009 - __main__ - DEBUG - [plugin.py:159] - eHoudini: ALF_PROGRESS 5%
2024-08-23 21:05:37,010 - __main__ - DEBUG - [plugin.py:159] - eHoudini: FINISHED
2024-08-23 21:05:37,103 - __main__ - DEBUG - [client.py:116] - sending message to server: (finish_task(): 925)
2024-08-23 21:05:37,162 - __main__ - DEBUG - [client.py:116] - sending message to server: (start_task(): 926)
2024-08-23 21:05:37,408 - __main__ - DEBUG - [plugin.py:159] - eHoudini: ALF_PROGRESS 6%
2024-08-23 21:05:37,408 - __main__ - DEBUG - [plugin.py:159] - eHoudini: FINISHED
2024-08-23 21:05:37,434 - __main__ - DEBUG - [client.py:116] - sending message to server: (finish_task(): 926)
2024-08-23 21:05:37,496 - __main__ - DEBUG - [client.py:116] - sending message to server: (start_task(): 927)
2024-08-23 21:05:37,764 - __main__ - DEBUG - [plugin.py:159] - eHoudini: ALF_PROGRESS 8%
2024-08-23 21:05:37,764 - __main__ - DEBUG - [plugin.py:159] - eHoudini: FINISHED
2024-08-23 21:05:37,876 - __main__ - DEBUG - [client.py:116] - sending message to server: (finish_task(): 927)
2024-08-23 21:05:37,955 - __main__ - DEBUG - [client.py:116] - sending message to server: (start_task(): 928)
2024-08-23 21:05:38,121 - __main__ - DEBUG - [plugin.py:159] - eHoudini: ALF_PROGRESS 9%
2024-08-23 21:05:38,122 - __main__ - DEBUG - [plugin.py:159] - eHoudini: FINISHED
2024-08-23 21:05:38,225 - __main__ - DEBUG - [client.py:116] - sending message to server: (finish_task(): 928)
2024-08-23 21:05:38,291 - __main__ - DEBUG - [client.py:116] - sending message to server: (start_task(): 929)
2024-08-23 21:05:38,488 - __main__ - DEBUG - [plugin.py:159] - eHoudini: ALF_PROGRESS 10%
2024-08-23 21:05:38,488 - __main__ - DEBUG - [plugin.py:159] - eHoudini: FINISHED
2024-08-23 21:05:38,559 - __main__ - DEBUG - [client.py:116] - sending message to server: (finish_task(): 929)
2024-08-23 21:05:38,624 - __main__ - DEBUG - [client.py:116] - sending message to server: (start_task(): 930)
2024-08-23 21:05:39,334 - __main__ - DEBUG - [plugin.py:159] - eHoudini: ALF_PROGRESS 11%
2024-08-23 21:05:39,335 - __main__ - DEBUG - [plugin.py:159] - eHoudini: FINISHED
2024-08-23 21:05:39,441 - __main__ - DEBUG - [client.py:116] - sending message to server: (finish_task(): 930)
2024-08-23 21:05:39,505 - __main__ - DEBUG - [client.py:116] - sending message to server: (start_task(): 931)
2024-08-23 21:05:39,725 - __main__ - DEBUG - [plugin.py:159] - eHoudini: ALF_PROGRESS 13%
2024-08-23 21:05:39,725 - __main__ - DEBUG - [plugin.py:159] - eHoudini: FINISHED
2024-08-23 21:05:39,793 - __main__ - DEBUG - [client.py:116] - sending message to server: (finish_task(): 931)
2024-08-23 21:05:39,856 - __main__ - DEBUG - [client.py:116] - sending message to server: (start_task(): 932)
2024-08-23 21:05:40,122 - __main__ - DEBUG - [plugin.py:159] - eHoudini: ALF_PROGRESS 14%
2024-08-23 21:05:40,123 - __main__ - DEBUG - [plugin.py:159] - eHoudini: FINISHED
2024-08-23 21:05:40,160 - __main__ - DEBUG - [client.py:116] - sending message to server: (finish_task(): 932)
2024-08-23 21:05:40,224 - __main__ - DEBUG - [client.py:116] - sending message to server: (start_task(): 933)
2024-08-23 21:05:40,590 - __main__ - DEBUG - [plugin.py:159] - eHoudini: ALF_PROGRESS 15%
2024-08-23 21:05:40,590 - __main__ - DEBUG - [plugin.py:159] - eHoudini: FINISHED
2024-08-23 21:05:40,621 - __main__ - DEBUG - [client.py:116] - sending message to server: (finish_task(): 933)
2024-08-23 21:05:40,684 - __main__ - DEBUG - [client.py:116] - sending message to server: (start_task(): 934)
2024-08-23 21:05:41,007 - __main__ - DEBUG - [plugin.py:159] - eHoudini: ALF_PROGRESS 16%
2024-08-23 21:05:41,008 - __main__ - DEBUG - [plugin.py:159] - eHoudini: FINISHED
2024-08-23 21:05:41,077 - __main__ - DEBUG - [client.py:116] - sending message to server: (finish_task(): 934)
2024-08-23 21:05:41,155 - __main__ - DEBUG - [client.py:116] - sending message to server: (start_task(): 935)
2024-08-23 21:05:41,992 - __main__ - DEBUG - [plugin.py:159] - eHoudini: ALF_PROGRESS 18%
2024-08-23 21:05:41,992 - __main__ - DEBUG - [plugin.py:159] - eHoudini: FINISHED
2024-08-23 21:05:42,105 - __main__ - DEBUG - [client.py:116] - sending message to server: (finish_task(): 935)
2024-08-23 21:05:42,170 - __main__ - DEBUG - [client.py:116] - sending message to server: (start_task(): 936)
2024-08-23 21:05:42,434 - __main__ - DEBUG - [plugin.py:159] - eHoudini: ALF_PROGRESS 19%
2024-08-23 21:05:42,434 - __main__ - DEBUG - [plugin.py:159] - eHoudini: FINISHED
2024-08-23 21:05:42,458 - __main__ - DEBUG - [client.py:116] - sending message to server: (finish_task(): 936)
2024-08-23 21:05:42,542 - __main__ - DEBUG - [client.py:116] - sending message to server: (start_task(): 937)
2024-08-23 21:05:42,886 - __main__ - DEBUG - [plugin.py:159] - eHoudini: ALF_PROGRESS 20%
2024-08-23 21:05:42,886 - __main__ - DEBUG - [plugin.py:159] - eHoudini: FINISHED
2024-08-23 21:05:42,935 - __main__ - DEBUG - [client.py:116] - sending message to server: (finish_task(): 937)
2024-08-23 21:05:43,015 - __main__ - DEBUG - [client.py:116] - sending message to server: (start_task(): 938)
2024-08-23 21:05:43,359 - __main__ - DEBUG - [plugin.py:159] - eHoudini: ALF_PROGRESS 22%
2024-08-23 21:05:43,359 - __main__ - DEBUG - [plugin.py:159] - eHoudini: FINISHED
2024-08-23 21:05:43,396 - __main__ - DEBUG - [client.py:116] - sending message to server: (finish_task(): 938)
2024-08-23 21:05:43,460 - __main__ - DEBUG - [client.py:116] - sending message to server: (start_task(): 939)
2024-08-23 21:05:43,919 - __main__ - DEBUG - [plugin.py:159] - eHoudini: ALF_PROGRESS 23%
2024-08-23 21:05:43,920 - __main__ - DEBUG - [plugin.py:159] - eHoudini: FINISHED
2024-08-23 21:05:43,963 - __main__ - DEBUG - [client.py:116] - sending message to server: (finish_task(): 939)
2024-08-23 21:05:44,035 - __main__ - DEBUG - [client.py:116] - sending message to server: (start_task(): 940)
2024-08-23 21:05:45,028 - __main__ - DEBUG - [plugin.py:159] - eHoudini: ALF_PROGRESS 24%
2024-08-23 21:05:45,028 - __main__ - DEBUG - [plugin.py:159] - eHoudini: FINISHED
2024-08-23 21:05:45,109 - __main__ - DEBUG - [client.py:116] - sending message to server: (finish_task(): 940)
2024-08-23 21:05:45,192 - __main__ - DEBUG - [client.py:116] - sending message to server: (start_task(): 941)
2024-08-23 21:05:45,619 - __main__ - DEBUG - [plugin.py:159] - eHoudini: ALF_PROGRESS 25%
2024-08-23 21:05:45,620 - __main__ - DEBUG - [plugin.py:159] - eHoudini: FINISHED
2024-08-23 21:05:45,717 - __main__ - DEBUG - [client.py:116] - sending message to server: (finish_task(): 941)
2024-08-23 21:05:45,781 - __main__ - DEBUG - [client.py:116] - sending message to server: (start_task(): 942)
2024-08-23 21:05:46,205 - __main__ - DEBUG - [plugin.py:159] - eHoudini: ALF_PROGRESS 27%
2024-08-23 21:05:46,205 - __main__ - DEBUG - [plugin.py:159] - eHoudini: FINISHED
2024-08-23 21:05:46,271 - __main__ - DEBUG - [client.py:116] - sending message to server: (finish_task(): 942)
2024-08-23 21:05:46,339 - __main__ - DEBUG - [client.py:116] - sending message to server: (start_task(): 943)
2024-08-23 21:05:46,732 - __main__ - DEBUG - [plugin.py:159] - eHoudini: ALF_PROGRESS 28%
2024-08-23 21:05:46,733 - __main__ - DEBUG - [plugin.py:159] - eHoudini: FINISHED
2024-08-23 21:05:46,843 - __main__ - DEBUG - [client.py:116] - sending message to server: (finish_task(): 943)
2024-08-23 21:05:46,907 - __main__ - DEBUG - [client.py:116] - sending message to server: (start_task(): 944)
2024-08-23 21:05:47,330 - __main__ - DEBUG - [plugin.py:159] - eHoudini: ALF_PROGRESS 29%
2024-08-23 21:05:47,330 - __main__ - DEBUG - [plugin.py:159] - eHoudini: FINISHED
2024-08-23 21:05:47,413 - __main__ - DEBUG - [client.py:116] - sending message to server: (finish_task(): 944)
2024-08-23 21:05:47,478 - __main__ - DEBUG - [client.py:116] - sending message to server: (start_task(): 945)
2024-08-23 21:05:48,649 - __main__ - DEBUG - [plugin.py:159] - eHoudini: ALF_PROGRESS 30%
2024-08-23 21:05:48,650 - __main__ - DEBUG - [plugin.py:159] - eHoudini: FINISHED
2024-08-23 21:05:48,774 - __main__ - DEBUG - [client.py:116] - sending message to server: (finish_task(): 945)
2024-08-23 21:05:48,845 - __main__ - DEBUG - [client.py:116] - sending message to server: (start_task(): 946)
2024-08-23 21:05:49,225 - __main__ - DEBUG - [plugin.py:159] - eHoudini: ALF_PROGRESS 32%
2024-08-23 21:05:49,225 - __main__ - DEBUG - [plugin.py:159] - eHoudini: FINISHED
2024-08-23 21:05:49,341 - __main__ - DEBUG - [client.py:116] - sending message to server: (finish_task(): 946)
2024-08-23 21:05:49,402 - __main__ - DEBUG - [client.py:116] - sending message to server: (start_task(): 947)
2024-08-23 21:05:49,806 - __main__ - DEBUG - [plugin.py:159] - eHoudini: ALF_PROGRESS 33%
2024-08-23 21:05:49,806 - __main__ - DEBUG - [plugin.py:159] - eHoudini: FINISHED
2024-08-23 21:05:49,910 - __main__ - DEBUG - [client.py:116] - sending message to server: (finish_task(): 947)
2024-08-23 21:05:49,975 - __main__ - DEBUG - [client.py:116] - sending message to server: (start_task(): 948)
2024-08-23 21:05:50,458 - __main__ - DEBUG - [plugin.py:159] - eHoudini: ALF_PROGRESS 34%
2024-08-23 21:05:50,459 - __main__ - DEBUG - [plugin.py:159] - eHoudini: FINISHED
2024-08-23 21:05:50,482 - __main__ - DEBUG - [client.py:116] - sending message to server: (finish_task(): 948)
2024-08-23 21:05:50,544 - __main__ - DEBUG - [client.py:116] - sending message to server: (start_task(): 949)
2024-08-23 21:05:51,098 - __main__ - DEBUG - [plugin.py:159] - eHoudini: ALF_PROGRESS 35%
2024-08-23 21:05:51,098 - __main__ - DEBUG - [plugin.py:159] - eHoudini: FINISHED
2024-08-23 21:05:51,128 - __main__ - DEBUG - [client.py:116] - sending message to server: (finish_task(): 949)
2024-08-23 21:05:51,196 - __main__ - DEBUG - [client.py:116] - sending message to server: (start_task(): 950)
2024-08-23 21:05:52,639 - __main__ - DEBUG - [plugin.py:159] - eHoudini: ALF_PROGRESS 37%
2024-08-23 21:05:52,640 - __main__ - DEBUG - [plugin.py:159] - eHoudini: FINISHED
2024-08-23 21:05:52,710 - __main__ - DEBUG - [client.py:116] - sending message to server: (finish_task(): 950)
2024-08-23 21:05:52,775 - __main__ - DEBUG - [client.py:116] - sending message to server: (start_task(): 951)
2024-08-23 21:05:53,298 - __main__ - DEBUG - [plugin.py:159] - eHoudini: ALF_PROGRESS 38%
2024-08-23 21:05:53,299 - __main__ - DEBUG - [plugin.py:159] - eHoudini: FINISHED
2024-08-23 21:05:53,417 - __main__ - DEBUG - [client.py:116] - sending message to server: (finish_task(): 951)
2024-08-23 21:05:53,478 - __main__ - DEBUG - [client.py:116] - sending message to server: (start_task(): 952)
2024-08-23 21:05:53,976 - __main__ - DEBUG - [plugin.py:159] - eHoudini: ALF_PROGRESS 39%
2024-08-23 21:05:53,977 - __main__ - DEBUG - [plugin.py:159] - eHoudini: FINISHED
2024-08-23 21:05:54,080 - __main__ - DEBUG - [client.py:116] - sending message to server: (finish_task(): 952)
2024-08-23 21:05:54,152 - __main__ - DEBUG - [client.py:116] - sending message to server: (start_task(): 953)
2024-08-23 21:05:54,712 - __main__ - DEBUG - [plugin.py:159] - eHoudini: ALF_PROGRESS 41%
2024-08-23 21:05:54,712 - __main__ - DEBUG - [plugin.py:159] - eHoudini: FINISHED
2024-08-23 21:05:54,773 - __main__ - DEBUG - [client.py:116] - sending message to server: (finish_task(): 953)
2024-08-23 21:05:54,842 - __main__ - DEBUG - [client.py:116] - sending message to server: (start_task(): 954)
2024-08-23 21:05:55,466 - __main__ - DEBUG - [plugin.py:159] - eHoudini: ALF_PROGRESS 42%
2024-08-23 21:05:55,467 - __main__ - DEBUG - [plugin.py:159] - eHoudini: FINISHED
2024-08-23 21:05:55,582 - __main__ - DEBUG - [client.py:116] - sending message to server: (finish_task(): 954)
2024-08-23 21:05:55,655 - __main__ - DEBUG - [client.py:116] - sending message to server: (start_task(): 955)
2024-08-23 21:05:57,202 - __main__ - DEBUG - [plugin.py:159] - eHoudini: ALF_PROGRESS 43%
2024-08-23 21:05:57,202 - __main__ - DEBUG - [plugin.py:159] - eHoudini: FINISHED
2024-08-23 21:05:57,271 - __main__ - DEBUG - [client.py:116] - sending message to server: (finish_task(): 955)
2024-08-23 21:05:57,340 - __main__ - DEBUG - [client.py:116] - sending message to server: (start_task(): 956)
2024-08-23 21:05:57,931 - __main__ - DEBUG - [plugin.py:159] - eHoudini: ALF_PROGRESS 44%
2024-08-23 21:05:57,931 - __main__ - DEBUG - [plugin.py:159] - eHoudini: FINISHED
2024-08-23 21:05:57,992 - __main__ - DEBUG - [client.py:116] - sending message to server: (finish_task(): 956)
2024-08-23 21:05:58,054 - __main__ - DEBUG - [client.py:116] - sending message to server: (start_task(): 957)
2024-08-23 21:05:58,671 - __main__ - DEBUG - [plugin.py:159] - eHoudini: ALF_PROGRESS 46%
2024-08-23 21:05:58,671 - __main__ - DEBUG - [plugin.py:159] - eHoudini: FINISHED
2024-08-23 21:05:58,780 - __main__ - DEBUG - [client.py:116] - sending message to server: (finish_task(): 957)
2024-08-23 21:05:58,845 - __main__ - DEBUG - [client.py:116] - sending message to server: (start_task(): 958)
2024-08-23 21:05:59,494 - __main__ - DEBUG - [plugin.py:159] - eHoudini: ALF_PROGRESS 47%
2024-08-23 21:05:59,494 - __main__ - DEBUG - [plugin.py:159] - eHoudini: FINISHED
2024-08-23 21:05:59,570 - __main__ - DEBUG - [client.py:116] - sending message to server: (finish_task(): 958)
2024-08-23 21:05:59,632 - __main__ - DEBUG - [client.py:116] - sending message to server: (start_task(): 959)
2024-08-23 21:06:00,359 - __main__ - DEBUG - [plugin.py:159] - eHoudini: ALF_PROGRESS 48%
2024-08-23 21:06:00,359 - __main__ - DEBUG - [plugin.py:159] - eHoudini: FINISHED
2024-08-23 21:06:00,470 - __main__ - DEBUG - [client.py:116] - sending message to server: (finish_task(): 959)
2024-08-23 21:06:00,561 - __main__ - DEBUG - [client.py:116] - sending message to server: (start_task(): 960)
2024-08-23 21:06:02,183 - __main__ - DEBUG - [plugin.py:159] - eHoudini: ALF_PROGRESS 49%
2024-08-23 21:06:02,183 - __main__ - DEBUG - [plugin.py:159] - eHoudini: FINISHED
2024-08-23 21:06:02,290 - __main__ - DEBUG - [client.py:116] - sending message to server: (finish_task(): 960)
2024-08-23 21:06:02,356 - __main__ - DEBUG - [client.py:116] - sending message to server: (start_task(): 961)
2024-08-23 21:06:02,983 - __main__ - DEBUG - [plugin.py:159] - eHoudini: ALF_PROGRESS 51%
2024-08-23 21:06:02,984 - __main__ - DEBUG - [plugin.py:159] - eHoudini: FINISHED
2024-08-23 21:06:03,065 - __main__ - DEBUG - [client.py:116] - sending message to server: (finish_task(): 961)
2024-08-23 21:06:03,146 - __main__ - DEBUG - [client.py:116] - sending message to server: (start_task(): 962)
2024-08-23 21:06:03,807 - __main__ - DEBUG - [plugin.py:159] - eHoudini: ALF_PROGRESS 52%
2024-08-23 21:06:03,808 - __main__ - DEBUG - [plugin.py:159] - eHoudini: FINISHED
2024-08-23 21:06:03,860 - __main__ - DEBUG - [client.py:116] - sending message to server: (finish_task(): 962)
2024-08-23 21:06:03,938 - __main__ - DEBUG - [client.py:116] - sending message to server: (start_task(): 963)
2024-08-23 21:06:04,652 - __main__ - DEBUG - [plugin.py:159] - eHoudini: ALF_PROGRESS 53%
2024-08-23 21:06:04,652 - __main__ - DEBUG - [plugin.py:159] - eHoudini: FINISHED
2024-08-23 21:06:04,687 - __main__ - DEBUG - [client.py:116] - sending message to server: (finish_task(): 963)
2024-08-23 21:06:04,755 - __main__ - DEBUG - [client.py:116] - sending message to server: (start_task(): 964)
2024-08-23 21:06:05,570 - __main__ - DEBUG - [plugin.py:159] - eHoudini: ALF_PROGRESS 54%
2024-08-23 21:06:05,571 - __main__ - DEBUG - [plugin.py:159] - eHoudini: FINISHED
2024-08-23 21:06:05,645 - __main__ - DEBUG - [client.py:116] - sending message to server: (finish_task(): 964)
2024-08-23 21:06:05,724 - __main__ - DEBUG - [client.py:116] - sending message to server: (start_task(): 965)
2024-08-23 21:06:07,781 - __main__ - DEBUG - [plugin.py:159] - eHoudini: ALF_PROGRESS 56%
2024-08-23 21:06:07,781 - __main__ - DEBUG - [plugin.py:159] - eHoudini: FINISHED
2024-08-23 21:06:07,843 - __main__ - DEBUG - [client.py:116] - sending message to server: (finish_task(): 965)
2024-08-23 21:06:07,907 - __main__ - DEBUG - [client.py:116] - sending message to server: (start_task(): 966)
2024-08-23 21:06:08,656 - __main__ - DEBUG - [plugin.py:159] - eHoudini: ALF_PROGRESS 57%
2024-08-23 21:06:08,656 - __main__ - DEBUG - [plugin.py:159] - eHoudini: FINISHED
2024-08-23 21:06:08,764 - __main__ - DEBUG - [client.py:116] - sending message to server: (finish_task(): 966)
2024-08-23 21:06:08,834 - __main__ - DEBUG - [client.py:116] - sending message to server: (start_task(): 967)
2024-08-23 21:06:09,553 - __main__ - DEBUG - [plugin.py:159] - eHoudini: ALF_PROGRESS 58%
2024-08-23 21:06:09,553 - __main__ - DEBUG - [plugin.py:159] - eHoudini: FINISHED
2024-08-23 21:06:09,668 - __main__ - DEBUG - [client.py:116] - sending message to server: (finish_task(): 967)
2024-08-23 21:06:09,734 - __main__ - DEBUG - [client.py:116] - sending message to server: (start_task(): 968)
2024-08-23 21:06:10,553 - __main__ - DEBUG - [plugin.py:159] - eHoudini: ALF_PROGRESS 59%
2024-08-23 21:06:10,554 - __main__ - DEBUG - [plugin.py:159] - eHoudini: FINISHED
2024-08-23 21:06:10,668 - __main__ - DEBUG - [client.py:116] - sending message to server: (finish_task(): 968)
2024-08-23 21:06:10,761 - __main__ - DEBUG - [client.py:116] - sending message to server: (start_task(): 969)
2024-08-23 21:06:11,479 - __main__ - DEBUG - [plugin.py:159] - eHoudini: ALF_PROGRESS 61%
2024-08-23 21:06:11,480 - __main__ - DEBUG - [plugin.py:159] - eHoudini: FINISHED
2024-08-23 21:06:11,589 - __main__ - DEBUG - [client.py:116] - sending message to server: (finish_task(): 969)
2024-08-23 21:06:11,658 - __main__ - DEBUG - [client.py:116] - sending message to server: (start_task(): 970)
2024-08-23 21:06:13,855 - __main__ - DEBUG - [plugin.py:159] - eHoudini: ALF_PROGRESS 62%
2024-08-23 21:06:13,855 - __main__ - DEBUG - [plugin.py:159] - eHoudini: FINISHED
2024-08-23 21:06:13,934 - __main__ - DEBUG - [client.py:116] - sending message to server: (finish_task(): 970)
2024-08-23 21:06:14,011 - __main__ - DEBUG - [client.py:116] - sending message to server: (start_task(): 971)
2024-08-23 21:06:14,885 - __main__ - DEBUG - [plugin.py:159] - eHoudini: ALF_PROGRESS 63%
2024-08-23 21:06:14,886 - __main__ - DEBUG - [plugin.py:159] - eHoudini: FINISHED
2024-08-23 21:06:14,963 - __main__ - DEBUG - [client.py:116] - sending message to server: (finish_task(): 971)
2024-08-23 21:06:15,045 - __main__ - DEBUG - [client.py:116] - sending message to server: (start_task(): 972)
2024-08-23 21:06:15,868 - __main__ - DEBUG - [plugin.py:159] - eHoudini: ALF_PROGRESS 65%
2024-08-23 21:06:15,868 - __main__ - DEBUG - [plugin.py:159] - eHoudini: FINISHED
2024-08-23 21:06:15,930 - __main__ - DEBUG - [client.py:116] - sending message to server: (finish_task(): 972)
2024-08-23 21:06:15,999 - __main__ - DEBUG - [client.py:116] - sending message to server: (start_task(): 973)
2024-08-23 21:06:16,856 - __main__ - DEBUG - [plugin.py:159] - eHoudini: ALF_PROGRESS 66%
2024-08-23 21:06:16,857 - __main__ - DEBUG - [plugin.py:159] - eHoudini: FINISHED
2024-08-23 21:06:16,959 - __main__ - DEBUG - [client.py:116] - sending message to server: (finish_task(): 973)
2024-08-23 21:06:17,032 - __main__ - DEBUG - [client.py:116] - sending message to server: (start_task(): 974)
2024-08-23 21:06:17,876 - __main__ - DEBUG - [plugin.py:159] - eHoudini: ALF_PROGRESS 67%
2024-08-23 21:06:17,877 - __main__ - DEBUG - [plugin.py:159] - eHoudini: FINISHED
2024-08-23 21:06:17,909 - __main__ - DEBUG - [client.py:116] - sending message to server: (finish_task(): 974)
2024-08-23 21:06:17,960 - __main__ - DEBUG - [client.py:116] - sending message to server: (start_task(): 975)
2024-08-23 21:06:20,353 - __main__ - DEBUG - [plugin.py:159] - eHoudini: ALF_PROGRESS 68%
2024-08-23 21:06:20,353 - __main__ - DEBUG - [plugin.py:159] - eHoudini: FINISHED
2024-08-23 21:06:20,392 - __main__ - DEBUG - [client.py:116] - sending message to server: (finish_task(): 975)
2024-08-23 21:06:20,463 - __main__ - DEBUG - [client.py:116] - sending message to server: (start_task(): 976)
2024-08-23 21:06:21,495 - __main__ - DEBUG - [plugin.py:159] - eHoudini: ALF_PROGRESS 70%
2024-08-23 21:06:21,496 - __main__ - DEBUG - [plugin.py:159] - eHoudini: FINISHED
2024-08-23 21:06:21,532 - __main__ - DEBUG - [client.py:116] - sending message to server: (finish_task(): 976)
2024-08-23 21:06:21,607 - __main__ - DEBUG - [client.py:116] - sending message to server: (start_task(): 977)
2024-08-23 21:06:22,605 - __main__ - DEBUG - [plugin.py:159] - eHoudini: ALF_PROGRESS 71%
2024-08-23 21:06:22,605 - __main__ - DEBUG - [plugin.py:159] - eHoudini: FINISHED
2024-08-23 21:06:22,665 - __main__ - DEBUG - [client.py:116] - sending message to server: (finish_task(): 977)
2024-08-23 21:06:22,735 - __main__ - DEBUG - [client.py:116] - sending message to server: (start_task(): 978)
2024-08-23 21:06:23,770 - __main__ - DEBUG - [plugin.py:159] - eHoudini: ALF_PROGRESS 72%
2024-08-23 21:06:23,771 - __main__ - DEBUG - [plugin.py:159] - eHoudini: FINISHED
2024-08-23 21:06:23,814 - __main__ - DEBUG - [client.py:116] - sending message to server: (finish_task(): 978)
2024-08-23 21:06:23,879 - __main__ - DEBUG - [client.py:116] - sending message to server: (start_task(): 979)
2024-08-23 21:06:24,952 - __main__ - DEBUG - [plugin.py:159] - eHoudini: ALF_PROGRESS 73%
2024-08-23 21:06:24,953 - __main__ - DEBUG - [plugin.py:159] - eHoudini: FINISHED
2024-08-23 21:06:25,055 - __main__ - DEBUG - [client.py:116] - sending message to server: (finish_task(): 979)
2024-08-23 21:06:25,117 - __main__ - DEBUG - [client.py:116] - sending message to server: (start_task(): 980)
2024-08-23 21:06:27,647 - __main__ - DEBUG - [plugin.py:159] - eHoudini: ALF_PROGRESS 75%
2024-08-23 21:06:27,647 - __main__ - DEBUG - [plugin.py:159] - eHoudini: FINISHED
2024-08-23 21:06:27,730 - __main__ - DEBUG - [client.py:116] - sending message to server: (finish_task(): 980)
2024-08-23 21:06:27,816 - __main__ - DEBUG - [client.py:116] - sending message to server: (start_task(): 981)
2024-08-23 21:06:28,771 - __main__ - DEBUG - [plugin.py:159] - eHoudini: ALF_PROGRESS 76%
2024-08-23 21:06:28,772 - __main__ - DEBUG - [plugin.py:159] - eHoudini: FINISHED
2024-08-23 21:06:28,862 - __main__ - DEBUG - [client.py:116] - sending message to server: (finish_task(): 981)
2024-08-23 21:06:28,934 - __main__ - DEBUG - [client.py:116] - sending message to server: (start_task(): 982)
2024-08-23 21:06:29,884 - __main__ - DEBUG - [plugin.py:159] - eHoudini: ALF_PROGRESS 77%
2024-08-23 21:06:29,885 - __main__ - DEBUG - [plugin.py:159] - eHoudini: FINISHED
2024-08-23 21:06:29,986 - __main__ - DEBUG - [client.py:116] - sending message to server: (finish_task(): 982)
2024-08-23 21:06:30,051 - __main__ - DEBUG - [client.py:116] - sending message to server: (start_task(): 983)
2024-08-23 21:06:31,002 - __main__ - DEBUG - [plugin.py:159] - eHoudini: ALF_PROGRESS 78%
2024-08-23 21:06:31,003 - __main__ - DEBUG - [plugin.py:159] - eHoudini: FINISHED
2024-08-23 21:06:31,112 - __main__ - DEBUG - [client.py:116] - sending message to server: (finish_task(): 983)
2024-08-23 21:06:31,186 - __main__ - DEBUG - [client.py:116] - sending message to server: (start_task(): 984)
2024-08-23 21:06:32,161 - __main__ - DEBUG - [plugin.py:159] - eHoudini: ALF_PROGRESS 80%
2024-08-23 21:06:32,162 - __main__ - DEBUG - [plugin.py:159] - eHoudini: FINISHED
2024-08-23 21:06:32,222 - __main__ - DEBUG - [client.py:116] - sending message to server: (finish_task(): 984)
2024-08-23 21:06:32,288 - __main__ - DEBUG - [client.py:116] - sending message to server: (start_task(): 985)
2024-08-23 21:06:35,011 - __main__ - DEBUG - [plugin.py:159] - eHoudini: ALF_PROGRESS 81%
2024-08-23 21:06:35,012 - __main__ - DEBUG - [plugin.py:159] - eHoudini: FINISHED
2024-08-23 21:06:35,060 - __main__ - DEBUG - [client.py:116] - sending message to server: (finish_task(): 985)
2024-08-23 21:06:35,125 - __main__ - DEBUG - [client.py:116] - sending message to server: (start_task(): 986)
2024-08-23 21:06:36,263 - __main__ - DEBUG - [plugin.py:159] - eHoudini: ALF_PROGRESS 82%
2024-08-23 21:06:36,264 - __main__ - DEBUG - [plugin.py:159] - eHoudini: FINISHED
2024-08-23 21:06:36,319 - __main__ - DEBUG - [client.py:116] - sending message to server: (finish_task(): 986)
2024-08-23 21:06:36,418 - __main__ - DEBUG - [client.py:116] - sending message to server: (start_task(): 987)
2024-08-23 21:06:37,529 - __main__ - DEBUG - [plugin.py:159] - eHoudini: ALF_PROGRESS 84%
2024-08-23 21:06:37,529 - __main__ - DEBUG - [plugin.py:159] - eHoudini: FINISHED
2024-08-23 21:06:37,613 - __main__ - DEBUG - [client.py:116] - sending message to server: (finish_task(): 987)
2024-08-23 21:06:37,677 - __main__ - DEBUG - [client.py:116] - sending message to server: (start_task(): 988)
2024-08-23 21:06:38,735 - __main__ - DEBUG - [plugin.py:159] - eHoudini: ALF_PROGRESS 85%
2024-08-23 21:06:38,735 - __main__ - DEBUG - [plugin.py:159] - eHoudini: FINISHED
2024-08-23 21:06:38,844 - __main__ - DEBUG - [client.py:116] - sending message to server: (finish_task(): 988)
2024-08-23 21:06:38,908 - __main__ - DEBUG - [client.py:116] - sending message to server: (start_task(): 989)
2024-08-23 21:06:40,001 - __main__ - DEBUG - [plugin.py:159] - eHoudini: ALF_PROGRESS 86%
2024-08-23 21:06:40,001 - __main__ - DEBUG - [plugin.py:159] - eHoudini: FINISHED
2024-08-23 21:06:40,064 - __main__ - DEBUG - [client.py:116] - sending message to server: (finish_task(): 989)
2024-08-23 21:06:40,131 - __main__ - DEBUG - [client.py:116] - sending message to server: (start_task(): 990)
2024-08-23 21:06:43,161 - __main__ - DEBUG - [plugin.py:159] - eHoudini: ALF_PROGRESS 87%
2024-08-23 21:06:43,161 - __main__ - DEBUG - [plugin.py:159] - eHoudini: FINISHED
2024-08-23 21:06:43,267 - __main__ - DEBUG - [client.py:116] - sending message to server: (finish_task(): 990)
2024-08-23 21:06:43,331 - __main__ - DEBUG - [client.py:116] - sending message to server: (start_task(): 991)
2024-08-23 21:06:44,491 - __main__ - DEBUG - [plugin.py:159] - eHoudini: ALF_PROGRESS 89%
2024-08-23 21:06:44,492 - __main__ - DEBUG - [plugin.py:159] - eHoudini: FINISHED
2024-08-23 21:06:44,538 - __main__ - DEBUG - [client.py:116] - sending message to server: (finish_task(): 991)
2024-08-23 21:06:44,604 - __main__ - DEBUG - [client.py:116] - sending message to server: (start_task(): 992)
2024-08-23 21:06:45,772 - __main__ - DEBUG - [plugin.py:159] - eHoudini: ALF_PROGRESS 90%
2024-08-23 21:06:45,772 - __main__ - DEBUG - [plugin.py:159] - eHoudini: FINISHED
2024-08-23 21:06:45,837 - __main__ - DEBUG - [client.py:116] - sending message to server: (finish_task(): 992)
2024-08-23 21:06:45,919 - __main__ - DEBUG - [client.py:116] - sending message to server: (start_task(): 993)
2024-08-23 21:06:47,071 - __main__ - DEBUG - [plugin.py:159] - eHoudini: ALF_PROGRESS 91%
2024-08-23 21:06:47,071 - __main__ - DEBUG - [plugin.py:159] - eHoudini: FINISHED
2024-08-23 21:06:47,185 - __main__ - DEBUG - [client.py:116] - sending message to server: (finish_task(): 993)
2024-08-23 21:06:47,250 - __main__ - DEBUG - [client.py:116] - sending message to server: (start_task(): 994)
2024-08-23 21:06:48,447 - __main__ - DEBUG - [plugin.py:159] - eHoudini: ALF_PROGRESS 92%
2024-08-23 21:06:48,447 - __main__ - DEBUG - [plugin.py:159] - eHoudini: FINISHED
2024-08-23 21:06:48,548 - __main__ - DEBUG - [client.py:116] - sending message to server: (finish_task(): 994)
2024-08-23 21:06:48,646 - __main__ - DEBUG - [client.py:116] - sending message to server: (start_task(): 995)
2024-08-23 21:06:51,914 - __main__ - DEBUG - [plugin.py:159] - eHoudini: ALF_PROGRESS 94%
2024-08-23 21:06:51,915 - __main__ - DEBUG - [plugin.py:159] - eHoudini: FINISHED
2024-08-23 21:06:51,948 - __main__ - DEBUG - [client.py:116] - sending message to server: (finish_task(): 995)
2024-08-23 21:06:52,029 - __main__ - DEBUG - [client.py:116] - sending message to server: (start_task(): 996)
2024-08-23 21:06:53,255 - __main__ - DEBUG - [plugin.py:159] - eHoudini: ALF_PROGRESS 95%
2024-08-23 21:06:53,255 - __main__ - DEBUG - [plugin.py:159] - eHoudini: FINISHED
2024-08-23 21:06:53,310 - __main__ - DEBUG - [client.py:116] - sending message to server: (finish_task(): 996)
2024-08-23 21:06:53,414 - __main__ - DEBUG - [client.py:116] - sending message to server: (start_task(): 997)
2024-08-23 21:06:54,638 - __main__ - DEBUG - [plugin.py:159] - eHoudini: ALF_PROGRESS 96%
2024-08-23 21:06:54,638 - __main__ - DEBUG - [plugin.py:159] - eHoudini: FINISHED
2024-08-23 21:06:54,690 - __main__ - DEBUG - [client.py:116] - sending message to server: (finish_task(): 997)
2024-08-23 21:06:54,778 - __main__ - DEBUG - [client.py:116] - sending message to server: (start_task(): 998)
2024-08-23 21:06:56,029 - __main__ - DEBUG - [plugin.py:159] - eHoudini: ALF_PROGRESS 97%
2024-08-23 21:06:56,029 - __main__ - DEBUG - [plugin.py:159] - eHoudini: FINISHED
2024-08-23 21:06:56,145 - __main__ - DEBUG - [client.py:116] - sending message to server: (finish_task(): 998)
2024-08-23 21:06:56,208 - __main__ - DEBUG - [client.py:116] - sending message to server: (start_task(): 999)
2024-08-23 21:06:57,443 - __main__ - DEBUG - [plugin.py:159] - eHoudini: ALF_PROGRESS 99%
2024-08-23 21:06:57,443 - __main__ - DEBUG - [plugin.py:159] - eHoudini: FINISHED
2024-08-23 21:06:57,521 - __main__ - DEBUG - [client.py:116] - sending message to server: (finish_task(): 999)
2024-08-23 21:06:57,589 - __main__ - DEBUG - [client.py:116] - sending message to server: (start_task(): 1000)
2024-08-23 21:07:01,172 - __main__ - DEBUG - [plugin.py:159] - eHoudini: ALF_PROGRESS 100%
2024-08-23 21:07:01,172 - __main__ - DEBUG - [plugin.py:159] - eHoudini: FINISHED
2024-08-23 21:07:01,228 - __main__ - DEBUG - [client.py:116] - sending message to server: (finish_task(): 1000)
2024-08-23 21:07:23,646 - __main__ - DEBUG - [plugin.py:159] - eHoudini: Pressed target button /obj/billowy_smoke/smoke_sim/execute
2024-08-23 21:07:24,898 - __main__ - INFO - [Envy_Functions.py:179] - eHoudini: Exited
2024-08-23 21:07:25,008 - __main__ - DEBUG - [client.py:116] - sending message to server: (finish_task_allocation(): 29)
2024-08-23 21:07:25,072 - __main__ - DEBUG - [client.py:116] - sending message to server: (send_status_to_server())
