

2024-08-20 10:53:10.493372
10:53:102024-08-20 10:53:20,545 - __main__ - INFO - [envy.py:128] - Started Envy
2024-08-20 10:53:21,583 - __main__ - INFO - [client.py:145] - Client: Connected
2024-08-20 10:53:21,630 - __main__ - INFO - [client.py:162] - received message from: server -> (fill_buffer(self, 'server_name', 'lab9-09', ))
2024-08-20 10:53:23,539 - __main__ - INFO - [client.py:162] - received message from: server -> (Job: something_else Allocation: (2, 1, '[4, 5, 6]', 'lab9-09', 'inprogress'))
2024-08-20 10:53:50,821 - __main__ - INFO - [client.py:162] - received message from: server -> (Job: something_else Allocation: (5, 2, '[11, 12, 13]', 'lab9-09', 'inprogress'))


2024-08-20 11:08:57.437649
11:08:572024-08-20 11:08:59,534 - __main__ - INFO - [envy.py:128] - Started Envy
2024-08-20 11:09:00,563 - __main__ - INFO - [client.py:145] - Client: Connected
2024-08-20 11:09:00,616 - __main__ - INFO - [client.py:162] - received message from: server -> (fill_buffer(self, 'server_name', 'lab9-09', ))
2024-08-20 11:09:02,408 - __main__ - INFO - [client.py:162] - received message from: server -> (Job: something_else Allocation: (7, 2, '[17, 18, 19]', 'lab9-09', 'inprogress'))
2024-08-20 11:09:16,475 - __main__ - INFO - [client.py:162] - received message from: server -> (Job: something_else Allocation: (8, 2, '[20]', 'lab9-09', 'inprogress'))


2024-08-20 11:09:45.249704
11:09:452024-08-20 11:09:47,341 - __main__ - INFO - [envy.py:128] - Started Envy
2024-08-20 11:09:48,385 - __main__ - INFO - [client.py:145] - Client: Connected
2024-08-20 11:09:48,432 - __main__ - INFO - [client.py:162] - received message from: server -> (fill_buffer(self, 'server_name', 'lab9-09', ))
2024-08-20 11:09:50,214 - __main__ - INFO - [client.py:162] - received message from: server -> (Job: something_else Allocation: (9, 3, '[21, 22, 23]', 'lab9-09', 'inprogress'))


2024-08-20 11:12:01.104630
11:12:012024-08-20 11:12:03,190 - __main__ - INFO - [envy.py:128] - Started Envy
2024-08-20 11:12:04,219 - __main__ - INFO - [client.py:145] - Client: Connected
2024-08-20 11:12:04,272 - __main__ - INFO - [client.py:162] - received message from: server -> (fill_buffer(self, 'server_name', 'lab9-09', ))
2024-08-20 11:12:06,428 - __main__ - INFO - [client.py:162] - received message from: server -> (Job: something_else Allocation: (10, 3, '[24, 25, 26]', 'lab9-09', 'inprogress'))


2024-08-20 11:15:41.740697
11:15:412024-08-20 11:15:43,830 - __main__ - INFO - [envy.py:128] - Started Envy
2024-08-20 11:15:44,856 - __main__ - INFO - [client.py:145] - Client: Connected
2024-08-20 11:15:44,868 - __main__ - INFO - [client.py:162] - received message from: server -> (fill_buffer(self, 'server_name', 'lab9-09', ))


2024-08-20 11:15:53.045299
11:15:532024-08-20 11:15:55,136 - __main__ - INFO - [envy.py:128] - Started Envy
2024-08-20 11:15:56,182 - __main__ - INFO - [client.py:145] - Client: Connected
2024-08-20 11:15:56,194 - __main__ - INFO - [client.py:162] - received message from: server -> (fill_buffer(self, 'server_name', 'lab9-09', ))
2024-08-20 11:16:33,919 - __main__ - WARNING - [client.py:149] - connection closed with server
2024-08-20 11:16:33,919 - __main__ - INFO - [envy.py:214] - electing new server
2024-08-20 11:16:34,969 - __main__ - INFO - [client.py:145] - Client: Connected
2024-08-20 11:16:34,973 - __main__ - INFO - [client.py:162] - received message from: server -> (fill_buffer(self, 'server_name', 'lab9-09', ))
2024-08-20 11:16:37,341 - __main__ - INFO - [client.py:162] - received message from: server -> (Job: something_else Allocation: (1, 1, '[1, 2, 3]', 'lab9-09', 'inprogress'))


2024-08-20 11:31:05.507135
11:31:052024-08-20 11:31:07,586 - __main__ - INFO - [envy.py:128] - Started Envy
2024-08-20 11:31:08,621 - __main__ - INFO - [client.py:145] - Client: Connected
2024-08-20 11:31:08,632 - __main__ - INFO - [client.py:162] - received message from: server -> (fill_buffer(self, 'server_name', 'lab9-09', ))
2024-08-20 11:31:15,095 - __main__ - INFO - [client.py:162] - received message from: server -> (Job: something_else Allocation: (1, 1, '[1, 2, 3]', 'lab9-09', 'inprogress'))
2024-08-20 11:31:55,360 - __main__ - WARNING - [client.py:149] - connection closed with server
2024-08-20 11:31:55,360 - __main__ - INFO - [envy.py:214] - electing new server
2024-08-20 11:31:56,410 - __main__ - INFO - [client.py:145] - Client: Connected
2024-08-20 11:31:56,414 - __main__ - INFO - [client.py:162] - received message from: server -> (fill_buffer(self, 'server_name', 'lab9-09', ))
2024-08-20 11:31:58,446 - __main__ - INFO - [client.py:162] - received message from: server -> (Job: something_else Allocation: (2, 1, '[4, 5, 6]', 'lab9-09', 'inprogress'))
2024-08-20 11:32:38,737 - __main__ - INFO - [client.py:162] - received message from: server -> (Job: something_else Allocation: (3, 1, '[7, 8, 9]', 'lab9-09', 'inprogress'))
2024-08-20 11:33:18,953 - __main__ - INFO - [client.py:162] - received message from: server -> (Job: something_else Allocation: (4, 1, '[10, 11, 12]', 'lab9-09', 'inprogress'))
2024-08-20 11:33:59,142 - __main__ - INFO - [client.py:162] - received message from: server -> (Job: something_else Allocation: (5, 1, '[13, 14, 15]', 'lab9-09', 'inprogress'))
2024-08-20 11:34:39,350 - __main__ - INFO - [client.py:162] - received message from: server -> (Job: something_else Allocation: (6, 1, '[16, 17, 18]', 'lab9-09', 'inprogress'))
2024-08-20 11:35:19,615 - __main__ - INFO - [client.py:162] - received message from: server -> (Job: something_else Allocation: (7, 1, '[19, 20]', 'lab9-09', 'inprogress'))


2024-08-20 11:53:36.182257
11:53:362024-08-20 11:53:38,265 - __main__ - INFO - [envy.py:128] - Started Envy
2024-08-20 11:53:39,300 - __main__ - INFO - [client.py:145] - Client: Connected
2024-08-20 11:53:39,313 - __main__ - INFO - [client.py:162] - received message from: server -> (fill_buffer(self, 'server_name', 'lab9-09', ))


2024-08-20 11:54:43.574864
11:54:432024-08-20 11:54:45,668 - __main__ - INFO - [envy.py:128] - Started Envy
2024-08-20 11:54:46,693 - __main__ - INFO - [client.py:145] - Client: Connected
2024-08-20 11:54:46,708 - __main__ - INFO - [client.py:162] - received message from: server -> (fill_buffer(self, 'server_name', 'lab9-09', ))
2024-08-20 11:55:34,943 - __main__ - INFO - [client.py:162] - received message from: server -> (Job: something_else Allocation: (1, 1, '[1, 2, 3]', 'lab9-09', 'inprogress'))
2024-08-20 11:56:15,136 - __main__ - INFO - [client.py:162] - received message from: server -> (Job: something_else Allocation: (2, 1, '[4, 5]', 'lab9-09', 'inprogress'))
2024-08-20 12:00:07,559 - __main__ - WARNING - [client.py:149] - connection closed with server
2024-08-20 12:00:07,559 - __main__ - INFO - [envy.py:214] - electing new server


2024-08-20 12:13:45.145826
12:13:452024-08-20 12:13:47,241 - __main__ - INFO - [envy.py:128] - Started Envy
2024-08-20 12:13:48,260 - __main__ - INFO - [client.py:145] - Client: Connected
2024-08-20 12:13:48,305 - __main__ - INFO - [client.py:162] - received message from: server -> (fill_buffer(self, 'server_name', 'lab9-09', ))
2024-08-20 12:13:56,194 - __main__ - INFO - [client.py:162] - received message from: server -> (Job: something_else Allocation: (3, 2, '[6, 7, 8]', 'lab9-09', 'inprogress'))
2024-08-20 12:14:36,502 - __main__ - INFO - [client.py:162] - received message from: server -> (Job: something_else Allocation: (4, 2, '[9, 10]', 'lab9-09', 'inprogress'))


2024-08-20 12:15:59.243530
12:15:592024-08-20 12:16:01,336 - __main__ - INFO - [envy.py:128] - Started Envy
2024-08-20 12:16:02,378 - __main__ - INFO - [client.py:145] - Client: Connected
2024-08-20 12:16:02,390 - __main__ - INFO - [client.py:162] - received message from: server -> (fill_buffer(self, 'server_name', 'lab9-09', ))
2024-08-20 12:16:16,417 - __main__ - INFO - [client.py:162] - received message from: server -> (Job: something_else Allocation: (5, 3, '[11]', 'lab9-09', 'inprogress'))
2024-08-20 12:16:30,557 - __main__ - INFO - [client.py:162] - received message from: server -> (Job: something_else Allocation: (6, 3, '[12]', 'lab9-09', 'inprogress'))
2024-08-20 12:16:44,695 - __main__ - INFO - [client.py:162] - received message from: server -> (Job: something_else Allocation: (7, 3, '[13]', 'lab9-09', 'inprogress'))
2024-08-20 12:16:58,803 - __main__ - INFO - [client.py:162] - received message from: server -> (Job: something_else Allocation: (8, 3, '[14]', 'lab9-09', 'inprogress'))
2024-08-20 12:17:12,919 - __main__ - INFO - [client.py:162] - received message from: server -> (Job: something_else Allocation: (9, 3, '[15]', 'lab9-09', 'inprogress'))


2024-08-20 13:49:30.982353
13:49:302024-08-20 13:49:33,079 - __main__ - INFO - [envy.py:128] - Started Envy
2024-08-20 13:49:34,104 - __main__ - INFO - [client.py:145] - Client: Connected
2024-08-20 13:49:34,116 - __main__ - INFO - [client.py:162] - received message from: server -> (fill_buffer(self, 'server_name', 'lab9-09', ))
2024-08-20 13:49:36,168 - __main__ - INFO - [client.py:162] - received message from: server -> (Job: NV_jobProcessor1_001 Allocation: (10, 4, '[16]', 'lab9-09', 'inprogress'))
2024-08-20 13:49:36,757 - __main__ - ERROR - [envy.py:85] - Failed while executing PLUGIN_eHoudini(self, '{"Allocation_Id": 10, "Purpose": "simulation", "Tasks": {"16": 1}, "Environment": {"HIP": "C:/Users/Nathan.v0602", "JOB": "C:/Users/Nathan.v0602", "Job_Type": "generic"}, "Parameters": {"/obj/geo1/NVCache1/f1": 1.0, "/obj/geo1/NVCache1/f2": 240.0}}', ), 'ID'


2024-08-20 17:17:07.599757
17:17:072024-08-20 17:17:09,705 - __main__ - INFO - [envy.py:128] - Started Envy
2024-08-20 17:17:10,776 - __main__ - INFO - [client.py:145] - Client: Connected
2024-08-20 17:17:10,789 - __main__ - INFO - [client.py:162] - received message from: server -> (fill_buffer(self, 'server_name', 'lab9-09', ))
2024-08-20 17:18:23,139 - __main__ - INFO - [client.py:162] - received message from: server -> (Job: NV_jobProcessor1_001 Allocation: (1, 1, '[1]', 'lab9-09', 'inprogress'))
2024-08-20 17:18:23,581 - __main__ - INFO - [plugin.py:45] - eHoudini: Started process hython_process


2024-08-20 17:22:25.066853
17:22:252024-08-20 17:22:27,149 - __main__ - INFO - [envy.py:128] - Started Envy
2024-08-20 17:22:28,198 - __main__ - INFO - [client.py:145] - Client: Connected
2024-08-20 17:22:28,282 - __main__ - INFO - [client.py:162] - received message from: server -> (fill_buffer(self, 'server_name', 'lab9-09', ))


2024-08-20 17:24:27.713331
17:24:272024-08-20 17:24:29,807 - __main__ - INFO - [envy.py:128] - Started Envy
2024-08-20 17:24:30,851 - __main__ - INFO - [client.py:145] - Client: Connected
2024-08-20 17:24:30,864 - __main__ - INFO - [client.py:162] - received message from: server -> (fill_buffer(self, 'server_name', 'lab9-09', ))
2024-08-20 17:24:36,724 - __main__ - INFO - [client.py:162] - received message from: server -> (Job: NV_jobProcessor1_001 Allocation: (1, 1, '[1, 2, 3, 4, 5]', 'lab9-09', 'inprogress'))
2024-08-20 17:24:37,016 - __main__ - ERROR - [envy.py:85] - Failed while executing PLUGIN_eHoudini(self, '{"Allocation_Id": 1, "Purpose": "cache", "Tasks": {"1": 1, "2": 2, "3": 3, "4": 4, "5": 5}, "Environment": {"Target_Button": "/obj/geo1/NVCache1/execute", "HIP": "Z:/school/Ehoudini", "JOB": "C:/Users/Nathan.v0602", "Job_Type": "simulation"}, "Parameters": {"/obj/geo1/NVCache1/f1": "1.0", "/obj/geo1/NVCache1/f2": "60.0", "/obj/geo1/NVCache1/substeps": "1", "/obj/geo1/NVCache1/NVversion": 5.0}}', ), 'NoneType' object has no attribute 'stdout'


2024-08-20 17:25:55.801289
17:25:552024-08-20 17:25:57,894 - __main__ - INFO - [envy.py:128] - Started Envy
2024-08-20 17:25:58,924 - __main__ - INFO - [client.py:145] - Client: Connected
2024-08-20 17:25:58,937 - __main__ - INFO - [client.py:162] - received message from: server -> (fill_buffer(self, 'server_name', 'lab9-09', ))
2024-08-20 17:26:11,006 - __main__ - WARNING - [client.py:149] - connection closed with server
2024-08-20 17:26:11,006 - __main__ - INFO - [envy.py:214] - electing new server


2024-08-20 17:27:37.882954
17:27:372024-08-20 17:27:39,971 - __main__ - INFO - [envy.py:128] - Started Envy


2024-08-20 17:28:03.478474
17:28:032024-08-20 17:28:05,558 - __main__ - INFO - [envy.py:128] - Started Envy
2024-08-20 17:28:06,586 - __main__ - INFO - [client.py:145] - Client: Connected
2024-08-20 17:28:06,636 - __main__ - INFO - [client.py:162] - received message from: server -> (fill_buffer(self, 'server_name', 'lab9-09', ))


2024-08-20 17:29:50.952846
17:29:502024-08-20 17:29:53,036 - __main__ - INFO - [envy.py:128] - Started Envy
2024-08-20 17:29:54,082 - __main__ - INFO - [client.py:145] - Client: Connected
2024-08-20 17:29:54,095 - __main__ - INFO - [client.py:162] - received message from: server -> (fill_buffer(self, 'server_name', 'lab9-09', ))
2024-08-20 17:30:16,686 - __main__ - WARNING - [client.py:149] - connection closed with server
2024-08-20 17:30:16,686 - __main__ - INFO - [envy.py:214] - electing new server
2024-08-20 17:30:17,758 - __main__ - INFO - [client.py:145] - Client: Connected
2024-08-20 17:30:17,763 - __main__ - INFO - [client.py:162] - received message from: server -> (fill_buffer(self, 'server_name', 'lab9-09', ))


2024-08-20 17:34:18.798477
17:34:182024-08-20 17:34:18,866 - __main__ - INFO - [envy.py:128] - Started Envy
2024-08-20 17:34:18,873 - __main__ - INFO - [client.py:145] - Client: Connected
2024-08-20 17:34:18,916 - __main__ - INFO - [client.py:162] - received message from: server -> (fill_buffer(self, 'server_name', 'lab9-09', ))
2024-08-20 17:34:20,638 - __main__ - INFO - [client.py:162] - received message from: server -> (Job: NV_jobProcessor1_001 Allocation: (1, 1, '[1, 2, 3, 4, 5]', 'lab9-09', 'inprogress'))


2024-08-20 17:36:11.464614
17:36:112024-08-20 17:36:11,525 - __main__ - INFO - [envy.py:128] - Started Envy
2024-08-20 17:36:11,530 - __main__ - INFO - [client.py:145] - Client: Connected
2024-08-20 17:36:11,543 - __main__ - INFO - [client.py:162] - received message from: server -> (fill_buffer(self, 'server_name', 'lab9-09', ))
2024-08-20 17:36:13,073 - __main__ - INFO - [client.py:162] - received message from: server -> (Job: NV_jobProcessor1_001 Allocation: (1, 1, '[1, 2, 3, 4, 5]', 'lab9-09', 'inprogress'))


2024-08-20 17:38:56.649435
17:38:562024-08-20 17:38:56,705 - __main__ - INFO - [envy.py:128] - Started Envy
2024-08-20 17:38:56,713 - __main__ - INFO - [client.py:145] - Client: Connected
2024-08-20 17:38:56,728 - __main__ - INFO - [client.py:162] - received message from: server -> (fill_buffer(self, 'server_name', 'lab9-09', ))
2024-08-20 17:38:57,814 - __main__ - INFO - [client.py:162] - received message from: server -> (Job: NV_jobProcessor1_001 Allocation: (1, 1, '[1, 2, 3, 4, 5]', 'lab9-09', 'inprogress'))
2024-08-20 17:38:58,337 - __main__ - INFO - [plugin.py:46] - eHoudini: Started process hython_process
2024-08-20 17:38:58,337 - __main__ - ERROR - [envy.py:85] - Failed while executing PLUGIN_eHoudini(self, '{"Allocation_Id": 1, "Purpose": "cache", "Tasks": {"1": 1, "2": 2, "3": 3, "4": 4, "5": 5}, "Environment": {"Target_Button": "/obj/geo1/NVCache1/execute", "HIP": "Z:/school/Ehoudini", "JOB": "C:/Users/Nathan.v0602", "Job_Type": "simulation"}, "Parameters": {"/obj/geo1/NVCache1/f1": "1.0", "/obj/geo1/NVCache1/f2": "60.0", "/obj/geo1/NVCache1/substeps": "1", "/obj/geo1/NVCache1/NVversion": 5.0}}', ), data argument must be a bytes-like object, not str


2024-08-20 17:41:24.765037
17:41:242024-08-20 17:41:24,832 - __main__ - INFO - [envy.py:128] - Started Envy
2024-08-20 17:41:24,838 - __main__ - INFO - [client.py:145] - Client: Connected
2024-08-20 17:41:24,852 - __main__ - INFO - [client.py:162] - received message from: server -> (fill_buffer(self, 'server_name', 'lab9-09', ))
2024-08-20 17:41:26,377 - __main__ - INFO - [client.py:162] - received message from: server -> (Job: NV_jobProcessor1_001 Allocation: (1, 1, '[1, 2, 3, 4, 5]', 'lab9-09', 'inprogress'))
2024-08-20 17:41:26,955 - __main__ - INFO - [plugin.py:46] - eHoudini: Started process hython_process
2024-08-20 17:41:26,955 - __main__ - ERROR - [envy.py:85] - Failed while executing PLUGIN_eHoudini(self, '{"Allocation_Id": 1, "Purpose": "cache", "Tasks": {"1": 1, "2": 2, "3": 3, "4": 4, "5": 5}, "Environment": {"Target_Button": "/obj/geo1/NVCache1/execute", "HIP": "Z:/school/Ehoudini", "JOB": "C:/Users/Nathan.v0602", "Job_Type": "simulation"}, "Parameters": {"/obj/geo1/NVCache1/f1": "1.0", "/obj/geo1/NVCache1/f2": "60.0", "/obj/geo1/NVCache1/substeps": "1", "/obj/geo1/NVCache1/NVversion": 5.0}}', ), 'StreamWriter' object has no attribute 'flush'


2024-08-20 17:41:42.781362
17:41:422024-08-20 17:41:42,841 - __main__ - INFO - [envy.py:128] - Started Envy
2024-08-20 17:41:42,847 - __main__ - INFO - [client.py:145] - Client: Connected
2024-08-20 17:41:42,860 - __main__ - INFO - [client.py:162] - received message from: server -> (fill_buffer(self, 'server_name', 'lab9-09', ))
2024-08-20 17:41:44,482 - __main__ - INFO - [client.py:162] - received message from: server -> (Job: NV_jobProcessor1_001 Allocation: (1, 1, '[1, 2, 3, 4, 5]', 'lab9-09', 'inprogress'))
2024-08-20 17:41:45,006 - __main__ - INFO - [plugin.py:46] - eHoudini: Started process hython_process
2024-08-20 17:41:45,006 - __main__ - INFO - [plugin.py:144] - eHoudini: to hython -> hou.putenv('JOB', 'C:/Users/Nathan.v0602')
2024-08-20 17:41:45,006 - __main__ - INFO - [plugin.py:73] - eHoudini: set project
2024-08-20 17:41:45,007 - __main__ - INFO - [plugin.py:144] - eHoudini: to hython -> hou.hipFile.load('Z:/school/Ehoudini')
2024-08-20 17:41:45,007 - __main__ - INFO - [plugin.py:75] - eHoudini: opened hipfile
2024-08-20 17:41:45,007 - __main__ - INFO - [plugin.py:144] - eHoudini: to hython -> parmNode = hou.node('/obj/geo1/NVCache1')
2024-08-20 17:41:45,007 - __main__ - INFO - [plugin.py:144] - eHoudini: to hython -> targetParm = parmNode.parm('f1')
2024-08-20 17:41:45,007 - __main__ - INFO - [plugin.py:144] - eHoudini: to hython -> targetParm.setExpression('1.0', language=hou.exprLanguage.Hscript)
2024-08-20 17:41:45,007 - __main__ - INFO - [plugin.py:144] - eHoudini: to hython -> targetParm.pressButton()
2024-08-20 17:41:45,007 - __main__ - INFO - [plugin.py:95] - eHoudini: Set parameter f1 on /obj/geo1/NVCache1 to '1.0'
2024-08-20 17:41:45,007 - __main__ - INFO - [plugin.py:144] - eHoudini: to hython -> parmNode = hou.node('/obj/geo1/NVCache1')
2024-08-20 17:41:45,007 - __main__ - INFO - [plugin.py:144] - eHoudini: to hython -> targetParm = parmNode.parm('f2')
2024-08-20 17:41:45,007 - __main__ - INFO - [plugin.py:144] - eHoudini: to hython -> targetParm.setExpression('60.0', language=hou.exprLanguage.Hscript)
2024-08-20 17:41:45,007 - __main__ - INFO - [plugin.py:144] - eHoudini: to hython -> targetParm.pressButton()
2024-08-20 17:41:45,007 - __main__ - INFO - [plugin.py:95] - eHoudini: Set parameter f2 on /obj/geo1/NVCache1 to '60.0'
2024-08-20 17:41:45,007 - __main__ - INFO - [plugin.py:144] - eHoudini: to hython -> parmNode = hou.node('/obj/geo1/NVCache1')
2024-08-20 17:41:45,007 - __main__ - INFO - [plugin.py:144] - eHoudini: to hython -> targetParm = parmNode.parm('substeps')
2024-08-20 17:41:45,007 - __main__ - INFO - [plugin.py:144] - eHoudini: to hython -> targetParm.setExpression('1', language=hou.exprLanguage.Hscript)
2024-08-20 17:41:45,007 - __main__ - INFO - [plugin.py:144] - eHoudini: to hython -> targetParm.pressButton()
2024-08-20 17:41:45,007 - __main__ - INFO - [plugin.py:95] - eHoudini: Set parameter substeps on /obj/geo1/NVCache1 to '1'
2024-08-20 17:41:45,007 - __main__ - INFO - [plugin.py:144] - eHoudini: to hython -> parmNode = hou.node('/obj/geo1/NVCache1')
2024-08-20 17:41:45,007 - __main__ - INFO - [plugin.py:144] - eHoudini: to hython -> targetParm = parmNode.parm('NVversion')
2024-08-20 17:41:45,007 - __main__ - INFO - [plugin.py:144] - eHoudini: to hython -> targetParm.setExpression('5.0', language=hou.exprLanguage.Hscript)
2024-08-20 17:41:45,008 - __main__ - INFO - [plugin.py:144] - eHoudini: to hython -> targetParm.pressButton()
2024-08-20 17:41:45,008 - __main__ - INFO - [plugin.py:95] - eHoudini: Set parameter NVversion on /obj/geo1/NVCache1 to '5.0'
2024-08-20 17:41:45,008 - __main__ - INFO - [plugin.py:144] - eHoudini: to hython -> targetNode = hou.node('/obj/geo1/NVCache1')
2024-08-20 17:41:45,009 - __main__ - INFO - [plugin.py:144] - eHoudini: to hython -> targetParm = targetNode.parm('execute')
2024-08-20 17:41:45,009 - __main__ - INFO - [plugin.py:144] - eHoudini: to hython -> targetParm.pressButton()
2024-08-20 17:41:45,009 - __main__ - INFO - [plugin.py:101] - eHoudini: pressed start button


2024-08-20 17:43:07.610884
17:43:072024-08-20 17:43:07,672 - __main__ - INFO - [envy.py:128] - Started Envy
2024-08-20 17:43:07,679 - __main__ - INFO - [client.py:145] - Client: Connected
2024-08-20 17:43:07,695 - __main__ - INFO - [client.py:162] - received message from: server -> (fill_buffer(self, 'server_name', 'lab9-09', ))
2024-08-20 17:43:08,867 - __main__ - INFO - [client.py:162] - received message from: server -> (Job: NV_jobProcessor1_001 Allocation: (1, 1, '[1, 2, 3, 4, 5]', 'lab9-09', 'inprogress'))
2024-08-20 17:43:09,262 - __main__ - INFO - [plugin.py:46] - eHoudini: Started process hython_process
2024-08-20 17:43:09,263 - __main__ - INFO - [plugin.py:144] - eHoudini: to hython -> hou.putenv('JOB', 'C:/Users/Nathan.v0602')
2024-08-20 17:43:09,263 - __main__ - INFO - [plugin.py:73] - eHoudini: set project
2024-08-20 17:43:09,263 - __main__ - INFO - [plugin.py:144] - eHoudini: to hython -> hou.hipFile.load('Z:/school/Ehoudini')
2024-08-20 17:43:09,263 - __main__ - INFO - [plugin.py:75] - eHoudini: opened hipfile
2024-08-20 17:43:09,263 - __main__ - INFO - [plugin.py:144] - eHoudini: to hython -> parmNode = hou.node('/obj/geo1/NVCache1')
2024-08-20 17:43:09,263 - __main__ - INFO - [plugin.py:144] - eHoudini: to hython -> targetParm = parmNode.parm('f1')
2024-08-20 17:43:09,264 - __main__ - INFO - [plugin.py:144] - eHoudini: to hython -> targetParm.setExpression('1.0', language=hou.exprLanguage.Hscript)
2024-08-20 17:43:09,264 - __main__ - INFO - [plugin.py:144] - eHoudini: to hython -> targetParm.pressButton()
2024-08-20 17:43:09,264 - __main__ - INFO - [plugin.py:95] - eHoudini: Set parameter f1 on /obj/geo1/NVCache1 to '1.0'
2024-08-20 17:43:09,264 - __main__ - INFO - [plugin.py:144] - eHoudini: to hython -> parmNode = hou.node('/obj/geo1/NVCache1')
2024-08-20 17:43:09,264 - __main__ - INFO - [plugin.py:144] - eHoudini: to hython -> targetParm = parmNode.parm('f2')
2024-08-20 17:43:09,264 - __main__ - INFO - [plugin.py:144] - eHoudini: to hython -> targetParm.setExpression('60.0', language=hou.exprLanguage.Hscript)
2024-08-20 17:43:09,264 - __main__ - INFO - [plugin.py:144] - eHoudini: to hython -> targetParm.pressButton()
2024-08-20 17:43:09,264 - __main__ - INFO - [plugin.py:95] - eHoudini: Set parameter f2 on /obj/geo1/NVCache1 to '60.0'
2024-08-20 17:43:09,264 - __main__ - INFO - [plugin.py:144] - eHoudini: to hython -> parmNode = hou.node('/obj/geo1/NVCache1')
2024-08-20 17:43:09,264 - __main__ - INFO - [plugin.py:144] - eHoudini: to hython -> targetParm = parmNode.parm('substeps')
2024-08-20 17:43:09,264 - __main__ - INFO - [plugin.py:144] - eHoudini: to hython -> targetParm.setExpression('1', language=hou.exprLanguage.Hscript)
2024-08-20 17:43:09,264 - __main__ - INFO - [plugin.py:144] - eHoudini: to hython -> targetParm.pressButton()
2024-08-20 17:43:09,265 - __main__ - INFO - [plugin.py:95] - eHoudini: Set parameter substeps on /obj/geo1/NVCache1 to '1'
2024-08-20 17:43:09,265 - __main__ - INFO - [plugin.py:144] - eHoudini: to hython -> parmNode = hou.node('/obj/geo1/NVCache1')
2024-08-20 17:43:09,265 - __main__ - INFO - [plugin.py:144] - eHoudini: to hython -> targetParm = parmNode.parm('NVversion')
2024-08-20 17:43:09,265 - __main__ - INFO - [plugin.py:144] - eHoudini: to hython -> targetParm.setExpression('5.0', language=hou.exprLanguage.Hscript)
2024-08-20 17:43:09,265 - __main__ - INFO - [plugin.py:144] - eHoudini: to hython -> targetParm.pressButton()
2024-08-20 17:43:09,266 - __main__ - INFO - [plugin.py:95] - eHoudini: Set parameter NVversion on /obj/geo1/NVCache1 to '5.0'
2024-08-20 17:43:09,266 - __main__ - INFO - [plugin.py:144] - eHoudini: to hython -> targetNode = hou.node('/obj/geo1/NVCache1')
2024-08-20 17:43:09,266 - __main__ - INFO - [plugin.py:144] - eHoudini: to hython -> targetParm = targetNode.parm('execute')
2024-08-20 17:43:09,267 - __main__ - INFO - [plugin.py:144] - eHoudini: to hython -> targetParm.pressButton()
2024-08-20 17:43:09,267 - __main__ - INFO - [plugin.py:101] - eHoudini: pressed start button


2024-08-20 17:43:30.814669
17:43:302024-08-20 17:43:30,869 - __main__ - INFO - [envy.py:128] - Started Envy
2024-08-20 17:43:30,875 - __main__ - INFO - [client.py:145] - Client: Connected
2024-08-20 17:43:30,887 - __main__ - INFO - [client.py:162] - received message from: server -> (fill_buffer(self, 'server_name', 'lab9-09', ))
2024-08-20 17:43:30,971 - __main__ - INFO - [client.py:162] - received message from: server -> (Job: NV_jobProcessor1_001 Allocation: (1, 1, '[1, 2, 3, 4, 5]', 'lab9-09', 'inprogress'))
2024-08-20 17:43:31,989 - __main__ - INFO - [plugin.py:46] - eHoudini: Started process hython_process
2024-08-20 17:43:31,989 - __main__ - INFO - [plugin.py:144] - eHoudini: to hython -> hou.putenv('JOB', 'C:/Users/Nathan.v0602')
2024-08-20 17:43:31,989 - __main__ - INFO - [plugin.py:73] - eHoudini: set project
2024-08-20 17:43:31,989 - __main__ - INFO - [plugin.py:144] - eHoudini: to hython -> hou.hipFile.load('Z:/school/Ehoudini')
2024-08-20 17:43:31,989 - __main__ - INFO - [plugin.py:75] - eHoudini: opened hipfile
2024-08-20 17:43:31,990 - __main__ - INFO - [plugin.py:144] - eHoudini: to hython -> parmNode = hou.node('/obj/geo1/NVCache1')
2024-08-20 17:43:31,990 - __main__ - INFO - [plugin.py:144] - eHoudini: to hython -> targetParm = parmNode.parm('f1')
2024-08-20 17:43:31,990 - __main__ - INFO - [plugin.py:144] - eHoudini: to hython -> targetParm.setExpression('1.0', language=hou.exprLanguage.Hscript)
2024-08-20 17:43:31,990 - __main__ - INFO - [plugin.py:144] - eHoudini: to hython -> targetParm.pressButton()
2024-08-20 17:43:31,990 - __main__ - INFO - [plugin.py:95] - eHoudini: Set parameter f1 on /obj/geo1/NVCache1 to '1.0'
2024-08-20 17:43:31,990 - __main__ - INFO - [plugin.py:144] - eHoudini: to hython -> parmNode = hou.node('/obj/geo1/NVCache1')
2024-08-20 17:43:31,990 - __main__ - INFO - [plugin.py:144] - eHoudini: to hython -> targetParm = parmNode.parm('f2')
2024-08-20 17:43:31,990 - __main__ - INFO - [plugin.py:144] - eHoudini: to hython -> targetParm.setExpression('60.0', language=hou.exprLanguage.Hscript)
2024-08-20 17:43:31,990 - __main__ - INFO - [plugin.py:144] - eHoudini: to hython -> targetParm.pressButton()
2024-08-20 17:43:31,990 - __main__ - INFO - [plugin.py:95] - eHoudini: Set parameter f2 on /obj/geo1/NVCache1 to '60.0'
2024-08-20 17:43:31,990 - __main__ - INFO - [plugin.py:144] - eHoudini: to hython -> parmNode = hou.node('/obj/geo1/NVCache1')
2024-08-20 17:43:31,990 - __main__ - INFO - [plugin.py:144] - eHoudini: to hython -> targetParm = parmNode.parm('substeps')
2024-08-20 17:43:31,990 - __main__ - INFO - [plugin.py:144] - eHoudini: to hython -> targetParm.setExpression('1', language=hou.exprLanguage.Hscript)
2024-08-20 17:43:31,991 - __main__ - INFO - [plugin.py:144] - eHoudini: to hython -> targetParm.pressButton()
2024-08-20 17:43:31,991 - __main__ - INFO - [plugin.py:95] - eHoudini: Set parameter substeps on /obj/geo1/NVCache1 to '1'
2024-08-20 17:43:31,991 - __main__ - INFO - [plugin.py:144] - eHoudini: to hython -> parmNode = hou.node('/obj/geo1/NVCache1')
2024-08-20 17:43:31,991 - __main__ - INFO - [plugin.py:144] - eHoudini: to hython -> targetParm = parmNode.parm('NVversion')
2024-08-20 17:43:31,991 - __main__ - INFO - [plugin.py:144] - eHoudini: to hython -> targetParm.setExpression('5.0', language=hou.exprLanguage.Hscript)
2024-08-20 17:43:31,992 - __main__ - INFO - [plugin.py:144] - eHoudini: to hython -> targetParm.pressButton()
2024-08-20 17:43:31,992 - __main__ - INFO - [plugin.py:95] - eHoudini: Set parameter NVversion on /obj/geo1/NVCache1 to '5.0'
2024-08-20 17:43:31,992 - __main__ - INFO - [plugin.py:144] - eHoudini: to hython -> targetNode = hou.node('/obj/geo1/NVCache1')
2024-08-20 17:43:31,992 - __main__ - INFO - [plugin.py:144] - eHoudini: to hython -> targetParm = targetNode.parm('execute')
2024-08-20 17:43:31,993 - __main__ - INFO - [plugin.py:144] - eHoudini: to hython -> targetParm.pressButton()
2024-08-20 17:43:31,993 - __main__ - INFO - [plugin.py:101] - eHoudini: pressed start button


2024-08-20 17:43:57.233393
17:43:572024-08-20 17:43:57,290 - __main__ - INFO - [envy.py:128] - Started Envy
2024-08-20 17:43:57,297 - __main__ - INFO - [client.py:145] - Client: Connected
2024-08-20 17:43:57,310 - __main__ - INFO - [client.py:162] - received message from: server -> (fill_buffer(self, 'server_name', 'lab9-09', ))
2024-08-20 17:43:59,103 - __main__ - INFO - [client.py:162] - received message from: server -> (Job: NV_jobProcessor1_001 Allocation: (1, 1, '[1, 2, 3, 4, 5]', 'lab9-09', 'inprogress'))
2024-08-20 17:43:59,446 - __main__ - INFO - [plugin.py:46] - eHoudini: Started process hython_process
2024-08-20 17:43:59,446 - __main__ - INFO - [plugin.py:145] - eHoudini: to hython -> hou.putenv('JOB', 'C:/Users/Nathan.v0602')
2024-08-20 17:43:59,446 - __main__ - INFO - [plugin.py:73] - eHoudini: set project
2024-08-20 17:43:59,446 - __main__ - INFO - [plugin.py:145] - eHoudini: to hython -> hou.hipFile.load('Z:/school/Ehoudini')
2024-08-20 17:43:59,447 - __main__ - INFO - [plugin.py:75] - eHoudini: opened hipfile
2024-08-20 17:43:59,447 - __main__ - INFO - [plugin.py:145] - eHoudini: to hython -> parmNode = hou.node('/obj/geo1/NVCache1')
2024-08-20 17:43:59,447 - __main__ - INFO - [plugin.py:145] - eHoudini: to hython -> targetParm = parmNode.parm('f1')
2024-08-20 17:43:59,447 - __main__ - INFO - [plugin.py:145] - eHoudini: to hython -> targetParm.setExpression('1.0', language=hou.exprLanguage.Hscript)
2024-08-20 17:43:59,447 - __main__ - INFO - [plugin.py:145] - eHoudini: to hython -> targetParm.pressButton()
2024-08-20 17:43:59,447 - __main__ - INFO - [plugin.py:95] - eHoudini: Set parameter f1 on /obj/geo1/NVCache1 to '1.0'
2024-08-20 17:43:59,447 - __main__ - INFO - [plugin.py:145] - eHoudini: to hython -> parmNode = hou.node('/obj/geo1/NVCache1')
2024-08-20 17:43:59,447 - __main__ - INFO - [plugin.py:145] - eHoudini: to hython -> targetParm = parmNode.parm('f2')
2024-08-20 17:43:59,447 - __main__ - INFO - [plugin.py:145] - eHoudini: to hython -> targetParm.setExpression('60.0', language=hou.exprLanguage.Hscript)
2024-08-20 17:43:59,447 - __main__ - INFO - [plugin.py:145] - eHoudini: to hython -> targetParm.pressButton()
2024-08-20 17:43:59,447 - __main__ - INFO - [plugin.py:95] - eHoudini: Set parameter f2 on /obj/geo1/NVCache1 to '60.0'
2024-08-20 17:43:59,447 - __main__ - INFO - [plugin.py:145] - eHoudini: to hython -> parmNode = hou.node('/obj/geo1/NVCache1')
2024-08-20 17:43:59,447 - __main__ - INFO - [plugin.py:145] - eHoudini: to hython -> targetParm = parmNode.parm('substeps')
2024-08-20 17:43:59,448 - __main__ - INFO - [plugin.py:145] - eHoudini: to hython -> targetParm.setExpression('1', language=hou.exprLanguage.Hscript)
2024-08-20 17:43:59,448 - __main__ - INFO - [plugin.py:145] - eHoudini: to hython -> targetParm.pressButton()
2024-08-20 17:43:59,448 - __main__ - INFO - [plugin.py:95] - eHoudini: Set parameter substeps on /obj/geo1/NVCache1 to '1'
2024-08-20 17:43:59,448 - __main__ - INFO - [plugin.py:145] - eHoudini: to hython -> parmNode = hou.node('/obj/geo1/NVCache1')
2024-08-20 17:43:59,448 - __main__ - INFO - [plugin.py:145] - eHoudini: to hython -> targetParm = parmNode.parm('NVversion')
2024-08-20 17:43:59,448 - __main__ - INFO - [plugin.py:145] - eHoudini: to hython -> targetParm.setExpression('5.0', language=hou.exprLanguage.Hscript)
2024-08-20 17:43:59,449 - __main__ - INFO - [plugin.py:145] - eHoudini: to hython -> targetParm.pressButton()
2024-08-20 17:43:59,449 - __main__ - INFO - [plugin.py:95] - eHoudini: Set parameter NVversion on /obj/geo1/NVCache1 to '5.0'
2024-08-20 17:43:59,449 - __main__ - INFO - [plugin.py:145] - eHoudini: to hython -> targetNode = hou.node('/obj/geo1/NVCache1')
2024-08-20 17:43:59,449 - __main__ - INFO - [plugin.py:145] - eHoudini: to hython -> targetParm = targetNode.parm('execute')
2024-08-20 17:43:59,450 - __main__ - INFO - [plugin.py:145] - eHoudini: to hython -> targetParm.pressButton()
2024-08-20 17:43:59,450 - __main__ - INFO - [plugin.py:101] - eHoudini: pressed start button


2024-08-20 17:44:18.741362
17:44:182024-08-20 17:44:18,797 - __main__ - INFO - [envy.py:128] - Started Envy
2024-08-20 17:44:18,805 - __main__ - INFO - [client.py:145] - Client: Connected
2024-08-20 17:44:18,819 - __main__ - INFO - [client.py:162] - received message from: server -> (fill_buffer(self, 'server_name', 'lab9-09', ))
2024-08-20 17:44:19,149 - __main__ - INFO - [client.py:162] - received message from: server -> (Job: NV_jobProcessor1_001 Allocation: (1, 1, '[1, 2, 3, 4, 5]', 'lab9-09', 'inprogress'))
2024-08-20 17:44:19,914 - __main__ - INFO - [plugin.py:46] - eHoudini: Started process hython_process


2024-08-20 17:46:22.099772
17:46:222024-08-20 17:46:22,157 - __main__ - INFO - [envy.py:128] - Started Envy
2024-08-20 17:46:22,164 - __main__ - INFO - [client.py:145] - Client: Connected
2024-08-20 17:46:22,178 - __main__ - INFO - [client.py:162] - received message from: server -> (fill_buffer(self, 'server_name', 'lab9-09', ))
2024-08-20 17:46:23,727 - __main__ - INFO - [client.py:162] - received message from: server -> (Job: NV_jobProcessor1_001 Allocation: (1, 1, '[1, 2, 3, 4, 5]', 'lab9-09', 'inprogress'))
2024-08-20 17:46:24,288 - __main__ - INFO - [plugin.py:46] - eHoudini: Started process hython_process


2024-08-20 17:48:20.646495
17:48:202024-08-20 17:48:20,703 - __main__ - INFO - [envy.py:128] - Started Envy
2024-08-20 17:48:20,710 - __main__ - INFO - [client.py:145] - Client: Connected
2024-08-20 17:48:20,723 - __main__ - INFO - [client.py:162] - received message from: server -> (fill_buffer(self, 'server_name', 'lab9-09', ))
2024-08-20 17:48:22,160 - __main__ - INFO - [client.py:162] - received message from: server -> (Job: NV_jobProcessor1_001 Allocation: (1, 1, '[1, 2, 3, 4, 5]', 'lab9-09', 'inprogress'))
2024-08-20 17:48:22,335 - __main__ - INFO - [plugin.py:46] - eHoudini: Started process hython_process


2024-08-20 17:48:36.174706
17:48:362024-08-20 17:48:36,228 - __main__ - INFO - [envy.py:128] - Started Envy
2024-08-20 17:48:36,234 - __main__ - INFO - [client.py:145] - Client: Connected
2024-08-20 17:48:36,246 - __main__ - INFO - [client.py:162] - received message from: server -> (fill_buffer(self, 'server_name', 'lab9-09', ))
2024-08-20 17:48:36,249 - __main__ - INFO - [client.py:162] - received message from: server -> (Job: NV_jobProcessor1_001 Allocation: (1, 1, '[1, 2, 3, 4, 5]', 'lab9-09', 'inprogress'))
2024-08-20 17:48:37,358 - __main__ - INFO - [plugin.py:46] - eHoudini: Started process hython_process


2024-08-20 17:54:33.638614
17:54:332024-08-20 17:54:33,693 - __main__ - INFO - [envy.py:128] - Started Envy
2024-08-20 17:54:33,700 - __main__ - INFO - [client.py:145] - Client: Connected
2024-08-20 17:54:33,712 - __main__ - INFO - [client.py:162] - received message from: server -> (fill_buffer(self, 'server_name', 'lab9-09', ))
2024-08-20 17:54:33,910 - __main__ - INFO - [client.py:162] - received message from: server -> (Job: NV_jobProcessor1_001 Allocation: (1, 1, '[1, 2, 3, 4, 5]', 'lab9-09', 'inprogress'))
2024-08-20 17:54:34,808 - __main__ - INFO - [plugin.py:46] - eHoudini: Started process hython_process


2024-08-20 17:55:40.039849
17:55:402024-08-20 17:55:40,094 - __main__ - INFO - [envy.py:128] - Started Envy
2024-08-20 17:55:40,100 - __main__ - INFO - [client.py:145] - Client: Connected
2024-08-20 17:55:40,113 - __main__ - INFO - [client.py:162] - received message from: server -> (fill_buffer(self, 'server_name', 'lab9-09', ))
2024-08-20 17:55:40,262 - __main__ - INFO - [client.py:162] - received message from: server -> (Job: NV_jobProcessor1_001 Allocation: (1, 1, '[1, 2, 3, 4, 5]', 'lab9-09', 'inprogress'))
2024-08-20 17:55:46,209 - __main__ - INFO - [plugin.py:47] - eHoudini: Started process hython_process
2024-08-20 17:55:46,209 - __main__ - INFO - [plugin.py:157] - eHoudini: to hython -> hou.putenv('JOB', 'C:/Users/Nathan.v0602')

2024-08-20 17:55:46,210 - __main__ - INFO - [plugin.py:74] - eHoudini: set project


2024-08-20 17:56:17.161439
17:56:172024-08-20 17:56:17,216 - __main__ - INFO - [envy.py:128] - Started Envy
2024-08-20 17:56:17,223 - __main__ - INFO - [client.py:145] - Client: Connected
2024-08-20 17:56:17,236 - __main__ - INFO - [client.py:162] - received message from: server -> (fill_buffer(self, 'server_name', 'lab9-09', ))
2024-08-20 17:56:18,442 - __main__ - INFO - [client.py:162] - received message from: server -> (Job: NV_jobProcessor1_001 Allocation: (1, 1, '[1, 2, 3, 4, 5]', 'lab9-09', 'inprogress'))
2024-08-20 17:56:23,811 - __main__ - INFO - [plugin.py:47] - eHoudini: Started process hython_process
2024-08-20 17:56:23,811 - __main__ - INFO - [plugin.py:157] - eHoudini: to hython -> hou.putenv('JOB', 'C:/Users/Nathan.v0602')

2024-08-20 17:56:23,811 - __main__ - INFO - [plugin.py:74] - eHoudini: set project
2024-08-20 17:56:25,604 - __main__ - INFO - [plugin.py:161] - eHoudini: exit function called
2024-08-20 17:56:25,604 - __main__ - INFO - [plugin.py:162] - eHoudini: Terminating child process
2024-08-20 17:56:25,604 - __main__ - INFO - [plugin.py:166] - eHoudini: terminated child process
2024-08-20 17:56:25,604 - __main__ - INFO - [plugin.py:167] - eHoudini: successfully closed


2024-08-20 17:56:53.109683
17:56:532024-08-20 17:56:53,161 - __main__ - INFO - [envy.py:128] - Started Envy
2024-08-20 17:56:53,167 - __main__ - INFO - [client.py:145] - Client: Connected
2024-08-20 17:56:53,180 - __main__ - INFO - [client.py:162] - received message from: server -> (fill_buffer(self, 'server_name', 'lab9-09', ))
2024-08-20 17:56:54,660 - __main__ - INFO - [client.py:162] - received message from: server -> (Job: NV_jobProcessor1_001 Allocation: (1, 1, '[1, 2, 3, 4, 5]', 'lab9-09', 'inprogress'))
2024-08-20 17:57:00,252 - __main__ - INFO - [plugin.py:47] - eHoudini: Started process hython_process
2024-08-20 17:57:00,252 - __main__ - INFO - [plugin.py:157] - eHoudini: to hython -> hou.putenv('JOB', 'C:/Users/Nathan.v0602')

2024-08-20 17:57:00,252 - __main__ - INFO - [plugin.py:74] - eHoudini: set project
2024-08-20 17:57:53,393 - __main__ - INFO - [plugin.py:161] - eHoudini: exit function called
2024-08-20 17:57:53,393 - __main__ - INFO - [plugin.py:162] - eHoudini: Terminating child process
2024-08-20 17:57:53,393 - __main__ - INFO - [plugin.py:166] - eHoudini: terminated child process
2024-08-20 17:57:53,393 - __main__ - INFO - [plugin.py:167] - eHoudini: successfully closed


2024-08-20 18:04:42.315747
18:04:422024-08-20 18:04:42,376 - __main__ - INFO - [envy.py:128] - Started Envy
2024-08-20 18:04:42,384 - __main__ - INFO - [client.py:145] - Client: Connected
2024-08-20 18:04:42,398 - __main__ - INFO - [client.py:162] - received message from: server -> (fill_buffer(self, 'server_name', 'lab9-09', ))
2024-08-20 18:04:42,662 - __main__ - INFO - [client.py:162] - received message from: server -> (Job: NV_jobProcessor1_001 Allocation: (1, 1, '[1, 2, 3, 4, 5]', 'lab9-09', 'inprogress'))
2024-08-20 18:04:48,535 - __main__ - INFO - [plugin.py:47] - eHoudini: Started process hython_process
2024-08-20 18:04:48,535 - __main__ - ERROR - [envy.py:85] - Failed while executing PLUGIN_eHoudini(self, '{"Allocation_Id": 1, "Purpose": "cache", "Tasks": {"1": 1, "2": 2, "3": 3, "4": 4, "5": 5}, "Environment": {"Target_Button": "/obj/geo1/NVCache1/execute", "HIP": "Z:/school/Ehoudini", "JOB": "C:/Users/Nathan.v0602", "Job_Type": "simulation"}, "Parameters": {"/obj/geo1/NVCache1/f1": "1.0", "/obj/geo1/NVCache1/f2": "60.0", "/obj/geo1/NVCache1/substeps": "1", "/obj/geo1/NVCache1/NVversion": 5.0}}', ), Connection lost


2024-08-20 18:05:53.241592
18:05:532024-08-20 18:05:53,308 - __main__ - INFO - [envy.py:128] - Started Envy
2024-08-20 18:05:53,315 - __main__ - INFO - [client.py:145] - Client: Connected
2024-08-20 18:05:53,330 - __main__ - INFO - [client.py:162] - received message from: server -> (fill_buffer(self, 'server_name', 'lab9-09', ))
2024-08-20 18:05:54,971 - __main__ - INFO - [client.py:162] - received message from: server -> (Job: NV_jobProcessor1_001 Allocation: (1, 1, '[1, 2, 3, 4, 5]', 'lab9-09', 'inprogress'))
2024-08-20 18:05:55,483 - __main__ - INFO - [plugin.py:46] - eHoudini: Started process hython_process
2024-08-20 18:05:55,483 - __main__ - INFO - [plugin.py:155] - eHoudini: to hython -> hou.putenv('JOB', 'C:/Users/Nathan.v0602')

2024-08-20 18:05:55,483 - __main__ - INFO - [plugin.py:73] - eHoudini: set project


2024-08-20 18:07:37.999944
18:07:372024-08-20 18:07:38,058 - __main__ - INFO - [envy.py:128] - Started Envy
2024-08-20 18:07:38,064 - __main__ - INFO - [client.py:145] - Client: Connected
2024-08-20 18:07:38,078 - __main__ - INFO - [client.py:162] - received message from: server -> (fill_buffer(self, 'server_name', 'lab9-09', ))
2024-08-20 18:07:39,496 - __main__ - INFO - [client.py:162] - received message from: server -> (Job: NV_jobProcessor1_001 Allocation: (1, 1, '[1, 2, 3, 4, 5]', 'lab9-09', 'inprogress'))
2024-08-20 18:07:39,680 - __main__ - INFO - [plugin.py:45] - eHoudini: Started process hython_process


2024-08-20 18:08:15.912609
18:08:152024-08-20 18:08:15,971 - __main__ - INFO - [envy.py:128] - Started Envy
2024-08-20 18:08:15,978 - __main__ - INFO - [client.py:145] - Client: Connected
2024-08-20 18:08:15,995 - __main__ - INFO - [client.py:162] - received message from: server -> (fill_buffer(self, 'server_name', 'lab9-09', ))
2024-08-20 18:08:17,652 - __main__ - INFO - [client.py:162] - received message from: server -> (Job: NV_jobProcessor1_001 Allocation: (1, 1, '[1, 2, 3, 4, 5]', 'lab9-09', 'inprogress'))
2024-08-20 18:08:18,107 - __main__ - INFO - [plugin.py:45] - eHoudini: Started process hython_process


2024-08-20 18:09:27.215355
18:09:272024-08-20 18:09:27,254 - __main__ - INFO - [envy.py:128] - Started Envy
2024-08-20 18:09:27,261 - __main__ - INFO - [envy.py:156] - Failed to connect to server
2024-08-20 18:09:27,261 - __main__ - INFO - [envy.py:172] - Failed to connect because of invalid status code
2024-08-20 18:09:27,261 - __main__ - WARNING - [envy.py:183] - Envy already has another connection from lab9-09


2024-08-20 18:09:35.283539
18:09:352024-08-20 18:09:35,336 - __main__ - INFO - [envy.py:128] - Started Envy
2024-08-20 18:09:35,343 - __main__ - INFO - [client.py:145] - Client: Connected
2024-08-20 18:09:35,363 - __main__ - INFO - [client.py:162] - received message from: server -> (fill_buffer(self, 'server_name', 'lab9-09', ))
2024-08-20 18:09:35,999 - __main__ - INFO - [client.py:162] - received message from: server -> (Job: NV_jobProcessor1_001 Allocation: (1, 1, '[1, 2, 3, 4, 5]', 'lab9-09', 'inprogress'))
2024-08-20 18:09:36,485 - __main__ - INFO - [plugin.py:45] - eHoudini: Started process hython_process


2024-08-20 18:10:05.540032
18:10:052024-08-20 18:10:05,595 - __main__ - INFO - [envy.py:128] - Started Envy
2024-08-20 18:10:05,602 - __main__ - INFO - [client.py:145] - Client: Connected
2024-08-20 18:10:05,615 - __main__ - INFO - [client.py:162] - received message from: server -> (fill_buffer(self, 'server_name', 'lab9-09', ))
2024-08-20 18:10:06,070 - __main__ - INFO - [client.py:162] - received message from: server -> (Job: NV_jobProcessor1_001 Allocation: (1, 1, '[1, 2, 3, 4, 5]', 'lab9-09', 'inprogress'))
2024-08-20 18:10:06,727 - __main__ - INFO - [plugin.py:45] - eHoudini: Started process hython_process


2024-08-20 18:12:15.223617
18:12:152024-08-20 18:12:15,276 - __main__ - INFO - [envy.py:128] - Started Envy
2024-08-20 18:12:15,282 - __main__ - INFO - [client.py:145] - Client: Connected
2024-08-20 18:12:15,295 - __main__ - INFO - [client.py:162] - received message from: server -> (fill_buffer(self, 'server_name', 'lab9-09', ))
2024-08-20 18:12:16,600 - __main__ - INFO - [client.py:162] - received message from: server -> (Job: NV_jobProcessor1_001 Allocation: (1, 1, '[1, 2, 3, 4, 5]', 'lab9-09', 'inprogress'))
2024-08-20 18:12:16,904 - __main__ - INFO - [plugin.py:45] - eHoudini: Started process hython_process


2024-08-20 18:13:01.807789
18:13:012024-08-20 18:13:01,858 - __main__ - INFO - [envy.py:128] - Started Envy
2024-08-20 18:13:01,864 - __main__ - INFO - [client.py:145] - Client: Connected
2024-08-20 18:13:01,878 - __main__ - INFO - [client.py:162] - received message from: server -> (fill_buffer(self, 'server_name', 'lab9-09', ))
2024-08-20 18:13:02,805 - __main__ - INFO - [client.py:162] - received message from: server -> (Job: NV_jobProcessor1_001 Allocation: (1, 1, '[1, 2, 3, 4, 5]', 'lab9-09', 'inprogress'))
2024-08-20 18:13:02,985 - __main__ - INFO - [plugin.py:45] - eHoudini: Started process hython_process


2024-08-20 18:13:31.394652
18:13:312024-08-20 18:13:31,448 - __main__ - INFO - [envy.py:128] - Started Envy
2024-08-20 18:13:31,454 - __main__ - INFO - [client.py:145] - Client: Connected
2024-08-20 18:13:31,466 - __main__ - INFO - [client.py:162] - received message from: server -> (fill_buffer(self, 'server_name', 'lab9-09', ))
2024-08-20 18:13:32,999 - __main__ - INFO - [client.py:162] - received message from: server -> (Job: NV_jobProcessor1_001 Allocation: (1, 1, '[1, 2, 3, 4, 5]', 'lab9-09', 'inprogress'))
2024-08-20 18:13:33,544 - __main__ - INFO - [plugin.py:45] - eHoudini: Started process hython_process


2024-08-20 18:14:41.098629
18:14:412024-08-20 18:14:41,154 - __main__ - INFO - [envy.py:128] - Started Envy
2024-08-20 18:14:41,161 - __main__ - INFO - [client.py:145] - Client: Connected
2024-08-20 18:14:41,172 - __main__ - INFO - [client.py:162] - received message from: server -> (fill_buffer(self, 'server_name', 'lab9-09', ))
2024-08-20 18:14:41,283 - __main__ - INFO - [client.py:162] - received message from: server -> (Job: NV_jobProcessor1_001 Allocation: (1, 1, '[1, 2, 3, 4, 5]', 'lab9-09', 'inprogress'))
2024-08-20 18:14:42,272 - __main__ - INFO - [plugin.py:45] - eHoudini: Started process hython_process


2024-08-20 18:15:10.429909
18:15:102024-08-20 18:15:10,488 - __main__ - INFO - [envy.py:128] - Started Envy
2024-08-20 18:15:10,495 - __main__ - INFO - [client.py:145] - Client: Connected
2024-08-20 18:15:10,511 - __main__ - INFO - [client.py:162] - received message from: server -> (fill_buffer(self, 'server_name', 'lab9-09', ))
2024-08-20 18:15:11,458 - __main__ - INFO - [client.py:162] - received message from: server -> (Job: NV_jobProcessor1_001 Allocation: (1, 1, '[1, 2, 3, 4, 5]', 'lab9-09', 'inprogress'))
2024-08-20 18:15:11,622 - __main__ - INFO - [plugin.py:45] - eHoudini: Started process hython_process


2024-08-20 18:16:01.262467
18:16:012024-08-20 18:16:01,320 - __main__ - INFO - [envy.py:128] - Started Envy
2024-08-20 18:16:01,327 - __main__ - INFO - [client.py:145] - Client: Connected
2024-08-20 18:16:01,340 - __main__ - INFO - [client.py:162] - received message from: server -> (fill_buffer(self, 'server_name', 'lab9-09', ))
2024-08-20 18:16:01,652 - __main__ - INFO - [client.py:162] - received message from: server -> (Job: NV_jobProcessor1_001 Allocation: (1, 1, '[1, 2, 3, 4, 5]', 'lab9-09', 'inprogress'))
2024-08-20 18:16:02,430 - __main__ - INFO - [plugin.py:45] - eHoudini: Started process hython_process


2024-08-20 18:16:33.072901
18:16:332024-08-20 18:16:33,123 - __main__ - INFO - [envy.py:128] - Started Envy
2024-08-20 18:16:33,129 - __main__ - INFO - [client.py:145] - Client: Connected
2024-08-20 18:16:33,141 - __main__ - INFO - [client.py:162] - received message from: server -> (fill_buffer(self, 'server_name', 'lab9-09', ))
2024-08-20 18:16:33,795 - __main__ - INFO - [client.py:162] - received message from: server -> (Job: NV_jobProcessor1_001 Allocation: (1, 1, '[1, 2, 3, 4, 5]', 'lab9-09', 'inprogress'))
2024-08-20 18:16:34,248 - __main__ - INFO - [plugin.py:45] - eHoudini: Started process hython_process


2024-08-20 18:17:24.266884
18:17:242024-08-20 18:17:24,320 - __main__ - INFO - [envy.py:128] - Started Envy
2024-08-20 18:17:24,326 - __main__ - INFO - [client.py:145] - Client: Connected
2024-08-20 18:17:24,339 - __main__ - INFO - [client.py:162] - received message from: server -> (fill_buffer(self, 'server_name', 'lab9-09', ))
2024-08-20 18:17:26,124 - __main__ - INFO - [client.py:162] - received message from: server -> (Job: NV_jobProcessor1_001 Allocation: (1, 1, '[1, 2, 3, 4, 5]', 'lab9-09', 'inprogress'))
2024-08-20 18:17:34,496 - __main__ - INFO - [plugin.py:47] - eHoudini: Started process hython_process
2024-08-20 18:17:34,496 - __main__ - INFO - [plugin.py:156] - eHoudini: to hython -> hou.putenv('JOB', 'C:/Users/Nathan.v0602')

2024-08-20 18:17:34,496 - __main__ - INFO - [plugin.py:74] - eHoudini: set project


2024-08-20 18:27:41.086737
18:27:412024-08-20 18:27:41,140 - __main__ - INFO - [envy.py:128] - Started Envy
2024-08-20 18:27:41,147 - __main__ - INFO - [client.py:145] - Client: Connected
2024-08-20 18:27:41,160 - __main__ - INFO - [client.py:162] - received message from: server -> (fill_buffer(self, 'server_name', 'lab9-09', ))
2024-08-20 18:27:41,245 - __main__ - INFO - [client.py:162] - received message from: server -> (Job: NV_jobProcessor1_001 Allocation: (1, 1, '[1, 2, 3, 4, 5]', 'lab9-09', 'inprogress'))
2024-08-20 18:27:50,226 - __main__ - INFO - [plugin.py:46] - eHoudini: Started process hython_process
2024-08-20 18:27:50,239 - __main__ - ERROR - [envy.py:85] - Failed while executing PLUGIN_eHoudini(self, '{"Allocation_Id": 1, "Purpose": "cache", "Tasks": {"1": 1, "2": 2, "3": 3, "4": 4, "5": 5}, "Environment": {"Target_Button": "/obj/geo1/NVCache1/execute", "HIP": "Z:/school/Ehoudini", "JOB": "C:/Users/Nathan.v0602", "Job_Type": "simulation"}, "Parameters": {"/obj/geo1/NVCache1/f1": "1.0", "/obj/geo1/NVCache1/f2": "60.0", "/obj/geo1/NVCache1/substeps": "1", "/obj/geo1/NVCache1/NVversion": 5.0}}', ), Connection lost


2024-08-20 18:28:03.701288
18:28:032024-08-20 18:28:03,755 - __main__ - INFO - [envy.py:128] - Started Envy
2024-08-20 18:28:03,761 - __main__ - INFO - [client.py:145] - Client: Connected
2024-08-20 18:28:03,773 - __main__ - INFO - [client.py:162] - received message from: server -> (fill_buffer(self, 'server_name', 'lab9-09', ))
2024-08-20 18:28:05,335 - __main__ - INFO - [client.py:162] - received message from: server -> (Job: NV_jobProcessor1_001 Allocation: (1, 1, '[1, 2, 3, 4, 5]', 'lab9-09', 'inprogress'))
2024-08-20 18:28:05,824 - __main__ - INFO - [plugin.py:44] - eHoudini: Started process hython_process


2024-08-20 18:28:45.779759
18:28:452024-08-20 18:28:45,836 - __main__ - INFO - [envy.py:128] - Started Envy
2024-08-20 18:28:45,842 - __main__ - INFO - [client.py:145] - Client: Connected
2024-08-20 18:28:45,855 - __main__ - INFO - [client.py:162] - received message from: server -> (fill_buffer(self, 'server_name', 'lab9-09', ))
2024-08-20 18:28:47,562 - __main__ - INFO - [client.py:162] - received message from: server -> (Job: NV_jobProcessor1_001 Allocation: (1, 1, '[1, 2, 3, 4, 5]', 'lab9-09', 'inprogress'))
2024-08-20 18:28:47,922 - __main__ - INFO - [plugin.py:44] - eHoudini: Started process hython_process


2024-08-20 18:29:33.568981
18:29:332024-08-20 18:29:33,628 - __main__ - INFO - [envy.py:128] - Started Envy
2024-08-20 18:29:33,634 - __main__ - INFO - [client.py:145] - Client: Connected
2024-08-20 18:29:33,647 - __main__ - INFO - [client.py:162] - received message from: server -> (fill_buffer(self, 'server_name', 'lab9-09', ))
2024-08-20 18:29:33,786 - __main__ - INFO - [client.py:162] - received message from: server -> (Job: NV_jobProcessor1_001 Allocation: (1, 1, '[1, 2, 3, 4, 5]', 'lab9-09', 'inprogress'))
2024-08-20 18:29:34,689 - __main__ - INFO - [plugin.py:44] - eHoudini: Started process hython_process


2024-08-20 18:30:01.865242
18:30:012024-08-20 18:30:01,923 - __main__ - INFO - [envy.py:128] - Started Envy
2024-08-20 18:30:01,930 - __main__ - INFO - [client.py:145] - Client: Connected
2024-08-20 18:30:01,943 - __main__ - INFO - [client.py:162] - received message from: server -> (fill_buffer(self, 'server_name', 'lab9-09', ))
2024-08-20 18:30:01,976 - __main__ - INFO - [client.py:162] - received message from: server -> (Job: NV_jobProcessor1_001 Allocation: (1, 1, '[1, 2, 3, 4, 5]', 'lab9-09', 'inprogress'))
2024-08-20 18:30:02,974 - __main__ - INFO - [plugin.py:44] - eHoudini: Started process hython_process


2024-08-20 18:30:28.893466
18:30:282024-08-20 18:30:28,946 - __main__ - INFO - [envy.py:128] - Started Envy
2024-08-20 18:30:28,953 - __main__ - INFO - [client.py:145] - Client: Connected
2024-08-20 18:30:28,964 - __main__ - INFO - [client.py:162] - received message from: server -> (fill_buffer(self, 'server_name', 'lab9-09', ))
2024-08-20 18:30:30,112 - __main__ - INFO - [client.py:162] - received message from: server -> (Job: NV_jobProcessor1_001 Allocation: (1, 1, '[1, 2, 3, 4, 5]', 'lab9-09', 'inprogress'))
2024-08-20 18:30:30,487 - __main__ - INFO - [plugin.py:44] - eHoudini: Started process hython_process


2024-08-20 18:30:52.528103
18:30:522024-08-20 18:30:52,582 - __main__ - INFO - [envy.py:128] - Started Envy
2024-08-20 18:30:52,588 - __main__ - INFO - [client.py:145] - Client: Connected
2024-08-20 18:30:52,601 - __main__ - INFO - [client.py:162] - received message from: server -> (fill_buffer(self, 'server_name', 'lab9-09', ))
2024-08-20 18:30:54,280 - __main__ - INFO - [client.py:162] - received message from: server -> (Job: NV_jobProcessor1_001 Allocation: (1, 1, '[1, 2, 3, 4, 5]', 'lab9-09', 'inprogress'))
2024-08-20 18:30:54,673 - __main__ - INFO - [plugin.py:44] - eHoudini: Started process hython_process


2024-08-20 18:31:17.009907
18:31:172024-08-20 18:31:17,063 - __main__ - INFO - [envy.py:128] - Started Envy
2024-08-20 18:31:17,070 - __main__ - INFO - [client.py:145] - Client: Connected
2024-08-20 18:31:17,084 - __main__ - INFO - [client.py:162] - received message from: server -> (fill_buffer(self, 'server_name', 'lab9-09', ))
2024-08-20 18:31:18,414 - __main__ - INFO - [client.py:162] - received message from: server -> (Job: NV_jobProcessor1_001 Allocation: (1, 1, '[1, 2, 3, 4, 5]', 'lab9-09', 'inprogress'))
2024-08-20 18:31:18,617 - __main__ - INFO - [plugin.py:44] - eHoudini: Started process hython_process


2024-08-20 18:31:32.635563
18:31:322024-08-20 18:31:32,692 - __main__ - INFO - [envy.py:128] - Started Envy
2024-08-20 18:31:32,699 - __main__ - INFO - [client.py:145] - Client: Connected
2024-08-20 18:31:32,713 - __main__ - INFO - [client.py:162] - received message from: server -> (fill_buffer(self, 'server_name', 'lab9-09', ))
2024-08-20 18:31:34,461 - __main__ - INFO - [client.py:162] - received message from: server -> (Job: NV_jobProcessor1_001 Allocation: (1, 1, '[1, 2, 3, 4, 5]', 'lab9-09', 'inprogress'))
2024-08-20 18:31:34,773 - __main__ - INFO - [plugin.py:44] - eHoudini: Started process hython_process


2024-08-20 18:31:52.021244
18:31:522024-08-20 18:31:52,079 - __main__ - INFO - [envy.py:128] - Started Envy
2024-08-20 18:31:52,086 - __main__ - INFO - [client.py:145] - Client: Connected
2024-08-20 18:31:52,098 - __main__ - INFO - [client.py:162] - received message from: server -> (fill_buffer(self, 'server_name', 'lab9-09', ))
2024-08-20 18:31:52,536 - __main__ - INFO - [client.py:162] - received message from: server -> (Job: NV_jobProcessor1_001 Allocation: (1, 1, '[1, 2, 3, 4, 5]', 'lab9-09', 'inprogress'))
2024-08-20 18:31:53,158 - __main__ - INFO - [plugin.py:44] - eHoudini: Started process hython_process


2024-08-20 18:32:26.784261
18:32:262024-08-20 18:32:26,844 - __main__ - INFO - [envy.py:128] - Started Envy
2024-08-20 18:32:26,850 - __main__ - INFO - [client.py:145] - Client: Connected
2024-08-20 18:32:26,863 - __main__ - INFO - [client.py:162] - received message from: server -> (fill_buffer(self, 'server_name', 'lab9-09', ))
2024-08-20 18:32:28,707 - __main__ - INFO - [client.py:162] - received message from: server -> (Job: NV_jobProcessor1_001 Allocation: (1, 1, '[1, 2, 3, 4, 5]', 'lab9-09', 'inprogress'))
2024-08-20 18:32:28,911 - __main__ - INFO - [plugin.py:44] - eHoudini: Started process hython_process


2024-08-20 18:33:42.537778
18:33:422024-08-20 18:33:42,580 - __main__ - INFO - [envy.py:128] - Started Envy
2024-08-20 18:33:42,586 - __main__ - INFO - [envy.py:156] - Failed to connect to server
2024-08-20 18:33:42,586 - __main__ - INFO - [envy.py:172] - Failed to connect because of invalid status code
2024-08-20 18:33:42,587 - __main__ - WARNING - [envy.py:183] - Envy already has another connection from lab9-09


2024-08-20 18:33:50.297495
18:33:502024-08-20 18:33:50,352 - __main__ - INFO - [envy.py:128] - Started Envy
2024-08-20 18:33:50,358 - __main__ - INFO - [client.py:145] - Client: Connected
2024-08-20 18:33:50,370 - __main__ - INFO - [client.py:162] - received message from: server -> (fill_buffer(self, 'server_name', 'lab9-09', ))
2024-08-20 18:33:51,202 - __main__ - INFO - [client.py:162] - received message from: server -> (Job: NV_jobProcessor1_001 Allocation: (1, 1, '[1, 2, 3, 4, 5]', 'lab9-09', 'inprogress'))
2024-08-20 18:33:51,484 - __main__ - INFO - [plugin.py:44] - eHoudini: Started process hython_process


2024-08-20 18:35:09.806315
18:35:092024-08-20 18:35:09,857 - __main__ - INFO - [envy.py:128] - Started Envy
2024-08-20 18:35:09,863 - __main__ - INFO - [client.py:145] - Client: Connected
2024-08-20 18:35:09,874 - __main__ - INFO - [client.py:162] - received message from: server -> (fill_buffer(self, 'server_name', 'lab9-09', ))
2024-08-20 18:35:11,551 - __main__ - INFO - [client.py:162] - received message from: server -> (Job: NV_jobProcessor1_001 Allocation: (1, 1, '[1, 2, 3, 4, 5]', 'lab9-09', 'inprogress'))
2024-08-20 18:35:11,911 - __main__ - INFO - [plugin.py:44] - eHoudini: Started process hython_process


2024-08-20 18:35:54.309050
18:35:542024-08-20 18:35:54,365 - __main__ - INFO - [envy.py:128] - Started Envy
2024-08-20 18:35:54,371 - __main__ - INFO - [client.py:145] - Client: Connected
2024-08-20 18:35:54,384 - __main__ - INFO - [client.py:162] - received message from: server -> (fill_buffer(self, 'server_name', 'lab9-09', ))
2024-08-20 18:35:55,690 - __main__ - INFO - [client.py:162] - received message from: server -> (Job: NV_jobProcessor1_001 Allocation: (1, 1, '[1, 2, 3, 4, 5]', 'lab9-09', 'inprogress'))
2024-08-20 18:35:55,925 - __main__ - INFO - [plugin.py:45] - eHoudini: Started process hython_process


2024-08-20 18:37:03.009437
18:37:032024-08-20 18:37:03,062 - __main__ - INFO - [envy.py:128] - Started Envy
2024-08-20 18:37:03,068 - __main__ - INFO - [client.py:145] - Client: Connected
2024-08-20 18:37:03,081 - __main__ - INFO - [client.py:162] - received message from: server -> (fill_buffer(self, 'server_name', 'lab9-09', ))
2024-08-20 18:37:03,873 - __main__ - INFO - [client.py:162] - received message from: server -> (Job: NV_jobProcessor1_001 Allocation: (1, 1, '[1, 2, 3, 4, 5]', 'lab9-09', 'inprogress'))
2024-08-20 18:37:04,162 - __main__ - INFO - [plugin.py:45] - eHoudini: Started process hython_process


2024-08-20 18:39:41.669137
18:39:412024-08-20 18:39:41,728 - __main__ - INFO - [envy.py:128] - Started Envy
2024-08-20 18:39:41,734 - __main__ - INFO - [client.py:145] - Client: Connected
2024-08-20 18:39:41,747 - __main__ - INFO - [client.py:162] - received message from: server -> (fill_buffer(self, 'server_name', 'lab9-09', ))
2024-08-20 18:39:42,395 - __main__ - INFO - [client.py:162] - received message from: server -> (Job: NV_jobProcessor1_001 Allocation: (1, 1, '[1, 2, 3, 4, 5]', 'lab9-09', 'inprogress'))
2024-08-20 18:39:42,778 - __main__ - INFO - [plugin.py:45] - eHoudini: Started process hython_process


2024-08-20 18:41:01.966882
18:41:012024-08-20 18:41:02,022 - __main__ - INFO - [envy.py:128] - Started Envy
2024-08-20 18:41:02,028 - __main__ - INFO - [client.py:145] - Client: Connected
2024-08-20 18:41:02,040 - __main__ - INFO - [client.py:162] - received message from: server -> (fill_buffer(self, 'server_name', 'lab9-09', ))
2024-08-20 18:41:02,658 - __main__ - INFO - [client.py:162] - received message from: server -> (Job: NV_jobProcessor1_001 Allocation: (1, 1, '[1, 2, 3, 4, 5]', 'lab9-09', 'inprogress'))
2024-08-20 18:41:03,117 - __main__ - INFO - [plugin.py:45] - eHoudini: Started process hython_process
2024-08-20 18:46:43,886 - __main__ - WARNING - [client.py:149] - connection closed with server
2024-08-20 18:46:43,886 - __main__ - INFO - [envy.py:214] - electing new server
2024-08-20 18:46:44,931 - __main__ - INFO - [envy.py:156] - Failed to connect to server
2024-08-20 18:46:44,931 - __main__ - INFO - [envy.py:188] - Failed to connect for a general reason
2024-08-20 18:46:44,932 - __main__ - INFO - [plugin.py:159] - eHoudini: exit function called
2024-08-20 18:46:44,932 - __main__ - INFO - [plugin.py:160] - eHoudini: Terminating child process
2024-08-20 18:46:44,932 - __main__ - INFO - [plugin.py:164] - eHoudini: terminated child process
2024-08-20 18:46:44,932 - __main__ - INFO - [plugin.py:165] - eHoudini: successfully closed
