

2024-08-18 20:55:14.246892
20:55:142024-08-18 20:55:14,304 - __main__ - DEBUG - [envy.py:58] - choosing role
2024-08-18 20:55:14,315 - __main__ - DEBUG - [client.py:39] - health checking server
2024-08-18 20:55:14,319 - __main__ - DEBUG - [envy.py:66] - server health check status: True
2024-08-18 20:55:14,320 - __main__ - DEBUG - [envy.py:69] - I am a Client
2024-08-18 20:55:14,320 - __main__ - INFO - [envy.py:128] - Started Envy
2024-08-18 20:55:14,320 - __main__ - DEBUG - [envy.py:149] - envy.connect: Purpose is client
2024-08-18 20:55:14,320 - __main__ - DEBUG - [envy_utils.py:95] - getting server IP
2024-08-18 20:55:14,320 - __main__ - DEBUG - [envy_utils.py:107] - server file found
2024-08-18 20:55:14,321 - __main__ - DEBUG - [envy_utils.py:111] - server ip address is: 10.1.16.179
2024-08-18 20:55:14,322 - __main__ - DEBUG - [client.py:53] - attempting to connect with server at ws://10.1.16.179:37020/client
2024-08-18 20:55:14,323 - __main__ - DEBUG - [client.py:133] - networkUtils.client started
2024-08-18 20:55:14,324 - __main__ - INFO - [client.py:145] - Client: Connected
2024-08-18 20:55:14,324 - __main__ - DEBUG - [client.py:157] - connected to: 10.1.16.179
2024-08-18 20:55:14,324 - __main__ - DEBUG - [client.py:115] - sending message to server: (send_status_to_server())
2024-08-18 20:55:14,377 - __main__ - INFO - [client.py:162] - received message from: server -> (fill_buffer(self, 'server_name', 'VR1P620-02', ))
2024-08-18 20:55:14,825 - __main__ - DEBUG - [envy.py:257] - executing: await NV.fill_buffer(self, 'server_name', 'VR1P620-02', )
2024-08-18 20:55:16,103 - __main__ - INFO - [client.py:162] - received message from: server -> (Task: 75120199574)
2024-08-18 20:55:16,347 - __main__ - DEBUG - [envy.py:257] - executing: await NV.PLUGIN_eHoudini(self, '{"Purpose": "cache", "ID": 75120199574, "Environment": {"Hip": "blahblah.ma", "Job": "Z:/blahblah"}, "Parameters": {"A": 5}, "Frame": 5}', )
2024-08-18 20:55:16,494 - __main__ - DEBUG - [client.py:115] - sending message to server: (send_status_to_server())
2024-08-18 20:55:16,494 - __main__ - INFO - [plugin.py:31] - eHoudini: Started process hython_process
2024-08-18 20:56:37,782 - __main__ - INFO - [client.py:162] - received message from: server -> (restart_envy())
2024-08-18 20:56:37,834 - __main__ - DEBUG - [envy.py:257] - executing: await NV.restart_envy(self, )
2024-08-18 20:56:37,947 - __main__ - INFO - [plugin.py:76] - eHoudini: exit function called
2024-08-18 20:56:37,948 - __main__ - INFO - [plugin.py:77] - eHoudini: Terminating child process
2024-08-18 20:56:37,948 - __main__ - INFO - [plugin.py:81] - eHoudini: terminated child process
2024-08-18 20:56:37,948 - __main__ - INFO - [plugin.py:82] - eHoudini: successfully closed


2024-08-18 20:56:38.877891
20:56:382024-08-18 20:56:38,928 - __main__ - DEBUG - [envy.py:58] - choosing role
2024-08-18 20:56:38,934 - __main__ - DEBUG - [client.py:39] - health checking server
2024-08-18 20:56:38,938 - __main__ - DEBUG - [envy.py:66] - server health check status: True
2024-08-18 20:56:38,939 - __main__ - DEBUG - [envy.py:69] - I am a Client
2024-08-18 20:56:38,939 - __main__ - INFO - [envy.py:128] - Started Envy
2024-08-18 20:56:38,939 - __main__ - DEBUG - [envy.py:149] - envy.connect: Purpose is client
2024-08-18 20:56:38,939 - __main__ - DEBUG - [envy_utils.py:95] - getting server IP
2024-08-18 20:56:38,939 - __main__ - DEBUG - [envy_utils.py:107] - server file found
2024-08-18 20:56:38,940 - __main__ - DEBUG - [envy_utils.py:111] - server ip address is: 10.1.16.179
2024-08-18 20:56:38,941 - __main__ - DEBUG - [client.py:53] - attempting to connect with server at ws://10.1.16.179:37020/client
2024-08-18 20:56:38,942 - __main__ - DEBUG - [client.py:133] - networkUtils.client started
2024-08-18 20:56:38,942 - __main__ - INFO - [client.py:145] - Client: Connected
2024-08-18 20:56:38,942 - __main__ - DEBUG - [client.py:157] - connected to: 10.1.16.179
2024-08-18 20:56:38,943 - __main__ - DEBUG - [client.py:115] - sending message to server: (send_status_to_server())
2024-08-18 20:56:38,960 - __main__ - INFO - [client.py:162] - received message from: server -> (fill_buffer(self, 'server_name', 'VR1P620-02', ))
2024-08-18 20:56:39,458 - __main__ - DEBUG - [envy.py:257] - executing: await NV.fill_buffer(self, 'server_name', 'VR1P620-02', )
2024-08-18 20:56:40,455 - __main__ - INFO - [client.py:162] - received message from: server -> (Task: 75120199570)
2024-08-18 20:56:40,975 - __main__ - DEBUG - [envy.py:257] - executing: await NV.PLUGIN_eHoudini(self, '{"Purpose": "cache", "ID": 75120199570, "Environment": {"Hip": "blahblah.ma", "Job": "Z:/blahblah"}, "Parameters": {"A": 5}, "Frame": 1}', )
2024-08-18 20:56:41,055 - __main__ - DEBUG - [client.py:115] - sending message to server: (send_status_to_server())
2024-08-18 20:56:41,055 - __main__ - DEBUG - [client.py:171] - consumer_handler: no close frame received or sent
2024-08-18 20:56:41,056 - __main__ - INFO - [plugin.py:31] - eHoudini: Started process hython_process
2024-08-18 20:56:41,941 - __main__ - WARNING - [client.py:149] - connection closed with server
2024-08-18 20:56:41,941 - __main__ - DEBUG - [client.py:188] - stopping client
2024-08-18 20:56:41,941 - __main__ - DEBUG - [client.py:98] - disconnecting websocket
2024-08-18 20:56:41,942 - __main__ - DEBUG - [client.py:106] - Connection Closed Successfully
2024-08-18 20:56:41,942 - __main__ - DEBUG - [client.py:199] - cleaning up tasks
2024-08-18 20:56:41,942 - __main__ - DEBUG - [client.py:202] - cancelling task client.consumer_handler
2024-08-18 20:56:41,942 - __main__ - DEBUG - [client.py:212] - client stopped
2024-08-18 20:56:41,942 - __main__ - DEBUG - [envy.py:198] - cleaning up envy.client_dependant_tasks
2024-08-18 20:56:41,943 - __main__ - INFO - [envy.py:214] - electing new server
2024-08-18 20:56:41,943 - __main__ - DEBUG - [envy_utils.py:149] - opening clients file at Z:/school/ENVY/__ENVYTEST__/Connections/clients.json
2024-08-18 20:56:41,959 - __main__ - DEBUG - [envy_utils.py:154] - returning clients: {'VR1P620-04': {'IP': '10.1.16.181', 'Status': 'idle', 'Job': None, 'Task': None, 'Progress': 0}, 'VR1P620-02': {'IP': '10.1.16.179', 'Status': 'idle', 'Job': None, 'Task': None, 'Progress': 0}, 'VR1P620-05': {'IP': '10.1.16.182', 'Status': 'idle', 'Job': None, 'Task': None, 'Progress': 0}}
2024-08-18 20:56:41,959 - __main__ - DEBUG - [envy.py:222] - removing old server from eligible clients
2024-08-18 20:56:41,959 - __main__ - DEBUG - [envy.py:228] - New server: VR1P620-04
2024-08-18 20:56:41,960 - __main__ - DEBUG - [envy.py:149] - envy.connect: Purpose is server
2024-08-18 20:56:41,960 - __main__ - DEBUG - [envy.py:106] - writing server file
2024-08-18 20:56:42,998 - __main__ - DEBUG - [envy_utils.py:95] - getting server IP
2024-08-18 20:56:42,999 - __main__ - DEBUG - [envy_utils.py:107] - server file found
2024-08-18 20:56:43,005 - __main__ - DEBUG - [envy_utils.py:111] - server ip address is: 10.1.16.181
2024-08-18 20:56:43,005 - __main__ - DEBUG - [client.py:53] - attempting to connect with server at ws://10.1.16.181:37020/client
2024-08-18 20:56:43,008 - __main__ - DEBUG - [client.py:133] - networkUtils.client started
2024-08-18 20:56:43,008 - __main__ - INFO - [client.py:145] - Client: Connected
2024-08-18 20:56:43,008 - __main__ - DEBUG - [client.py:157] - connected to: 10.1.16.181
2024-08-18 20:56:43,008 - __main__ - DEBUG - [client.py:115] - sending message to server: (send_status_to_server())
2024-08-18 20:56:43,012 - __main__ - INFO - [client.py:162] - received message from: server -> (fill_buffer(self, 'server_name', 'VR1P620-04', ))
2024-08-18 20:56:43,063 - __main__ - DEBUG - [envy.py:257] - executing: await NV.fill_buffer(self, 'server_name', 'VR1P620-04', )
2024-08-18 20:57:11,254 - __main__ - INFO - [client.py:162] - received message from: server -> (restart_envy())
2024-08-18 20:57:11,440 - __main__ - DEBUG - [envy.py:257] - executing: await NV.restart_envy(self, )
2024-08-18 20:57:11,542 - __main__ - INFO - [plugin.py:76] - eHoudini: exit function called
2024-08-18 20:57:11,543 - __main__ - INFO - [plugin.py:77] - eHoudini: Terminating child process
2024-08-18 20:57:11,544 - __main__ - INFO - [plugin.py:81] - eHoudini: terminated child process
2024-08-18 20:57:11,544 - __main__ - INFO - [plugin.py:82] - eHoudini: successfully closed


2024-08-18 20:57:12.495764
20:57:122024-08-18 20:57:12,545 - __main__ - DEBUG - [envy.py:58] - choosing role
2024-08-18 20:57:12,550 - __main__ - DEBUG - [client.py:39] - health checking server
2024-08-18 20:57:12,555 - __main__ - DEBUG - [envy.py:66] - server health check status: True
2024-08-18 20:57:12,555 - __main__ - DEBUG - [envy.py:69] - I am a Client
2024-08-18 20:57:12,555 - __main__ - INFO - [envy.py:128] - Started Envy
2024-08-18 20:57:12,556 - __main__ - DEBUG - [envy.py:149] - envy.connect: Purpose is client
2024-08-18 20:57:12,556 - __main__ - DEBUG - [envy_utils.py:95] - getting server IP
2024-08-18 20:57:12,556 - __main__ - DEBUG - [envy_utils.py:107] - server file found
2024-08-18 20:57:12,558 - __main__ - DEBUG - [envy_utils.py:111] - server ip address is: 10.1.16.181
2024-08-18 20:57:12,558 - __main__ - DEBUG - [client.py:53] - attempting to connect with server at ws://10.1.16.181:37020/client
2024-08-18 20:57:12,560 - __main__ - DEBUG - [client.py:133] - networkUtils.client started
2024-08-18 20:57:12,560 - __main__ - INFO - [client.py:145] - Client: Connected
2024-08-18 20:57:12,561 - __main__ - DEBUG - [client.py:157] - connected to: 10.1.16.181
2024-08-18 20:57:12,561 - __main__ - DEBUG - [client.py:115] - sending message to server: (send_status_to_server())
2024-08-18 20:57:12,572 - __main__ - INFO - [client.py:162] - received message from: server -> (fill_buffer(self, 'server_name', 'VR1P620-04', ))
2024-08-18 20:57:12,872 - __main__ - INFO - [client.py:162] - received message from: server -> (Task: 75120199574)
2024-08-18 20:57:13,073 - __main__ - DEBUG - [envy.py:257] - executing: await NV.fill_buffer(self, 'server_name', 'VR1P620-04', )
2024-08-18 20:57:13,577 - __main__ - DEBUG - [envy.py:257] - executing: await NV.PLUGIN_eHoudini(self, '{"Purpose": "cache", "ID": 75120199574, "Environment": {"Hip": "blahblah.ma", "Job": "Z:/blahblah"}, "Parameters": {"A": 5}, "Frame": 5}', )
2024-08-18 20:57:13,658 - __main__ - DEBUG - [client.py:115] - sending message to server: (send_status_to_server())
2024-08-18 20:57:13,658 - __main__ - INFO - [plugin.py:31] - eHoudini: Started process hython_process
2024-08-18 20:57:13,712 - __main__ - DEBUG - [client.py:171] - consumer_handler: no close frame received or sent
2024-08-18 20:57:14,069 - __main__ - WARNING - [client.py:149] - connection closed with server
2024-08-18 20:57:14,069 - __main__ - DEBUG - [client.py:188] - stopping client
2024-08-18 20:57:14,069 - __main__ - DEBUG - [client.py:98] - disconnecting websocket
2024-08-18 20:57:14,069 - __main__ - DEBUG - [client.py:106] - Connection Closed Successfully
2024-08-18 20:57:14,069 - __main__ - DEBUG - [client.py:199] - cleaning up tasks
2024-08-18 20:57:14,070 - __main__ - DEBUG - [client.py:202] - cancelling task client.consumer_handler
2024-08-18 20:57:14,070 - __main__ - DEBUG - [client.py:212] - client stopped
2024-08-18 20:57:14,070 - __main__ - DEBUG - [envy.py:198] - cleaning up envy.client_dependant_tasks
2024-08-18 20:57:14,070 - __main__ - INFO - [envy.py:214] - electing new server
2024-08-18 20:57:14,071 - __main__ - DEBUG - [envy_utils.py:149] - opening clients file at Z:/school/ENVY/__ENVYTEST__/Connections/clients.json
2024-08-18 20:57:14,087 - __main__ - DEBUG - [envy_utils.py:154] - returning clients: {'VR1P620-04': {'IP': '10.1.16.181', 'Status': 'idle', 'Job': None, 'Task': None, 'Progress': 0}, 'VR1P620-05': {'IP': '10.1.16.182', 'Status': 'idle', 'Job': None, 'Task': None, 'Progress': 0}, 'VR1P620-02': {'IP': '10.1.16.179', 'Status': 'idle', 'Job': None, 'Task': None, 'Progress': 0}}
2024-08-18 20:57:14,087 - __main__ - DEBUG - [envy.py:149] - envy.connect: Purpose is server
2024-08-18 20:57:14,087 - __main__ - DEBUG - [envy.py:106] - writing server file
2024-08-18 20:57:14,113 - __main__ - DEBUG - [client.py:115] - sending message to server: (send_status_to_server())
2024-08-18 20:57:15,132 - __main__ - DEBUG - [envy_utils.py:95] - getting server IP
2024-08-18 20:57:15,133 - __main__ - DEBUG - [envy_utils.py:107] - server file found
2024-08-18 20:57:15,140 - __main__ - DEBUG - [envy_utils.py:111] - server ip address is: 10.1.16.181
2024-08-18 20:57:15,140 - __main__ - DEBUG - [client.py:53] - attempting to connect with server at ws://10.1.16.181:37020/client
2024-08-18 20:57:15,142 - __main__ - DEBUG - [client.py:133] - networkUtils.client started
2024-08-18 20:57:15,142 - __main__ - INFO - [client.py:145] - Client: Connected
2024-08-18 20:57:15,143 - __main__ - DEBUG - [client.py:157] - connected to: 10.1.16.181
2024-08-18 20:57:15,148 - __main__ - INFO - [client.py:162] - received message from: server -> (fill_buffer(self, 'server_name', 'VR1P620-04', ))
2024-08-18 20:57:15,180 - __main__ - DEBUG - [envy.py:257] - executing: await NV.fill_buffer(self, 'server_name', 'VR1P620-04', )
2024-08-18 20:57:16,768 - __main__ - INFO - [client.py:162] - received message from: server -> (Task: 75120199570)
2024-08-18 20:57:17,172 - __main__ - DEBUG - [envy.py:257] - executing: await NV.PLUGIN_eHoudini(self, '{"Purpose": "cache", "ID": 75120199570, "Environment": {"Hip": "blahblah.ma", "Job": "Z:/blahblah"}, "Parameters": {"A": 5}, "Frame": 1}', )
2024-08-18 20:57:17,179 - __main__ - INFO - [plugin.py:31] - eHoudini: Started process hython_process
2024-08-18 20:57:17,204 - __main__ - DEBUG - [client.py:115] - sending message to server: (send_status_to_server())


2024-08-18 21:05:06.583707
21:05:062024-08-18 21:05:06,627 - __main__ - DEBUG - [envy.py:58] - choosing role
2024-08-18 21:05:06,636 - __main__ - DEBUG - [client.py:39] - health checking server
2024-08-18 21:05:06,640 - __main__ - DEBUG - [envy.py:66] - server health check status: True
2024-08-18 21:05:06,640 - __main__ - DEBUG - [envy.py:69] - I am a Client
2024-08-18 21:05:06,640 - __main__ - INFO - [envy.py:128] - Started Envy
2024-08-18 21:05:06,640 - __main__ - DEBUG - [envy.py:149] - envy.connect: Purpose is client
2024-08-18 21:05:06,640 - __main__ - DEBUG - [envy_utils.py:95] - getting server IP
2024-08-18 21:05:06,641 - __main__ - DEBUG - [envy_utils.py:107] - server file found
2024-08-18 21:05:06,642 - __main__ - DEBUG - [envy_utils.py:111] - server ip address is: 10.1.16.182
2024-08-18 21:05:06,642 - __main__ - DEBUG - [client.py:53] - attempting to connect with server at ws://10.1.16.182:37020/client
2024-08-18 21:05:06,643 - __main__ - DEBUG - [client.py:133] - networkUtils.client started
2024-08-18 21:05:06,644 - __main__ - INFO - [client.py:145] - Client: Connected
2024-08-18 21:05:06,644 - __main__ - DEBUG - [client.py:157] - connected to: 10.1.16.182
2024-08-18 21:05:06,644 - __main__ - DEBUG - [client.py:115] - sending message to server: (send_status_to_server())
2024-08-18 21:05:06,690 - __main__ - INFO - [client.py:162] - received message from: server -> (fill_buffer(self, 'server_name', 'VR1P620-05', ))
2024-08-18 21:05:06,762 - __main__ - INFO - [client.py:162] - received message from: server -> (Task: 75120199572)
2024-08-18 21:05:07,150 - __main__ - DEBUG - [envy.py:257] - executing: await NV.fill_buffer(self, 'server_name', 'VR1P620-05', )
2024-08-18 21:05:07,633 - __main__ - DEBUG - [envy.py:257] - executing: await NV.PLUGIN_eHoudini(self, '{"Purpose": "cache", "ID": 75120199572, "Environment": {"Hip": "blahblah.ma", "Job": "Z:/blahblah"}, "Parameters": {"A": 5}, "Frame": 3}', )
2024-08-18 21:05:07,716 - __main__ - INFO - [plugin.py:31] - eHoudini: Started process hython_process
2024-08-18 21:05:07,743 - __main__ - DEBUG - [client.py:115] - sending message to server: (send_status_to_server())


2024-08-18 21:06:00.275977
21:06:002024-08-18 21:06:00,321 - __main__ - DEBUG - [envy.py:58] - choosing role
2024-08-18 21:06:00,331 - __main__ - DEBUG - [client.py:39] - health checking server
2024-08-18 21:06:00,335 - __main__ - DEBUG - [envy.py:66] - server health check status: True
2024-08-18 21:06:00,336 - __main__ - DEBUG - [envy.py:69] - I am a Client
2024-08-18 21:06:00,336 - __main__ - INFO - [envy.py:128] - Started Envy
2024-08-18 21:06:00,336 - __main__ - DEBUG - [envy.py:149] - envy.connect: Purpose is client
2024-08-18 21:06:00,336 - __main__ - DEBUG - [envy_utils.py:95] - getting server IP
2024-08-18 21:06:00,337 - __main__ - DEBUG - [envy_utils.py:107] - server file found
2024-08-18 21:06:00,338 - __main__ - DEBUG - [envy_utils.py:111] - server ip address is: 10.1.16.182
2024-08-18 21:06:00,338 - __main__ - DEBUG - [client.py:53] - attempting to connect with server at ws://10.1.16.182:37020/client
2024-08-18 21:06:00,339 - __main__ - DEBUG - [client.py:133] - networkUtils.client started
2024-08-18 21:06:00,339 - __main__ - INFO - [client.py:145] - Client: Connected
2024-08-18 21:06:00,340 - __main__ - DEBUG - [client.py:157] - connected to: 10.1.16.182
2024-08-18 21:06:00,340 - __main__ - DEBUG - [client.py:115] - sending message to server: (send_status_to_server())
2024-08-18 21:06:00,380 - __main__ - INFO - [client.py:162] - received message from: server -> (fill_buffer(self, 'server_name', 'VR1P620-05', ))
2024-08-18 21:06:00,846 - __main__ - DEBUG - [envy.py:257] - executing: await NV.fill_buffer(self, 'server_name', 'VR1P620-05', )
2024-08-18 21:07:21,056 - __main__ - INFO - [client.py:162] - received message from: server -> (restart_envy())
2024-08-18 21:07:21,515 - __main__ - DEBUG - [envy.py:257] - executing: await NV.restart_envy(self, )


2024-08-18 21:07:22.710562
21:07:222024-08-18 21:07:22,762 - __main__ - DEBUG - [envy.py:58] - choosing role
2024-08-18 21:07:22,770 - __main__ - DEBUG - [client.py:39] - health checking server
2024-08-18 21:07:22,774 - __main__ - DEBUG - [envy.py:66] - server health check status: True
2024-08-18 21:07:22,774 - __main__ - DEBUG - [envy.py:69] - I am a Client
2024-08-18 21:07:22,774 - __main__ - INFO - [envy.py:128] - Started Envy
2024-08-18 21:07:22,774 - __main__ - DEBUG - [envy.py:149] - envy.connect: Purpose is client
2024-08-18 21:07:22,774 - __main__ - DEBUG - [envy_utils.py:95] - getting server IP
2024-08-18 21:07:22,775 - __main__ - DEBUG - [envy_utils.py:107] - server file found
2024-08-18 21:07:22,776 - __main__ - DEBUG - [envy_utils.py:111] - server ip address is: 10.1.16.182
2024-08-18 21:07:22,776 - __main__ - DEBUG - [client.py:53] - attempting to connect with server at ws://10.1.16.182:37020/client
2024-08-18 21:07:22,777 - __main__ - DEBUG - [client.py:133] - networkUtils.client started
2024-08-18 21:07:22,777 - __main__ - INFO - [client.py:145] - Client: Connected
2024-08-18 21:07:22,778 - __main__ - DEBUG - [client.py:157] - connected to: 10.1.16.182
2024-08-18 21:07:22,778 - __main__ - DEBUG - [client.py:115] - sending message to server: (send_status_to_server())
2024-08-18 21:07:22,825 - __main__ - INFO - [client.py:162] - received message from: server -> (fill_buffer(self, 'server_name', 'VR1P620-05', ))
2024-08-18 21:07:23,156 - __main__ - DEBUG - [client.py:171] - consumer_handler: no close frame received or sent
2024-08-18 21:07:23,298 - __main__ - DEBUG - [envy.py:257] - executing: await NV.fill_buffer(self, 'server_name', 'VR1P620-05', )
2024-08-18 21:07:24,284 - __main__ - WARNING - [client.py:149] - connection closed with server
2024-08-18 21:07:24,284 - __main__ - DEBUG - [client.py:188] - stopping client
2024-08-18 21:07:24,284 - __main__ - DEBUG - [client.py:98] - disconnecting websocket
2024-08-18 21:07:24,284 - __main__ - DEBUG - [client.py:106] - Connection Closed Successfully
2024-08-18 21:07:24,285 - __main__ - DEBUG - [client.py:199] - cleaning up tasks
2024-08-18 21:07:24,285 - __main__ - DEBUG - [client.py:202] - cancelling task client.consumer_handler
2024-08-18 21:07:24,285 - __main__ - DEBUG - [client.py:212] - client stopped
2024-08-18 21:07:24,285 - __main__ - DEBUG - [envy.py:198] - cleaning up envy.client_dependant_tasks
2024-08-18 21:07:24,285 - __main__ - INFO - [envy.py:214] - electing new server
2024-08-18 21:07:24,285 - __main__ - DEBUG - [envy_utils.py:149] - opening clients file at Z:/school/ENVY/__ENVYTEST__/Connections/clients.json
2024-08-18 21:07:24,294 - __main__ - DEBUG - [envy_utils.py:154] - returning clients: {'VR1P620-05': {'IP': '10.1.16.182', 'Status': 'idle', 'Job': None, 'Task': None, 'Progress': 0}, 'VR1P620-02': {'IP': '10.1.16.179', 'Status': 'idle', 'Job': None, 'Task': None, 'Progress': 0}, 'VR1P620-04': {'IP': '10.1.16.181', 'Status': 'idle', 'Job': None, 'Task': None, 'Progress': 0}}
2024-08-18 21:07:24,294 - __main__ - DEBUG - [envy.py:222] - removing old server from eligible clients
2024-08-18 21:07:24,296 - __main__ - DEBUG - [envy.py:228] - New server: VR1P620-02
2024-08-18 21:07:29,296 - __main__ - DEBUG - [envy.py:149] - envy.connect: Purpose is client
2024-08-18 21:07:29,296 - __main__ - DEBUG - [envy_utils.py:95] - getting server IP
2024-08-18 21:07:29,298 - __main__ - DEBUG - [envy_utils.py:107] - server file found
2024-08-18 21:07:29,308 - __main__ - DEBUG - [envy_utils.py:111] - server ip address is: 10.1.16.182
2024-08-18 21:07:29,308 - __main__ - DEBUG - [client.py:53] - attempting to connect with server at ws://10.1.16.182:37020/client
2024-08-18 21:07:29,309 - __main__ - DEBUG - [client.py:115] - sending message to server: (send_status_to_server())
2024-08-18 21:07:29,313 - __main__ - DEBUG - [client.py:133] - networkUtils.client started
2024-08-18 21:07:29,313 - __main__ - INFO - [client.py:145] - Client: Connected
2024-08-18 21:07:29,313 - __main__ - DEBUG - [client.py:157] - connected to: 10.1.16.182
2024-08-18 21:07:29,368 - __main__ - INFO - [client.py:162] - received message from: server -> (fill_buffer(self, 'server_name', 'VR1P620-05', ))
2024-08-18 21:07:29,818 - __main__ - DEBUG - [envy.py:257] - executing: await NV.fill_buffer(self, 'server_name', 'VR1P620-05', )
2024-08-18 21:09:17,018 - __main__ - INFO - [client.py:162] - received message from: server -> (restart_envy())
2024-08-18 21:09:17,288 - __main__ - DEBUG - [envy.py:257] - executing: await NV.restart_envy(self, )


2024-08-18 21:09:18.354731
21:09:182024-08-18 21:09:18,405 - __main__ - DEBUG - [envy.py:58] - choosing role
2024-08-18 21:09:18,411 - __main__ - DEBUG - [client.py:39] - health checking server
2024-08-18 21:09:18,416 - __main__ - DEBUG - [envy.py:66] - server health check status: True
2024-08-18 21:09:18,416 - __main__ - DEBUG - [envy.py:69] - I am a Client
2024-08-18 21:09:18,416 - __main__ - INFO - [envy.py:128] - Started Envy
2024-08-18 21:09:18,417 - __main__ - DEBUG - [envy.py:149] - envy.connect: Purpose is client
2024-08-18 21:09:18,417 - __main__ - DEBUG - [envy_utils.py:95] - getting server IP
2024-08-18 21:09:18,417 - __main__ - DEBUG - [envy_utils.py:107] - server file found
2024-08-18 21:09:18,418 - __main__ - DEBUG - [envy_utils.py:111] - server ip address is: 10.1.16.182
2024-08-18 21:09:18,418 - __main__ - DEBUG - [client.py:53] - attempting to connect with server at ws://10.1.16.182:37020/client
2024-08-18 21:09:18,420 - __main__ - DEBUG - [client.py:133] - networkUtils.client started
2024-08-18 21:09:18,420 - __main__ - INFO - [client.py:145] - Client: Connected
2024-08-18 21:09:18,420 - __main__ - DEBUG - [client.py:157] - connected to: 10.1.16.182
2024-08-18 21:09:18,420 - __main__ - DEBUG - [client.py:115] - sending message to server: (send_status_to_server())
2024-08-18 21:09:18,475 - __main__ - INFO - [client.py:162] - received message from: server -> (fill_buffer(self, 'server_name', 'VR1P620-05', ))
2024-08-18 21:09:18,930 - __main__ - DEBUG - [envy.py:257] - executing: await NV.fill_buffer(self, 'server_name', 'VR1P620-05', )
2024-08-18 21:09:19,523 - __main__ - DEBUG - [client.py:171] - consumer_handler: no close frame received or sent
2024-08-18 21:09:19,929 - __main__ - WARNING - [client.py:149] - connection closed with server
2024-08-18 21:09:19,929 - __main__ - DEBUG - [client.py:188] - stopping client
2024-08-18 21:09:19,929 - __main__ - DEBUG - [client.py:98] - disconnecting websocket
2024-08-18 21:09:19,929 - __main__ - DEBUG - [client.py:106] - Connection Closed Successfully
2024-08-18 21:09:19,929 - __main__ - DEBUG - [client.py:199] - cleaning up tasks
2024-08-18 21:09:19,930 - __main__ - DEBUG - [client.py:202] - cancelling task client.consumer_handler
2024-08-18 21:09:19,930 - __main__ - DEBUG - [client.py:212] - client stopped
2024-08-18 21:09:19,930 - __main__ - DEBUG - [envy.py:198] - cleaning up envy.client_dependant_tasks
2024-08-18 21:09:19,930 - __main__ - INFO - [envy.py:214] - electing new server
2024-08-18 21:09:19,930 - __main__ - DEBUG - [envy_utils.py:149] - opening clients file at Z:/school/ENVY/__ENVYTEST__/Connections/clients.json
2024-08-18 21:09:19,938 - __main__ - DEBUG - [envy_utils.py:154] - returning clients: {'VR1P620-05': {'IP': '10.1.16.182', 'Status': 'idle', 'Job': None, 'Task': None, 'Progress': 0}, 'VR1P620-04': {'IP': '10.1.16.181', 'Status': 'idle', 'Job': None, 'Task': None, 'Progress': 0}, 'VR1P620-02': {'IP': '10.1.16.179', 'Status': 'idle', 'Job': None, 'Task': None, 'Progress': 0}}
2024-08-18 21:09:19,938 - __main__ - DEBUG - [envy.py:222] - removing old server from eligible clients
2024-08-18 21:09:19,939 - __main__ - DEBUG - [envy.py:228] - New server: VR1P620-02
2024-08-18 21:09:24,940 - __main__ - DEBUG - [envy.py:149] - envy.connect: Purpose is client
2024-08-18 21:09:24,940 - __main__ - DEBUG - [envy_utils.py:95] - getting server IP
2024-08-18 21:09:24,942 - __main__ - DEBUG - [envy_utils.py:107] - server file found
2024-08-18 21:09:24,953 - __main__ - DEBUG - [envy_utils.py:111] - server ip address is: 10.1.16.182
2024-08-18 21:09:24,953 - __main__ - DEBUG - [client.py:53] - attempting to connect with server at ws://10.1.16.182:37020/client
2024-08-18 21:09:24,954 - __main__ - DEBUG - [client.py:115] - sending message to server: (send_status_to_server())
2024-08-18 21:09:24,957 - __main__ - DEBUG - [client.py:133] - networkUtils.client started
2024-08-18 21:09:24,957 - __main__ - INFO - [client.py:145] - Client: Connected
2024-08-18 21:09:24,958 - __main__ - DEBUG - [client.py:157] - connected to: 10.1.16.182
2024-08-18 21:09:24,998 - __main__ - INFO - [client.py:162] - received message from: server -> (fill_buffer(self, 'server_name', 'VR1P620-05', ))
2024-08-18 21:09:25,463 - __main__ - DEBUG - [envy.py:257] - executing: await NV.fill_buffer(self, 'server_name', 'VR1P620-05', )
2024-08-18 21:09:36,618 - __main__ - INFO - [client.py:162] - received message from: server -> (Task: 30829973982)
2024-08-18 21:09:37,046 - __main__ - DEBUG - [envy.py:257] - executing: await NV.PLUGIN_EXAMPLE(self, '{"Purpose": "cache", "ID": 30829973982, "Environment": {"Hip": "blahblah.ma", "Job": "Z:/blahblah"}, "Parameters": {"A": 5}, "Frame": 3}', )
2024-08-18 21:09:37,074 - __main__ - INFO - [envy_plugin.py:47] - Plugin-Example_Plugin_Handler: Initialized -> Frame: 3
2024-08-18 21:09:37,083 - __main__ - DEBUG - [client.py:115] - sending message to server: (send_status_to_server())
2024-08-18 21:09:37,316 - __main__ - DEBUG - [client.py:115] - sending message to server: (send_task_progress_to_server())
2024-08-18 21:09:37,881 - __main__ - DEBUG - [client.py:115] - sending message to server: (send_task_progress_to_server())
2024-08-18 21:09:38,317 - __main__ - DEBUG - [client.py:115] - sending message to server: (send_task_progress_to_server())
2024-08-18 21:09:38,840 - __main__ - DEBUG - [client.py:115] - sending message to server: (send_task_progress_to_server())
2024-08-18 21:09:39,373 - __main__ - DEBUG - [client.py:115] - sending message to server: (send_task_progress_to_server())
2024-08-18 21:09:39,892 - __main__ - DEBUG - [client.py:115] - sending message to server: (send_task_progress_to_server())
2024-08-18 21:09:40,313 - __main__ - DEBUG - [client.py:115] - sending message to server: (send_task_progress_to_server())
2024-08-18 21:09:40,841 - __main__ - DEBUG - [client.py:115] - sending message to server: (send_task_progress_to_server())
2024-08-18 21:09:41,370 - __main__ - DEBUG - [client.py:115] - sending message to server: (send_task_progress_to_server())
2024-08-18 21:09:41,901 - __main__ - DEBUG - [client.py:115] - sending message to server: (send_task_progress_to_server())
2024-08-18 21:09:42,327 - __main__ - DEBUG - [client.py:115] - sending message to server: (send_task_progress_to_server())
2024-08-18 21:09:42,878 - __main__ - DEBUG - [client.py:115] - sending message to server: (send_task_progress_to_server())
2024-08-18 21:09:43,319 - __main__ - DEBUG - [client.py:115] - sending message to server: (send_task_progress_to_server())
2024-08-18 21:09:43,869 - __main__ - DEBUG - [client.py:115] - sending message to server: (send_task_progress_to_server())
2024-08-18 21:09:44,392 - __main__ - DEBUG - [client.py:115] - sending message to server: (send_task_progress_to_server())
2024-08-18 21:09:44,836 - __main__ - DEBUG - [client.py:115] - sending message to server: (send_task_progress_to_server())
2024-08-18 21:09:45,386 - __main__ - DEBUG - [client.py:115] - sending message to server: (send_task_progress_to_server())
2024-08-18 21:09:45,823 - __main__ - DEBUG - [client.py:115] - sending message to server: (send_task_progress_to_server())
2024-08-18 21:09:46,373 - __main__ - DEBUG - [client.py:115] - sending message to server: (send_task_progress_to_server())
2024-08-18 21:09:46,893 - __main__ - DEBUG - [client.py:115] - sending message to server: (send_task_progress_to_server())
2024-08-18 21:09:47,339 - __main__ - DEBUG - [client.py:115] - sending message to server: (send_task_progress_to_server())
2024-08-18 21:09:47,881 - __main__ - DEBUG - [client.py:115] - sending message to server: (send_task_progress_to_server())
2024-08-18 21:09:48,322 - __main__ - DEBUG - [client.py:115] - sending message to server: (send_task_progress_to_server())
2024-08-18 21:09:48,868 - __main__ - DEBUG - [client.py:115] - sending message to server: (send_task_progress_to_server())
2024-08-18 21:09:49,402 - __main__ - DEBUG - [client.py:115] - sending message to server: (send_task_progress_to_server())
2024-08-18 21:09:49,837 - __main__ - DEBUG - [client.py:115] - sending message to server: (send_task_progress_to_server())
2024-08-18 21:09:50,372 - __main__ - DEBUG - [client.py:115] - sending message to server: (finish_task(): 30829973982)
2024-08-18 21:09:50,372 - __main__ - DEBUG - [client.py:115] - sending message to server: (send_status_to_server())
2024-08-18 21:11:05,205 - __main__ - INFO - [client.py:162] - received message from: server -> (restart_envy())
2024-08-18 21:11:05,523 - __main__ - DEBUG - [envy.py:257] - executing: await NV.restart_envy(self, )


2024-08-18 21:11:06.596591
21:11:062024-08-18 21:11:06,645 - __main__ - DEBUG - [envy.py:58] - choosing role
2024-08-18 21:11:06,652 - __main__ - DEBUG - [client.py:39] - health checking server
2024-08-18 21:11:06,657 - __main__ - DEBUG - [envy.py:66] - server health check status: True
2024-08-18 21:11:06,657 - __main__ - DEBUG - [envy.py:69] - I am a Client
2024-08-18 21:11:06,657 - __main__ - INFO - [envy.py:128] - Started Envy
2024-08-18 21:11:06,657 - __main__ - DEBUG - [envy.py:149] - envy.connect: Purpose is client
2024-08-18 21:11:06,658 - __main__ - DEBUG - [envy_utils.py:95] - getting server IP
2024-08-18 21:11:06,658 - __main__ - DEBUG - [envy_utils.py:107] - server file found
2024-08-18 21:11:06,659 - __main__ - DEBUG - [envy_utils.py:111] - server ip address is: 10.1.16.182
2024-08-18 21:11:06,659 - __main__ - DEBUG - [client.py:53] - attempting to connect with server at ws://10.1.16.182:37020/client
2024-08-18 21:11:06,661 - __main__ - DEBUG - [client.py:133] - networkUtils.client started
2024-08-18 21:11:06,661 - __main__ - INFO - [client.py:145] - Client: Connected
2024-08-18 21:11:06,661 - __main__ - DEBUG - [client.py:157] - connected to: 10.1.16.182
2024-08-18 21:11:06,661 - __main__ - DEBUG - [client.py:115] - sending message to server: (send_status_to_server())
2024-08-18 21:11:06,719 - __main__ - INFO - [client.py:162] - received message from: server -> (fill_buffer(self, 'server_name', 'VR1P620-05', ))
2024-08-18 21:11:07,169 - __main__ - DEBUG - [envy.py:257] - executing: await NV.fill_buffer(self, 'server_name', 'VR1P620-05', )
2024-08-18 21:11:07,309 - __main__ - DEBUG - [client.py:171] - consumer_handler: no close frame received or sent
2024-08-18 21:11:08,187 - __main__ - WARNING - [client.py:149] - connection closed with server
2024-08-18 21:11:08,187 - __main__ - DEBUG - [client.py:188] - stopping client
2024-08-18 21:11:08,187 - __main__ - DEBUG - [client.py:98] - disconnecting websocket
2024-08-18 21:11:08,187 - __main__ - DEBUG - [client.py:106] - Connection Closed Successfully
2024-08-18 21:11:08,187 - __main__ - DEBUG - [client.py:199] - cleaning up tasks
2024-08-18 21:11:08,188 - __main__ - DEBUG - [client.py:202] - cancelling task client.consumer_handler
2024-08-18 21:11:08,188 - __main__ - DEBUG - [client.py:212] - client stopped
2024-08-18 21:11:08,188 - __main__ - DEBUG - [envy.py:198] - cleaning up envy.client_dependant_tasks
2024-08-18 21:11:08,188 - __main__ - INFO - [envy.py:214] - electing new server
2024-08-18 21:11:08,188 - __main__ - DEBUG - [envy_utils.py:149] - opening clients file at Z:/school/ENVY/__ENVYTEST__/Connections/clients.json
2024-08-18 21:11:08,195 - __main__ - DEBUG - [envy_utils.py:154] - returning clients: {'VR1P620-05': {'IP': '10.1.16.182', 'Status': 'idle', 'Job': None, 'Task': None, 'Progress': 0}, 'VR1P620-04': {'IP': '10.1.16.181', 'Status': 'idle', 'Job': None, 'Task': None, 'Progress': 0}, 'VR1P620-02': {'IP': '10.1.16.179', 'Status': 'idle', 'Job': None, 'Task': None, 'Progress': 0}}
2024-08-18 21:11:08,196 - __main__ - DEBUG - [envy.py:222] - removing old server from eligible clients
2024-08-18 21:11:08,196 - __main__ - DEBUG - [envy.py:228] - New server: VR1P620-02
2024-08-18 21:11:13,197 - __main__ - DEBUG - [envy.py:149] - envy.connect: Purpose is client
2024-08-18 21:11:13,197 - __main__ - DEBUG - [envy_utils.py:95] - getting server IP
2024-08-18 21:11:13,199 - __main__ - DEBUG - [envy_utils.py:107] - server file found
2024-08-18 21:11:13,209 - __main__ - DEBUG - [envy_utils.py:111] - server ip address is: 10.1.16.182
2024-08-18 21:11:13,209 - __main__ - DEBUG - [client.py:53] - attempting to connect with server at ws://10.1.16.182:37020/client
2024-08-18 21:11:13,210 - __main__ - DEBUG - [client.py:115] - sending message to server: (send_status_to_server())
2024-08-18 21:11:13,212 - __main__ - DEBUG - [client.py:133] - networkUtils.client started
2024-08-18 21:11:13,212 - __main__ - INFO - [client.py:145] - Client: Connected
2024-08-18 21:11:13,213 - __main__ - DEBUG - [client.py:157] - connected to: 10.1.16.182
2024-08-18 21:11:13,263 - __main__ - INFO - [client.py:162] - received message from: server -> (fill_buffer(self, 'server_name', 'VR1P620-05', ))
2024-08-18 21:11:13,715 - __main__ - DEBUG - [envy.py:257] - executing: await NV.fill_buffer(self, 'server_name', 'VR1P620-05', )
2024-08-18 21:11:14,655 - __main__ - INFO - [client.py:162] - received message from: server -> (Task: 88832207582)
2024-08-18 21:11:14,729 - __main__ - DEBUG - [envy.py:257] - executing: await NV.PLUGIN_EXAMPLE(self, '{"Purpose": "cache", "ID": 88832207582, "Environment": {"Hip": "blahblah.ma", "Job": "Z:/blahblah"}, "Parameters": {"A": 5}, "Frame": 3}', )
2024-08-18 21:11:14,752 - __main__ - INFO - [envy_plugin.py:47] - Plugin-Example_Plugin_Handler: Initialized -> Frame: 3
2024-08-18 21:11:14,760 - __main__ - DEBUG - [client.py:115] - sending message to server: (send_status_to_server())
2024-08-18 21:11:14,977 - __main__ - DEBUG - [client.py:115] - sending message to server: (send_task_progress_to_server())
2024-08-18 21:11:15,413 - __main__ - DEBUG - [client.py:115] - sending message to server: (send_task_progress_to_server())
2024-08-18 21:11:15,961 - __main__ - DEBUG - [client.py:115] - sending message to server: (send_task_progress_to_server())
2024-08-18 21:11:16,494 - __main__ - DEBUG - [client.py:115] - sending message to server: (send_task_progress_to_server())
2024-08-18 21:11:16,912 - __main__ - DEBUG - [client.py:115] - sending message to server: (send_task_progress_to_server())
2024-08-18 21:11:17,459 - __main__ - DEBUG - [client.py:115] - sending message to server: (send_task_progress_to_server())
2024-08-18 21:11:17,990 - __main__ - DEBUG - [client.py:115] - sending message to server: (send_task_progress_to_server())
2024-08-18 21:11:18,410 - __main__ - DEBUG - [client.py:115] - sending message to server: (send_task_progress_to_server())
2024-08-18 21:11:18,972 - __main__ - DEBUG - [client.py:115] - sending message to server: (send_task_progress_to_server())
2024-08-18 21:11:19,422 - __main__ - DEBUG - [client.py:115] - sending message to server: (send_task_progress_to_server())
2024-08-18 21:11:19,967 - __main__ - DEBUG - [client.py:115] - sending message to server: (send_task_progress_to_server())
2024-08-18 21:11:20,497 - __main__ - DEBUG - [client.py:115] - sending message to server: (send_task_progress_to_server())
2024-08-18 21:11:20,932 - __main__ - DEBUG - [client.py:115] - sending message to server: (send_task_progress_to_server())
2024-08-18 21:11:21,463 - __main__ - DEBUG - [client.py:115] - sending message to server: (send_task_progress_to_server())
2024-08-18 21:11:21,994 - __main__ - DEBUG - [client.py:115] - sending message to server: (send_task_progress_to_server())
2024-08-18 21:11:22,429 - __main__ - DEBUG - [client.py:115] - sending message to server: (send_task_progress_to_server())
2024-08-18 21:11:22,989 - __main__ - DEBUG - [client.py:115] - sending message to server: (send_task_progress_to_server())
2024-08-18 21:11:23,430 - __main__ - DEBUG - [client.py:115] - sending message to server: (send_task_progress_to_server())
2024-08-18 21:11:23,979 - __main__ - DEBUG - [client.py:115] - sending message to server: (send_task_progress_to_server())
2024-08-18 21:11:24,420 - __main__ - DEBUG - [client.py:115] - sending message to server: (send_task_progress_to_server())
2024-08-18 21:11:24,965 - __main__ - DEBUG - [client.py:115] - sending message to server: (send_task_progress_to_server())
2024-08-18 21:11:25,480 - __main__ - DEBUG - [client.py:115] - sending message to server: (send_task_progress_to_server())
2024-08-18 21:11:25,999 - __main__ - DEBUG - [client.py:115] - sending message to server: (send_task_progress_to_server())
2024-08-18 21:11:26,423 - __main__ - DEBUG - [client.py:115] - sending message to server: (send_task_progress_to_server())
2024-08-18 21:11:26,954 - __main__ - DEBUG - [client.py:115] - sending message to server: (send_task_progress_to_server())
2024-08-18 21:11:27,506 - __main__ - DEBUG - [client.py:115] - sending message to server: (send_task_progress_to_server())
2024-08-18 21:11:27,942 - __main__ - DEBUG - [client.py:115] - sending message to server: (finish_task(): 88832207582)
2024-08-18 21:11:27,942 - __main__ - DEBUG - [client.py:115] - sending message to server: (send_status_to_server())
2024-08-18 21:11:28,805 - __main__ - INFO - [client.py:162] - received message from: server -> (Task: 88832207585)
2024-08-18 21:11:28,888 - __main__ - DEBUG - [envy.py:257] - executing: await NV.PLUGIN_EXAMPLE(self, '{"Purpose": "cache", "ID": 88832207585, "Environment": {"Hip": "blahblah.ma", "Job": "Z:/blahblah"}, "Parameters": {"A": 5}, "Frame": 6}', )
2024-08-18 21:11:28,888 - __main__ - INFO - [envy_plugin.py:47] - Plugin-Example_Plugin_Handler: Initialized -> Frame: 6
2024-08-18 21:11:28,896 - __main__ - DEBUG - [client.py:115] - sending message to server: (send_status_to_server())
2024-08-18 21:11:29,106 - __main__ - DEBUG - [client.py:115] - sending message to server: (send_task_progress_to_server())
2024-08-18 21:11:29,641 - __main__ - DEBUG - [client.py:115] - sending message to server: (send_task_progress_to_server())
2024-08-18 21:11:30,175 - __main__ - DEBUG - [client.py:115] - sending message to server: (send_task_progress_to_server())
2024-08-18 21:11:30,610 - __main__ - DEBUG - [client.py:115] - sending message to server: (send_task_progress_to_server())
2024-08-18 21:11:31,139 - __main__ - DEBUG - [client.py:115] - sending message to server: (send_task_progress_to_server())
2024-08-18 21:11:31,655 - __main__ - DEBUG - [client.py:115] - sending message to server: (send_task_progress_to_server())
2024-08-18 21:11:32,168 - __main__ - DEBUG - [client.py:115] - sending message to server: (send_task_progress_to_server())
2024-08-18 21:11:32,695 - __main__ - DEBUG - [client.py:115] - sending message to server: (send_task_progress_to_server())
2024-08-18 21:11:33,128 - __main__ - DEBUG - [client.py:115] - sending message to server: (send_task_progress_to_server())
2024-08-18 21:11:33,658 - __main__ - DEBUG - [client.py:115] - sending message to server: (send_task_progress_to_server())
2024-08-18 21:11:34,186 - __main__ - DEBUG - [client.py:115] - sending message to server: (send_task_progress_to_server())
2024-08-18 21:11:34,607 - __main__ - DEBUG - [client.py:115] - sending message to server: (send_task_progress_to_server())
2024-08-18 21:11:35,135 - __main__ - DEBUG - [client.py:115] - sending message to server: (send_task_progress_to_server())
2024-08-18 21:11:35,668 - __main__ - DEBUG - [client.py:115] - sending message to server: (send_task_progress_to_server())
2024-08-18 21:11:36,197 - __main__ - DEBUG - [client.py:115] - sending message to server: (send_task_progress_to_server())
2024-08-18 21:11:36,632 - __main__ - DEBUG - [client.py:115] - sending message to server: (send_task_progress_to_server())
2024-08-18 21:11:37,176 - __main__ - DEBUG - [client.py:115] - sending message to server: (send_task_progress_to_server())
2024-08-18 21:11:37,615 - __main__ - DEBUG - [client.py:115] - sending message to server: (send_task_progress_to_server())
2024-08-18 21:11:38,168 - __main__ - DEBUG - [client.py:115] - sending message to server: (send_task_progress_to_server())
2024-08-18 21:11:38,700 - __main__ - DEBUG - [client.py:115] - sending message to server: (send_task_progress_to_server())
2024-08-18 21:11:39,133 - __main__ - DEBUG - [client.py:115] - sending message to server: (send_task_progress_to_server())
2024-08-18 21:11:39,681 - __main__ - DEBUG - [client.py:115] - sending message to server: (send_task_progress_to_server())
2024-08-18 21:11:40,117 - __main__ - DEBUG - [client.py:115] - sending message to server: (send_task_progress_to_server())
2024-08-18 21:11:40,662 - __main__ - DEBUG - [client.py:115] - sending message to server: (send_task_progress_to_server())
2024-08-18 21:11:41,193 - __main__ - DEBUG - [client.py:115] - sending message to server: (send_task_progress_to_server())
2024-08-18 21:11:41,633 - __main__ - DEBUG - [client.py:115] - sending message to server: (send_task_progress_to_server())
2024-08-18 21:11:42,177 - __main__ - DEBUG - [client.py:115] - sending message to server: (finish_task(): 88832207585)
2024-08-18 21:11:42,177 - __main__ - DEBUG - [client.py:115] - sending message to server: (send_status_to_server())
2024-08-18 21:11:42,929 - __main__ - INFO - [client.py:162] - received message from: server -> (Task: 88832207588)
2024-08-18 21:11:43,109 - __main__ - DEBUG - [envy.py:257] - executing: await NV.PLUGIN_EXAMPLE(self, '{"Purpose": "cache", "ID": 88832207588, "Environment": {"Hip": "blahblah.ma", "Job": "Z:/blahblah"}, "Parameters": {"A": 5}, "Frame": 9}', )
2024-08-18 21:11:43,110 - __main__ - INFO - [envy_plugin.py:47] - Plugin-Example_Plugin_Handler: Initialized -> Frame: 9
2024-08-18 21:11:43,117 - __main__ - DEBUG - [client.py:115] - sending message to server: (send_status_to_server())
2024-08-18 21:11:43,421 - __main__ - DEBUG - [client.py:115] - sending message to server: (send_task_progress_to_server())
2024-08-18 21:11:43,843 - __main__ - DEBUG - [client.py:115] - sending message to server: (send_task_progress_to_server())
2024-08-18 21:11:44,388 - __main__ - DEBUG - [client.py:115] - sending message to server: (send_task_progress_to_server())
2024-08-18 21:11:44,918 - __main__ - DEBUG - [client.py:115] - sending message to server: (send_task_progress_to_server())
2024-08-18 21:11:45,354 - __main__ - DEBUG - [client.py:115] - sending message to server: (send_task_progress_to_server())
2024-08-18 21:11:45,902 - __main__ - DEBUG - [client.py:115] - sending message to server: (send_task_progress_to_server())
2024-08-18 21:11:46,344 - __main__ - DEBUG - [client.py:115] - sending message to server: (send_task_progress_to_server())
2024-08-18 21:11:46,889 - __main__ - DEBUG - [client.py:115] - sending message to server: (send_task_progress_to_server())
2024-08-18 21:11:47,417 - __main__ - DEBUG - [client.py:115] - sending message to server: (send_task_progress_to_server())
2024-08-18 21:11:47,855 - __main__ - DEBUG - [client.py:115] - sending message to server: (send_task_progress_to_server())
2024-08-18 21:11:48,402 - __main__ - DEBUG - [client.py:115] - sending message to server: (send_task_progress_to_server())
2024-08-18 21:11:48,837 - __main__ - DEBUG - [client.py:115] - sending message to server: (send_task_progress_to_server())
2024-08-18 21:11:49,384 - __main__ - DEBUG - [client.py:115] - sending message to server: (send_task_progress_to_server())
2024-08-18 21:11:49,914 - __main__ - DEBUG - [client.py:115] - sending message to server: (send_task_progress_to_server())
2024-08-18 21:11:50,366 - __main__ - DEBUG - [client.py:115] - sending message to server: (send_task_progress_to_server())
2024-08-18 21:11:50,814 - __main__ - DEBUG - [client.py:171] - consumer_handler: no close frame received or sent
2024-08-18 21:11:50,914 - __main__ - DEBUG - [client.py:115] - sending message to server: (send_task_progress_to_server())
2024-08-18 21:11:52,299 - __main__ - WARNING - [client.py:149] - connection closed with server
2024-08-18 21:11:52,299 - __main__ - DEBUG - [client.py:188] - stopping client
2024-08-18 21:11:52,300 - __main__ - DEBUG - [client.py:98] - disconnecting websocket
2024-08-18 21:11:52,300 - __main__ - DEBUG - [client.py:106] - Connection Closed Successfully
2024-08-18 21:11:52,300 - __main__ - DEBUG - [client.py:199] - cleaning up tasks
2024-08-18 21:11:52,300 - __main__ - DEBUG - [client.py:202] - cancelling task client.producer
2024-08-18 21:11:52,301 - __main__ - DEBUG - [client.py:202] - cancelling task client.producer
2024-08-18 21:11:52,301 - __main__ - DEBUG - [client.py:212] - client stopped
2024-08-18 21:11:52,301 - __main__ - DEBUG - [envy.py:198] - cleaning up envy.client_dependant_tasks
2024-08-18 21:11:52,302 - __main__ - INFO - [envy.py:214] - electing new server
2024-08-18 21:11:52,302 - __main__ - DEBUG - [envy_utils.py:149] - opening clients file at Z:/school/ENVY/__ENVYTEST__/Connections/clients.json
2024-08-18 21:11:52,311 - __main__ - DEBUG - [envy_utils.py:154] - returning clients: {'VR1P620-02': {'IP': '10.1.16.179', 'Status': 'working', 'Job': 8883220758, 'Task': 88832207587, 'Progress': 28.0}, 'VR1P620-04': {'IP': '10.1.16.181', 'Status': 'working', 'Job': 8883220758, 'Task': 88832207588, 'Progress': 28.0}}
2024-08-18 21:11:52,311 - __main__ - DEBUG - [envy.py:228] - New server: VR1P620-02
2024-08-18 21:11:57,312 - __main__ - DEBUG - [envy.py:149] - envy.connect: Purpose is client
2024-08-18 21:11:57,312 - __main__ - DEBUG - [envy_utils.py:95] - getting server IP
2024-08-18 21:11:57,314 - __main__ - DEBUG - [envy_utils.py:107] - server file found
2024-08-18 21:11:57,322 - __main__ - DEBUG - [envy_utils.py:111] - server ip address is: 10.1.16.179
2024-08-18 21:11:57,322 - __main__ - DEBUG - [client.py:53] - attempting to connect with server at ws://10.1.16.179:37020/client
2024-08-18 21:11:57,324 - __main__ - DEBUG - [client.py:133] - networkUtils.client started
2024-08-18 21:11:57,324 - __main__ - INFO - [client.py:145] - Client: Connected
2024-08-18 21:11:57,325 - __main__ - DEBUG - [client.py:157] - connected to: 10.1.16.179
2024-08-18 21:11:57,325 - __main__ - DEBUG - [client.py:115] - sending message to server: (send_task_progress_to_server())
2024-08-18 21:11:57,325 - __main__ - DEBUG - [client.py:115] - sending message to server: (send_task_progress_to_server())
2024-08-18 21:11:57,326 - __main__ - DEBUG - [client.py:115] - sending message to server: (send_status_to_server())
2024-08-18 21:11:57,326 - __main__ - DEBUG - [client.py:115] - sending message to server: (send_task_progress_to_server())
2024-08-18 21:11:57,326 - __main__ - DEBUG - [client.py:115] - sending message to server: (send_task_progress_to_server())
2024-08-18 21:11:57,326 - __main__ - DEBUG - [client.py:115] - sending message to server: (send_task_progress_to_server())
2024-08-18 21:11:57,327 - __main__ - DEBUG - [client.py:115] - sending message to server: (send_task_progress_to_server())
2024-08-18 21:11:57,327 - __main__ - DEBUG - [client.py:115] - sending message to server: (send_task_progress_to_server())
2024-08-18 21:11:57,327 - __main__ - DEBUG - [client.py:115] - sending message to server: (send_task_progress_to_server())
2024-08-18 21:11:57,328 - __main__ - DEBUG - [client.py:115] - sending message to server: (send_task_progress_to_server())
2024-08-18 21:11:57,328 - __main__ - DEBUG - [client.py:115] - sending message to server: (send_task_progress_to_server())
2024-08-18 21:11:57,328 - __main__ - DEBUG - [client.py:115] - sending message to server: (finish_task(): 88832207588)
2024-08-18 21:11:57,328 - __main__ - DEBUG - [client.py:115] - sending message to server: (send_status_to_server())
2024-08-18 21:11:57,341 - __main__ - INFO - [client.py:162] - received message from: server -> (fill_buffer(self, 'server_name', 'VR1P620-02', ))
2024-08-18 21:11:57,829 - __main__ - DEBUG - [envy.py:257] - executing: await NV.fill_buffer(self, 'server_name', 'VR1P620-02', )
2024-08-18 21:11:58,438 - __main__ - INFO - [client.py:162] - received message from: server -> (Task: 888322075810)
2024-08-18 21:11:58,845 - __main__ - DEBUG - [envy.py:257] - executing: await NV.PLUGIN_EXAMPLE(self, '{"Purpose": "cache", "ID": 888322075810, "Environment": {"Hip": "blahblah.ma", "Job": "Z:/blahblah"}, "Parameters": {"A": 5}, "Frame": 11}', )
2024-08-18 21:11:58,845 - __main__ - INFO - [envy_plugin.py:47] - Plugin-Example_Plugin_Handler: Initialized -> Frame: 11
2024-08-18 21:11:58,852 - __main__ - DEBUG - [client.py:115] - sending message to server: (send_status_to_server())
2024-08-18 21:11:59,082 - __main__ - DEBUG - [client.py:115] - sending message to server: (send_task_progress_to_server())
2024-08-18 21:11:59,632 - __main__ - DEBUG - [client.py:115] - sending message to server: (send_task_progress_to_server())
2024-08-18 21:12:00,069 - __main__ - DEBUG - [client.py:115] - sending message to server: (send_task_progress_to_server())
2024-08-18 21:12:00,631 - __main__ - DEBUG - [client.py:115] - sending message to server: (send_task_progress_to_server())
2024-08-18 21:12:01,084 - __main__ - DEBUG - [client.py:115] - sending message to server: (send_task_progress_to_server())
2024-08-18 21:12:01,646 - __main__ - DEBUG - [client.py:115] - sending message to server: (send_task_progress_to_server())
2024-08-18 21:12:02,099 - __main__ - DEBUG - [client.py:115] - sending message to server: (send_task_progress_to_server())
2024-08-18 21:12:02,645 - __main__ - DEBUG - [client.py:115] - sending message to server: (send_task_progress_to_server())
2024-08-18 21:12:03,099 - __main__ - DEBUG - [client.py:115] - sending message to server: (send_task_progress_to_server())
2024-08-18 21:12:03,644 - __main__ - DEBUG - [client.py:115] - sending message to server: (send_task_progress_to_server())
2024-08-18 21:12:04,080 - __main__ - DEBUG - [client.py:115] - sending message to server: (send_task_progress_to_server())
2024-08-18 21:12:04,624 - __main__ - DEBUG - [client.py:115] - sending message to server: (send_task_progress_to_server())
2024-08-18 21:12:05,140 - __main__ - DEBUG - [client.py:115] - sending message to server: (send_task_progress_to_server())
2024-08-18 21:12:05,559 - __main__ - DEBUG - [client.py:115] - sending message to server: (send_task_progress_to_server())
2024-08-18 21:12:06,104 - __main__ - DEBUG - [client.py:115] - sending message to server: (send_task_progress_to_server())
2024-08-18 21:12:06,648 - __main__ - DEBUG - [client.py:115] - sending message to server: (send_task_progress_to_server())
2024-08-18 21:12:07,085 - __main__ - DEBUG - [client.py:115] - sending message to server: (send_task_progress_to_server())
2024-08-18 21:12:07,628 - __main__ - DEBUG - [client.py:115] - sending message to server: (send_task_progress_to_server())
2024-08-18 21:12:08,142 - __main__ - DEBUG - [client.py:115] - sending message to server: (send_task_progress_to_server())
2024-08-18 21:12:08,563 - __main__ - DEBUG - [client.py:115] - sending message to server: (send_task_progress_to_server())
2024-08-18 21:12:09,094 - __main__ - DEBUG - [client.py:115] - sending message to server: (send_task_progress_to_server())
2024-08-18 21:12:09,625 - __main__ - DEBUG - [client.py:115] - sending message to server: (send_task_progress_to_server())
2024-08-18 21:12:10,140 - __main__ - DEBUG - [client.py:115] - sending message to server: (send_task_progress_to_server())
2024-08-18 21:12:10,563 - __main__ - DEBUG - [client.py:115] - sending message to server: (send_task_progress_to_server())
2024-08-18 21:12:11,091 - __main__ - DEBUG - [client.py:115] - sending message to server: (send_task_progress_to_server())
2024-08-18 21:12:11,624 - __main__ - DEBUG - [client.py:115] - sending message to server: (send_task_progress_to_server())
2024-08-18 21:12:12,160 - __main__ - DEBUG - [client.py:115] - sending message to server: (finish_task(): 888322075810)
2024-08-18 21:12:12,160 - __main__ - DEBUG - [client.py:115] - sending message to server: (send_status_to_server())
2024-08-18 21:12:12,558 - __main__ - INFO - [client.py:162] - received message from: server -> (Task: 888322075812)
2024-08-18 21:12:13,050 - __main__ - DEBUG - [envy.py:257] - executing: await NV.PLUGIN_EXAMPLE(self, '{"Purpose": "cache", "ID": 888322075812, "Environment": {"Hip": "blahblah.ma", "Job": "Z:/blahblah"}, "Parameters": {"A": 5}, "Frame": 13}', )
2024-08-18 21:12:13,050 - __main__ - INFO - [envy_plugin.py:47] - Plugin-Example_Plugin_Handler: Initialized -> Frame: 13
2024-08-18 21:12:13,142 - __main__ - DEBUG - [client.py:115] - sending message to server: (send_status_to_server())
2024-08-18 21:12:13,250 - __main__ - DEBUG - [client.py:115] - sending message to server: (send_task_progress_to_server())
2024-08-18 21:12:13,795 - __main__ - DEBUG - [client.py:115] - sending message to server: (send_task_progress_to_server())
2024-08-18 21:12:14,231 - __main__ - DEBUG - [client.py:115] - sending message to server: (send_task_progress_to_server())
2024-08-18 21:12:14,789 - __main__ - DEBUG - [client.py:115] - sending message to server: (send_task_progress_to_server())
2024-08-18 21:12:15,319 - __main__ - DEBUG - [client.py:115] - sending message to server: (send_task_progress_to_server())
2024-08-18 21:12:15,760 - __main__ - DEBUG - [client.py:115] - sending message to server: (send_task_progress_to_server())
2024-08-18 21:12:16,307 - __main__ - DEBUG - [client.py:115] - sending message to server: (send_task_progress_to_server())
2024-08-18 21:12:16,749 - __main__ - DEBUG - [client.py:115] - sending message to server: (send_task_progress_to_server())
2024-08-18 21:12:17,299 - __main__ - DEBUG - [client.py:115] - sending message to server: (send_task_progress_to_server())
2024-08-18 21:12:17,817 - __main__ - DEBUG - [client.py:115] - sending message to server: (send_task_progress_to_server())
2024-08-18 21:12:18,314 - __main__ - DEBUG - [client.py:115] - sending message to server: (send_task_progress_to_server())
2024-08-18 21:12:18,733 - __main__ - DEBUG - [client.py:115] - sending message to server: (send_task_progress_to_server())
2024-08-18 21:12:19,248 - __main__ - DEBUG - [client.py:115] - sending message to server: (send_task_progress_to_server())
2024-08-18 21:12:19,762 - __main__ - DEBUG - [client.py:115] - sending message to server: (send_task_progress_to_server())
2024-08-18 21:12:20,288 - __main__ - DEBUG - [client.py:115] - sending message to server: (send_task_progress_to_server())
2024-08-18 21:12:20,817 - __main__ - DEBUG - [client.py:115] - sending message to server: (send_task_progress_to_server())
2024-08-18 21:12:21,256 - __main__ - DEBUG - [client.py:115] - sending message to server: (send_task_progress_to_server())
2024-08-18 21:12:21,801 - __main__ - DEBUG - [client.py:115] - sending message to server: (send_task_progress_to_server())
2024-08-18 21:12:22,237 - __main__ - DEBUG - [client.py:115] - sending message to server: (send_task_progress_to_server())
2024-08-18 21:12:22,767 - __main__ - DEBUG - [client.py:115] - sending message to server: (send_task_progress_to_server())
2024-08-18 21:12:23,295 - __main__ - DEBUG - [client.py:115] - sending message to server: (send_task_progress_to_server())
2024-08-18 21:12:23,823 - __main__ - DEBUG - [client.py:115] - sending message to server: (send_task_progress_to_server())
2024-08-18 21:12:24,260 - __main__ - DEBUG - [client.py:115] - sending message to server: (send_task_progress_to_server())
2024-08-18 21:12:24,798 - __main__ - DEBUG - [client.py:115] - sending message to server: (send_task_progress_to_server())
2024-08-18 21:12:25,315 - __main__ - DEBUG - [client.py:115] - sending message to server: (send_task_progress_to_server())
2024-08-18 21:12:25,756 - __main__ - DEBUG - [client.py:115] - sending message to server: (send_task_progress_to_server())
2024-08-18 21:12:26,306 - __main__ - DEBUG - [client.py:115] - sending message to server: (finish_task(): 888322075812)
2024-08-18 21:12:26,306 - __main__ - DEBUG - [client.py:115] - sending message to server: (send_status_to_server())
2024-08-18 21:12:26,701 - __main__ - INFO - [client.py:162] - received message from: server -> (Task: 888322075814)
2024-08-18 21:12:26,755 - __main__ - DEBUG - [envy.py:257] - executing: await NV.PLUGIN_EXAMPLE(self, '{"Purpose": "cache", "ID": 888322075814, "Environment": {"Hip": "blahblah.ma", "Job": "Z:/blahblah"}, "Parameters": {"A": 5}, "Frame": 15}', )
2024-08-18 21:12:26,755 - __main__ - INFO - [envy_plugin.py:47] - Plugin-Example_Plugin_Handler: Initialized -> Frame: 15
2024-08-18 21:12:26,864 - __main__ - DEBUG - [client.py:115] - sending message to server: (send_status_to_server())
2024-08-18 21:12:26,989 - __main__ - DEBUG - [client.py:115] - sending message to server: (send_task_progress_to_server())
2024-08-18 21:12:27,536 - __main__ - DEBUG - [client.py:115] - sending message to server: (send_task_progress_to_server())
2024-08-18 21:12:27,969 - __main__ - DEBUG - [client.py:115] - sending message to server: (send_task_progress_to_server())
2024-08-18 21:12:28,537 - __main__ - DEBUG - [client.py:115] - sending message to server: (send_task_progress_to_server())
2024-08-18 21:12:28,987 - __main__ - DEBUG - [client.py:115] - sending message to server: (send_task_progress_to_server())
2024-08-18 21:12:29,516 - __main__ - DEBUG - [client.py:115] - sending message to server: (send_task_progress_to_server())
2024-08-18 21:12:30,045 - __main__ - DEBUG - [client.py:115] - sending message to server: (send_task_progress_to_server())
2024-08-18 21:12:30,482 - __main__ - DEBUG - [client.py:115] - sending message to server: (send_task_progress_to_server())
2024-08-18 21:12:31,027 - __main__ - DEBUG - [client.py:115] - sending message to server: (send_task_progress_to_server())
2024-08-18 21:12:31,466 - __main__ - DEBUG - [client.py:115] - sending message to server: (send_task_progress_to_server())
2024-08-18 21:12:32,019 - __main__ - DEBUG - [client.py:115] - sending message to server: (send_task_progress_to_server())
2024-08-18 21:12:32,548 - __main__ - DEBUG - [client.py:115] - sending message to server: (send_task_progress_to_server())
2024-08-18 21:12:32,967 - __main__ - DEBUG - [client.py:115] - sending message to server: (send_task_progress_to_server())
2024-08-18 21:12:33,514 - __main__ - DEBUG - [client.py:115] - sending message to server: (send_task_progress_to_server())
2024-08-18 21:12:34,041 - __main__ - DEBUG - [client.py:115] - sending message to server: (send_task_progress_to_server())
2024-08-18 21:12:34,479 - __main__ - DEBUG - [client.py:115] - sending message to server: (send_task_progress_to_server())
2024-08-18 21:12:35,041 - __main__ - DEBUG - [client.py:115] - sending message to server: (send_task_progress_to_server())
2024-08-18 21:12:35,494 - __main__ - DEBUG - [client.py:115] - sending message to server: (send_task_progress_to_server())
2024-08-18 21:12:36,038 - __main__ - DEBUG - [client.py:115] - sending message to server: (send_task_progress_to_server())
2024-08-18 21:12:36,473 - __main__ - DEBUG - [client.py:115] - sending message to server: (send_task_progress_to_server())
2024-08-18 21:12:37,019 - __main__ - DEBUG - [client.py:115] - sending message to server: (send_task_progress_to_server())
2024-08-18 21:12:37,535 - __main__ - DEBUG - [client.py:115] - sending message to server: (send_task_progress_to_server())
2024-08-18 21:12:38,048 - __main__ - DEBUG - [client.py:115] - sending message to server: (send_task_progress_to_server())
2024-08-18 21:12:38,468 - __main__ - DEBUG - [client.py:115] - sending message to server: (send_task_progress_to_server())
2024-08-18 21:12:39,000 - __main__ - DEBUG - [client.py:115] - sending message to server: (send_task_progress_to_server())
2024-08-18 21:12:39,526 - __main__ - DEBUG - [client.py:115] - sending message to server: (send_task_progress_to_server())
2024-08-18 21:12:40,056 - __main__ - DEBUG - [client.py:115] - sending message to server: (finish_task(): 888322075814)
2024-08-18 21:12:40,056 - __main__ - DEBUG - [client.py:115] - sending message to server: (send_status_to_server())
2024-08-18 21:12:40,848 - __main__ - INFO - [client.py:162] - received message from: server -> (Task: 888322075817)
2024-08-18 21:12:40,961 - __main__ - DEBUG - [envy.py:257] - executing: await NV.PLUGIN_EXAMPLE(self, '{"Purpose": "cache", "ID": 888322075817, "Environment": {"Hip": "blahblah.ma", "Job": "Z:/blahblah"}, "Parameters": {"A": 5}, "Frame": 18}', )
2024-08-18 21:12:40,961 - __main__ - INFO - [envy_plugin.py:47] - Plugin-Example_Plugin_Handler: Initialized -> Frame: 18
2024-08-18 21:12:41,038 - __main__ - DEBUG - [client.py:115] - sending message to server: (send_status_to_server())
2024-08-18 21:12:41,147 - __main__ - DEBUG - [client.py:115] - sending message to server: (send_task_progress_to_server())
2024-08-18 21:12:41,679 - __main__ - DEBUG - [client.py:115] - sending message to server: (send_task_progress_to_server())
2024-08-18 21:12:42,210 - __main__ - DEBUG - [client.py:115] - sending message to server: (send_task_progress_to_server())
2024-08-18 21:12:42,645 - __main__ - DEBUG - [client.py:115] - sending message to server: (send_task_progress_to_server())
2024-08-18 21:12:43,175 - __main__ - DEBUG - [client.py:115] - sending message to server: (send_task_progress_to_server())
2024-08-18 21:12:43,706 - __main__ - DEBUG - [client.py:115] - sending message to server: (send_task_progress_to_server())
2024-08-18 21:12:44,126 - __main__ - DEBUG - [client.py:115] - sending message to server: (send_task_progress_to_server())
2024-08-18 21:12:44,656 - __main__ - DEBUG - [client.py:115] - sending message to server: (send_task_progress_to_server())
2024-08-18 21:12:45,191 - __main__ - DEBUG - [client.py:115] - sending message to server: (send_task_progress_to_server())
2024-08-18 21:12:45,631 - __main__ - DEBUG - [client.py:115] - sending message to server: (send_task_progress_to_server())
2024-08-18 21:12:46,179 - __main__ - DEBUG - [client.py:115] - sending message to server: (send_task_progress_to_server())
2024-08-18 21:12:46,709 - __main__ - DEBUG - [client.py:115] - sending message to server: (send_task_progress_to_server())
2024-08-18 21:12:47,129 - __main__ - DEBUG - [client.py:115] - sending message to server: (send_task_progress_to_server())
2024-08-18 21:12:47,677 - __main__ - DEBUG - [client.py:115] - sending message to server: (send_task_progress_to_server())
2024-08-18 21:12:48,212 - __main__ - DEBUG - [client.py:115] - sending message to server: (send_task_progress_to_server())
2024-08-18 21:12:48,632 - __main__ - DEBUG - [client.py:115] - sending message to server: (send_task_progress_to_server())
2024-08-18 21:12:49,178 - __main__ - DEBUG - [client.py:115] - sending message to server: (send_task_progress_to_server())
2024-08-18 21:12:49,712 - __main__ - DEBUG - [client.py:115] - sending message to server: (send_task_progress_to_server())
2024-08-18 21:12:50,135 - __main__ - DEBUG - [client.py:115] - sending message to server: (send_task_progress_to_server())
2024-08-18 21:12:50,679 - __main__ - DEBUG - [client.py:115] - sending message to server: (send_task_progress_to_server())
2024-08-18 21:12:51,207 - __main__ - DEBUG - [client.py:115] - sending message to server: (send_task_progress_to_server())
2024-08-18 21:12:51,628 - __main__ - DEBUG - [client.py:115] - sending message to server: (send_task_progress_to_server())
2024-08-18 21:12:52,159 - __main__ - DEBUG - [client.py:115] - sending message to server: (send_task_progress_to_server())
2024-08-18 21:12:52,709 - __main__ - DEBUG - [client.py:115] - sending message to server: (send_task_progress_to_server())
2024-08-18 21:12:53,148 - __main__ - DEBUG - [client.py:115] - sending message to server: (send_task_progress_to_server())
2024-08-18 21:12:53,693 - __main__ - DEBUG - [client.py:115] - sending message to server: (send_task_progress_to_server())
2024-08-18 21:12:54,221 - __main__ - DEBUG - [client.py:115] - sending message to server: (finish_task(): 888322075817)
2024-08-18 21:12:54,221 - __main__ - DEBUG - [client.py:115] - sending message to server: (send_status_to_server())
2024-08-18 21:12:54,972 - __main__ - INFO - [client.py:162] - received message from: server -> (Task: 88832207586)
2024-08-18 21:12:55,154 - __main__ - DEBUG - [envy.py:257] - executing: await NV.PLUGIN_EXAMPLE(self, '{"Purpose": "cache", "ID": 88832207586, "Environment": {"Hip": "blahblah.ma", "Job": "Z:/blahblah"}, "Parameters": {"A": 5}, "Frame": 7}', )
2024-08-18 21:12:55,154 - __main__ - INFO - [envy_plugin.py:47] - Plugin-Example_Plugin_Handler: Initialized -> Frame: 7
2024-08-18 21:12:55,162 - __main__ - DEBUG - [client.py:115] - sending message to server: (send_status_to_server())
2024-08-18 21:12:55,374 - __main__ - DEBUG - [client.py:115] - sending message to server: (send_task_progress_to_server())
2024-08-18 21:12:55,907 - __main__ - DEBUG - [client.py:115] - sending message to server: (send_task_progress_to_server())
2024-08-18 21:12:56,445 - __main__ - DEBUG - [client.py:115] - sending message to server: (send_task_progress_to_server())
2024-08-18 21:12:56,893 - __main__ - DEBUG - [client.py:115] - sending message to server: (send_task_progress_to_server())
2024-08-18 21:12:57,434 - __main__ - DEBUG - [client.py:115] - sending message to server: (send_task_progress_to_server())
2024-08-18 21:12:57,872 - __main__ - DEBUG - [client.py:115] - sending message to server: (send_task_progress_to_server())
2024-08-18 21:12:58,404 - __main__ - DEBUG - [client.py:115] - sending message to server: (send_task_progress_to_server())
2024-08-18 21:12:58,952 - __main__ - DEBUG - [client.py:115] - sending message to server: (send_task_progress_to_server())
2024-08-18 21:12:59,387 - __main__ - DEBUG - [client.py:115] - sending message to server: (send_task_progress_to_server())
2024-08-18 21:12:59,935 - __main__ - DEBUG - [client.py:115] - sending message to server: (send_task_progress_to_server())
2024-08-18 21:13:00,373 - __main__ - DEBUG - [client.py:115] - sending message to server: (send_task_progress_to_server())
2024-08-18 21:13:00,907 - __main__ - DEBUG - [client.py:115] - sending message to server: (send_task_progress_to_server())
2024-08-18 21:13:01,450 - __main__ - DEBUG - [client.py:115] - sending message to server: (send_task_progress_to_server())
2024-08-18 21:13:01,887 - __main__ - DEBUG - [client.py:115] - sending message to server: (send_task_progress_to_server())
2024-08-18 21:13:02,431 - __main__ - DEBUG - [client.py:115] - sending message to server: (send_task_progress_to_server())
2024-08-18 21:13:02,959 - __main__ - DEBUG - [client.py:115] - sending message to server: (send_task_progress_to_server())
2024-08-18 21:13:03,395 - __main__ - DEBUG - [client.py:115] - sending message to server: (send_task_progress_to_server())
2024-08-18 21:13:03,925 - __main__ - DEBUG - [client.py:115] - sending message to server: (send_task_progress_to_server())
2024-08-18 21:13:04,455 - __main__ - DEBUG - [client.py:115] - sending message to server: (send_task_progress_to_server())
2024-08-18 21:13:04,876 - __main__ - DEBUG - [client.py:115] - sending message to server: (send_task_progress_to_server())
2024-08-18 21:13:05,389 - __main__ - DEBUG - [client.py:115] - sending message to server: (send_task_progress_to_server())
2024-08-18 21:13:05,903 - __main__ - DEBUG - [client.py:115] - sending message to server: (send_task_progress_to_server())
2024-08-18 21:13:06,419 - __main__ - DEBUG - [client.py:115] - sending message to server: (send_task_progress_to_server())
2024-08-18 21:13:06,949 - __main__ - DEBUG - [client.py:115] - sending message to server: (send_task_progress_to_server())
2024-08-18 21:13:07,384 - __main__ - DEBUG - [client.py:115] - sending message to server: (send_task_progress_to_server())
2024-08-18 21:13:07,929 - __main__ - DEBUG - [client.py:115] - sending message to server: (send_task_progress_to_server())
2024-08-18 21:13:08,473 - __main__ - DEBUG - [client.py:115] - sending message to server: (finish_task(): 88832207586)
2024-08-18 21:13:08,473 - __main__ - DEBUG - [client.py:115] - sending message to server: (send_status_to_server())
